[22:54:13] This is prokka 1.13
[22:54:13] Written by Torsten Seemann <torsten.seemann@gmail.com>
[22:54:13] Homepage is https://github.com/tseemann/prokka
[22:54:13] Local time is Fri Nov 16 22:54:13 2018
[22:54:13] You are linuxbrew
[22:54:13] Operating system is linux
[22:54:13] You have BioPerl 1.007002
[22:54:13] System has 40 cores.
[22:54:13] Will use maximum of 8 cores.
[22:54:13] Annotating as >>> Archaea <<<
[22:54:13] Generating locus_tag from '/projects/micb405/resources/project_2/2018/SaanichInlet_120m/MetaBAT2_SaanichInlet_120m//MedQPlus_MAGs/SaanichInlet_120m.123.fa' contents.
[22:54:13] Setting --locustag EBBJDNFC from MD5 ebb3d7fc39f9e6c1818aacd45940ed1d
[22:54:13] Creating new output folder: /home/cho_mb18/prokka_output/123/
[22:54:13] Running: mkdir -p \/home\/cho_mb18\/prokka_output\/123\/
[22:54:13] Using filename prefix: PROKKA_11162018.XXX
[22:54:13] Setting HMMER_NCPU=1
[22:54:13] Writing log to: /home/cho_mb18/prokka_output/123//PROKKA_11162018.log
[22:54:13] Command: /home/linuxbrew/.linuxbrew/bin/prokka --kingdom Archaea --outdir /home/cho_mb18/prokka_output/123/ --force /projects/micb405/resources/project_2/2018/SaanichInlet_120m/MetaBAT2_SaanichInlet_120m//MedQPlus_MAGs/SaanichInlet_120m.123.fa
[22:54:13] Appending to PATH: /home/linuxbrew/.linuxbrew/Cellar/prokka/1.13/bin
[22:54:13] Looking for 'aragorn' - found /home/linuxbrew/.linuxbrew/bin/aragorn
[22:54:13] Determined aragorn version is 1.2
[22:54:13] Looking for 'barrnap' - found /home/linuxbrew/.linuxbrew/bin/barrnap
[22:54:13] Determined barrnap version is 0.9
[22:54:13] Looking for 'blastp' - found /home/linuxbrew/.linuxbrew/bin/blastp
[22:54:13] Determined blastp version is 2.7
[22:54:13] Looking for 'cmpress' - found /home/linuxbrew/.linuxbrew/bin/cmpress
[22:54:13] Determined cmpress version is 1.1
[22:54:13] Looking for 'cmscan' - found /home/linuxbrew/.linuxbrew/bin/cmscan
[22:54:13] Determined cmscan version is 1.1
[22:54:13] Looking for 'egrep' - found /bin/egrep
[22:54:13] Looking for 'find' - found /usr/bin/find
[22:54:13] Looking for 'grep' - found /bin/grep
[22:54:13] Looking for 'hmmpress' - found /home/linuxbrew/.linuxbrew/bin/hmmpress
[22:54:13] Determined hmmpress version is 3.1
[22:54:13] Looking for 'hmmscan' - found /home/linuxbrew/.linuxbrew/bin/hmmscan
[22:54:13] Determined hmmscan version is 3.1
[22:54:13] Looking for 'java' - found /home/linuxbrew/.linuxbrew/bin/java
[22:54:13] Looking for 'less' - found /home/linuxbrew/.linuxbrew/bin/less
[22:54:13] Looking for 'makeblastdb' - found /home/linuxbrew/.linuxbrew/bin/makeblastdb
[22:54:13] Determined makeblastdb version is 2.7
[22:54:13] Looking for 'minced' - found /home/linuxbrew/.linuxbrew/bin/minced
[22:54:13] Determined minced version is 3.0
[22:54:13] Looking for 'parallel' - found /home/linuxbrew/.linuxbrew/bin/parallel
[22:54:13] Determined parallel version is 20180822
[22:54:13] Looking for 'prodigal' - found /home/linuxbrew/.linuxbrew/bin/prodigal
[22:54:13] Determined prodigal version is 2.6
[22:54:13] Looking for 'prokka-genbank_to_fasta_db' - found /home/linuxbrew/.linuxbrew/bin/prokka-genbank_to_fasta_db
[22:54:13] Looking for 'rnammer' - found /home/linuxbrew/.linuxbrew/bin/rnammer
[22:54:13] Determined rnammer version is 1.2
[22:54:13] Looking for 'sed' - found /bin/sed
[22:54:13] Looking for 'tbl2asn' - found /home/linuxbrew/.linuxbrew/bin/tbl2asn
[22:54:13] Determined tbl2asn version is 25.6
[22:54:13] Using genetic code table 11.
[22:54:13] Loading and checking input file: /projects/micb405/resources/project_2/2018/SaanichInlet_120m/MetaBAT2_SaanichInlet_120m//MedQPlus_MAGs/SaanichInlet_120m.123.fa
[22:54:14] Wrote 134 contigs totalling 1837394 bp.
[22:54:14] Predicting tRNAs and tmRNAs
[22:54:14] Running: aragorn -l -gc11  -w \/home\/cho_mb18\/prokka_output\/123\/\/PROKKA_11162018\.fna
[22:54:16] 1 tRNA-Leu [8112,8194] 35 (caa)
[22:54:16] 1 tRNA-Ser c[20755,20838] 35 (cga)
[22:54:16] 1 tRNA-Ile c[4875,4951] 35 (gat)
[22:54:16] 1 tRNA-Arg [3081,3157] 36 (gcg)
[22:54:16] 2 tRNA-Pro c[18226,18300] 37 (ggg)
[22:54:16] 1 tRNA-Ser [18699,18784] 35 (gga)
[22:54:16] 2 tRNA-Thr [20469,20543] 33 (ggt)
[22:54:16] 1 tRNA-Asn c[11815,11889] 35 (gtt)
[22:54:16] 1 tRNA-Gln c[21229,21301] 35 (ctg)
[22:54:16] 1 tRNA-Val [837,913] 35 (gac)
[22:54:16] 1 tRNA-Ala c[4642,4717] 34 (tgc)
[22:54:16] 1 tRNA-His c[10569,10641] 34 (gtg)
[22:54:16] 1 tRNA-Ser c[59069,59155] 36 (gct)
[22:54:16] 1 tRNA-Leu c[569,655] 37 (taa)
[22:54:16] 1 tRNA-Met c[32230,32303] 35 (cat)
[22:54:16] 1 tRNA-Lys c[1789,1864] 35 (ttt)
[22:54:16] 1 tRNA-Thr [8808,8884] 35 (tgt)
[22:54:16] 1 tRNA-Met [11321,11398] 36 (cat)
[22:54:16] 1 tRNA-Arg c[1480,1556] 36 (tcg)
[22:54:16] 1 tRNA-Ser c[5725,5810] 35 (tga)
[22:54:16] 1 tRNA-Thr c[4939,5013] 34 (cgt)
[22:54:16] 1 tRNA-Gly c[4673,4745] 33 (tcc)
[22:54:16] 1 tRNA-Arg [1347,1420] 34 (tcg)
[22:54:16] 2 tRNA-Arg [1434,1507] 34 (gcg)
[22:54:16] 1 tRNA-Gly c[11044,11115] 34 (gcc)
[22:54:16] 1 tRNA-Arg [2044,2118] 35 (cct)
[22:54:16] 1 tRNA-Pro [28493,28570] 37 (tgg)
[22:54:16] 1 tRNA-Glu c[5427,5501] 37 (ttc)
[22:54:16] 1 tRNA-Lys [4085,4161] 35 (ctt)
[22:54:16] 1 tRNA-Ala [57,130] 34 (tgc)
[22:54:16] 1 tRNA-Asp [599,672] 34 (gtc)
[22:54:16] 1 tRNA-Leu c[441,524] 37 (tag)
[22:54:16] 1 tRNA-Gln c[2771,2845] 35 (ttg)
[22:54:16] 1 tRNA-Phe [3816,3891] 34 (gaa)
[22:54:16] Found 34 tRNAs
[22:54:16] Predicting Ribosomal RNAs
[22:54:16] Running Barrnap with 8 threads
[22:54:17] 1 SaanichInlet_120m_123_112 2585 16S ribosomal RNA (partial)
[22:54:17] 2 SaanichInlet_120m_123_13 507 5S ribosomal RNA
[22:54:17] Found 2 rRNAs
[22:54:17] Skipping ncRNA search, enable with --rfam if desired.
[22:54:17] Total of 36 tRNA + rRNA features
[22:54:17] Searching for CRISPR repeats
[22:54:17] Found 0 CRISPRs
[22:54:17] Predicting coding sequences
[22:54:17] Contigs total 1837394 bp, so using single mode
[22:54:17] Running: prodigal -i \/home\/cho_mb18\/prokka_output\/123\/\/PROKKA_11162018\.fna -c -m -g 11 -p single -f sco -q
[22:54:20] Excluding CDS which overlaps existing RNA (rRNA) at SaanichInlet_120m_123_13:498..1421 on + strand
[22:54:20] Excluding CDS which overlaps existing RNA (tRNA) at SaanichInlet_120m_123_19:3540..4706 on + strand
[22:54:21] Excluding CDS which overlaps existing RNA (tRNA) at SaanichInlet_120m_123_68:1238..1531 on + strand
[22:54:21] Found 1508 CDS
[22:54:21] Connecting features back to sequences
[22:54:21] Not using genus-specific database. Try --usegenus to enable it.
[22:54:21] Annotating CDS, please be patient.
[22:54:21] Will use 8 CPUs for similarity searching.
[22:54:22] There are still 1508 unannotated CDS left (started with 1508)
[22:54:22] Will use blast to search against /home/linuxbrew/.linuxbrew/Cellar/prokka/1.13/bin/../db/kingdom/Archaea/sprot with 8 CPUs
[22:54:22] Running: cat \/home\/cho_mb18\/prokka_output\/123\/\/sprot\.faa | parallel --gnu --plain -j 8 --block 34491 --recstart '>' --pipe blastp -query - -db /home/linuxbrew/.linuxbrew/Cellar/prokka/1.13/bin/../db/kingdom/Archaea/sprot -evalue 1e-06 -num_threads 1 -num_descriptions 1 -num_alignments 1 -seg no > \/home\/cho_mb18\/prokka_output\/123\/\/sprot\.blast 2> /dev/null
[22:54:25] Modify product: Probable respiratory nitrate reductase subunit cytochrome b-561 => putative respiratory nitrate reductase subunit cytochrome b-561
[22:54:25] Modify product: Bifunctional protein FolD => Bifunctional protein FolD protein
[22:54:25] Modify product: Probable aminomethyltransferase => putative aminomethyltransferase
[22:54:25] Modify product: Probable aquaporin AqpM => putative aquaporin AqpM
[22:54:25] Modify product: Uncharacterized ABC transporter ATP-binding protein MJ0796 => putative ABC transporter ATP-binding protein
[22:54:25] Modify product: ATP-dependent DNA helicase Ta0057 => ATP-dependent DNA helicase
[22:54:25] Modify product: DNA-binding protein MTH_1615 => DNA-binding protein
[22:54:25] Modify product: UPF0273 protein PH0284 => hypothetical protein
[22:54:25] Modify product: Probable aspartokinase => putative aspartokinase
[22:54:25] Modify product: UPF0273 protein PH0284 => hypothetical protein
[22:54:25] Modify product: Uncharacterized KH and PIN-domain containing protein MJ1533 => putative KH and PIN-domain containing protein
[22:54:25] Modify product: UPF0201 protein MJ1564 => hypothetical protein
[22:54:25] Modify product: Uncharacterized protein MJ0609 => putative protein
[22:54:25] Modify product: Probable branched-chain amino acid transport ATP-binding protein LivG => putative branched-chain amino acid transport ATP-binding protein LivG
[22:54:25] Modify product: Probable branched-chain amino acid transport ATP-binding protein LivG => putative branched-chain amino acid transport ATP-binding protein LivG
[22:54:25] Modify product: Uncharacterized ABC transporter ATP-binding protein MJ0796 => putative ABC transporter ATP-binding protein
[22:54:25] Modify product: Uncharacterized ABC transporter ATP-binding protein MJ0796 => putative ABC transporter ATP-binding protein
[22:54:26] Modify product: Uncharacterized protein MJ0781 => putative protein
[22:54:26] Modify product: Zinc metalloprotease TldD homolog => Zinc metalloprotease TldD 
[22:54:26] Modify product: Probable translation initiation factor IF-2 => putative translation initiation factor IF-2
[22:54:26] Modify product: Probable deoxyhypusine synthase => putative deoxyhypusine synthase
[22:54:26] Modify product: Putative FKBP-type peptidyl-prolyl cis-trans isomerase MJ0825 => Putative FKBP-type peptidyl-prolyl cis-trans isomerase
[22:54:26] Modify product: Iron-sulfur flavoprotein MJ1083 => Iron-sulfur flavoprotein
[22:54:26] Modify product: Probable ribosome biogenesis protein SSO0551 => putative ribosome biogenesis protein
[22:54:26] Modify product: UPF0147 protein Ta0600 => hypothetical protein
[22:54:26] Modify product: Probable branched-chain amino acid transport ATP-binding protein LivG => putative branched-chain amino acid transport ATP-binding protein LivG
[22:54:26] Modify product: Probable ATP-dependent RNA helicase MJ0669 => putative ATP-dependent RNA helicase
[22:54:26] Modify product: Putative sulfur carrier protein Ta1170/Ta1414 => Putative sulfur carrier protein/Ta1414
[22:54:26] Modify product: Probable tRNA pseudouridine synthase B => putative tRNA pseudouridine synthase B
[22:54:26] Modify product: Probable thymidylate kinase => putative thymidylate kinase
[22:54:26] Modify product: Protein translation factor SUI1 homolog => Protein translation factor SUI1 
[22:54:26] Modify product: UPF0235 protein MTH_637 => hypothetical protein
[22:54:26] Modify product: Uncharacterized HTH-type transcriptional regulator PH1519 => putative HTH-type transcriptional regulator
[22:54:26] Modify product: Uncharacterized isochorismatase family protein HVO_2328 => putative isochorismatase family protein
[22:54:26] Modify product: Uncharacterized protein MJ0781 => putative protein
[22:54:26] Modify product: Probable ribosomal RNA small subunit methyltransferase A => putative ribosomal RNA small subunit methyltransferase A
[22:54:26] Modify product: Uncharacterized ABC transporter ATP-binding protein MJ0796 => putative ABC transporter ATP-binding protein
[22:54:26] Modify product: Uncharacterized HTH-type transcriptional regulator PH1519 => putative HTH-type transcriptional regulator
[22:54:26] Modify product: Probable transaldolase => putative transaldolase
[22:54:26] Modify product: Uncharacterized HTH-type transcriptional regulator PH0140 => putative HTH-type transcriptional regulator
[22:54:26] Modify product: UPF0107 protein AF_0055 => hypothetical protein
[22:54:26] Modify product: Probable tRNA pseudouridine synthase D => putative tRNA pseudouridine synthase D
[22:54:26] Modify product: Uncharacterized protein MJ0781 => putative protein
[22:54:26] Modify product: Probable cyclic pyranopterin monophosphate synthase => putative cyclic pyranopterin monophosphate synthase
[22:54:26] Modify product: Probable molybdopterin synthase => putative molybdopterin synthase
[22:54:26] Modify product: Probable 6-oxopurine nucleoside phosphorylase => putative 6-oxopurine nucleoside phosphorylase
[22:54:26] Modify product: Probable RNA 2'-phosphotransferase => putative RNA 2'-phosphotransferase
[22:54:26] Modify product: Protein pelota homolog => Protein pelota 
[22:54:26] Modify product: Uncharacterized ABC transporter ATP-binding protein MJ0796 => putative ABC transporter ATP-binding protein
[22:54:26] Modify product: UPF0200/UPF0201 protein AF_1395 => hypothetical protein
[22:54:26] Modify product: Probable copper-exporting P-type ATPase => putative copper-exporting P-type ATPase
[22:54:26] Modify product: Probable branched-chain amino acid transport ATP-binding protein LivG => putative branched-chain amino acid transport ATP-binding protein LivG
[22:54:26] Modify product: Uncharacterized ABC transporter ATP-binding protein MJ0796 => putative ABC transporter ATP-binding protein
[22:54:26] Modify product: Probable branched-chain amino acid transport ATP-binding protein LivG => putative branched-chain amino acid transport ATP-binding protein LivG
[22:54:26] Modify product: Uncharacterized NOP5 family protein MJ0694 => putative NOP5 family protein
[22:54:26] Cleaned 55 /product names
[22:54:26] Deleting unwanted file: /home/cho_mb18/prokka_output/123//sprot.faa
[22:54:26] Deleting unwanted file: /home/cho_mb18/prokka_output/123//sprot.blast
[22:54:27] There are still 1051 unannotated CDS left (started with 1508)
[22:54:27] Will use hmmer3 to search against /home/linuxbrew/.linuxbrew/Cellar/prokka/1.13/bin/../db/hmm/HAMAP.hmm with 8 CPUs
[22:54:27] Running: cat \/home\/cho_mb18\/prokka_output\/123\/\/HAMAP\.hmm\.faa | parallel --gnu --plain -j 8 --block 23972 --recstart '>' --pipe hmmscan --noali --notextw --acc -E 1e-06 --cpu 1 /home/linuxbrew/.linuxbrew/Cellar/prokka/1.13/bin/../db/hmm/HAMAP.hmm /dev/stdin > \/home\/cho_mb18\/prokka_output\/123\/\/HAMAP\.hmm\.hmmer3 2> /dev/null
[22:54:41] Deleting unwanted file: /home/cho_mb18/prokka_output/123//HAMAP.hmm.faa
[22:54:41] Deleting unwanted file: /home/cho_mb18/prokka_output/123//HAMAP.hmm.hmmer3
[22:54:41] Labelling remaining 876 proteins as 'hypothetical protein'
[22:54:41] Possible /pseudo 'putative branched-chain amino acid transport ATP-binding protein LivG' at SaanichInlet_120m_123_2 position 17498
[22:54:41] Possible /pseudo 'Flagellin A2' at SaanichInlet_120m_123_42 position 11594
[22:54:41] Possible /pseudo '1-deoxy-D-xylulose-5-phosphate synthase' at SaanichInlet_120m_123_59 position 10773
[22:54:41] Possible /pseudo 'Peptidyl-tRNA hydrolase' at SaanichInlet_120m_123_100 position 4028
[22:54:41] Found 410 unique /gene codes.
[22:54:41] Fixed 2 duplicate /gene - glpE_1 glpE_2
[22:54:41] Fixed 2 duplicate /gene - proS_1 proS_2
[22:54:41] Fixed 2 duplicate /gene - MCM_1 MCM_2
[22:54:41] Fixed 2 duplicate /gene - mshA_1 mshA_2
[22:54:41] Fixed 2 duplicate /gene - rnr_1 rnr_2
[22:54:41] Fixed 4 duplicate /gene - caiA_1 caiA_2 caiA_3 caiA_4
[22:54:41] Fixed 3 duplicate /gene - gloB_1 gloB_2 gloB_3
[22:54:41] Fixed 2 duplicate /gene - rppH_1 rppH_2
[22:54:41] Fixed 4 duplicate /gene - smc_1 smc_2 smc_3 smc_4
[22:54:41] Fixed 2 duplicate /gene - asd_1 asd_2
[22:54:41] Fixed 2 duplicate /gene - pccA_1 pccA_2
[22:54:41] Fixed 2 duplicate /gene - pepQ_1 pepQ_2
[22:54:41] Fixed 5 duplicate /gene - pepX_1 pepX_2 pepX_3 pepX_4 pepX_5
[22:54:41] Fixed 2 duplicate /gene - glmU_1 glmU_2
[22:54:41] Fixed 2 duplicate /gene - ribA_1 ribA_2
[22:54:41] Fixed 5 duplicate /gene - rhaD_1 rhaD_2 rhaD_3 rhaD_4 rhaD_5
[22:54:41] Fixed 2 duplicate /gene - pol_1 pol_2
[22:54:41] Fixed 2 duplicate /gene - rbn_1 rbn_2
[22:54:41] Fixed 5 duplicate /gene - livG_1 livG_2 livG_3 livG_4 livG_5
[22:54:41] Fixed 2 duplicate /gene - tfrB_1 tfrB_2
[22:54:41] Fixed 3 duplicate /gene - polC_1 polC_2 polC_3
[22:54:41] Fixed 2 duplicate /gene - prsA_1 prsA_2
[22:54:41] Fixed 2 duplicate /gene - fumC_1 fumC_2
[22:54:41] Fixed 2 duplicate /gene - pyrE_1 pyrE_2
[22:54:41] Fixed 2 duplicate /gene - tfb_1 tfb_2
[22:54:41] Fixed 2 duplicate /gene - pycA_1 pycA_2
[22:54:41] Fixed 2 duplicate /gene - mutS2_1 mutS2_2
[22:54:41] Fixed 2 duplicate /gene - dnaJ_1 dnaJ_2
[22:54:41] Fixed 2 duplicate /gene - tuf_1 tuf_2
[22:54:41] Fixed 2 duplicate /gene - aglC_1 aglC_2
[22:54:41] Fixed 2 duplicate /gene - hcy_1 hcy_2
[22:54:41] Fixed 2 duplicate /gene - tatC_1 tatC_2
[22:54:41] Fixed 2 duplicate /gene - gpmA_1 gpmA_2
[22:54:41] Fixed 3 duplicate /gene - pccB_1 pccB_2 pccB_3
[22:54:41] Fixed 2 duplicate /gene - sufS_1 sufS_2
[22:54:41] Fixed 2 duplicate /gene - fcl_1 fcl_2
[22:54:41] Fixed 4 duplicate /gene - dxs_1 dxs_2 dxs_3 dxs_4
[22:54:41] Fixed 3 duplicate /gene - ileS_1 ileS_2 ileS_3
[22:54:41] Fixed 3 duplicate /gene - aglK_1 aglK_2 aglK_3
[22:54:41] Fixed 2 duplicate /gene - hdrB_1 hdrB_2
[22:54:41] Fixed 2 duplicate /gene - ubiE_1 ubiE_2
[22:54:41] Fixed 2 duplicate /gene - pth_1 pth_2
[22:54:41] Fixed 2 duplicate /gene - yjgF_1 yjgF_2
[22:54:41] Fixed 2 duplicate /gene - dadD_1 dadD_2
[22:54:41] Fixed 2 duplicate /gene - fadJ_1 fadJ_2
[22:54:41] Fixed 6 duplicate /gene - malK_1 malK_2 malK_3 malK_4 malK_5 malK_6
[22:54:41] Fixed 2 duplicate /gene - cofH_1 cofH_2
[22:54:41] Fixed 2 duplicate /gene - rfcS_1 rfcS_2
[22:54:41] Fixed 2 duplicate /gene - tfrA_1 tfrA_2
[22:54:41] Fixed 2 duplicate /gene - guaAA_1 guaAA_2
[22:54:41] Fixed 4 duplicate /gene - glmS_1 glmS_2 glmS_3 glmS_4
[22:54:41] Fixed 2 duplicate /gene - purP_1 purP_2
[22:54:41] Fixed 2 duplicate /gene - flgA2_1 flgA2_2
[22:54:41] Fixed 3 duplicate /gene - fadA_1 fadA_2 fadA_3
[22:54:41] Fixed 54 colliding /gene names.
[22:54:41] Adding /locus_tag identifiers
[22:54:41] Assigned 1544 locus_tags to CDS and RNA features.
[22:54:41] Writing outputs to /home/cho_mb18/prokka_output/123//
[22:54:42] Generating annotation statistics file
[22:54:42] Generating Genbank and Sequin files
[22:54:42] Running: tbl2asn -V b -a r10k -l paired-ends -M n -N 1 -y 'Annotated using prokka 1.13 from https://github.com/tseemann/prokka' -Z \/home\/cho_mb18\/prokka_output\/123\/\/PROKKA_11162018\.err -i \/home\/cho_mb18\/prokka_output\/123\/\/PROKKA_11162018\.fsa 2> /dev/null
[22:54:46] Deleting unwanted file: /home/cho_mb18/prokka_output/123//errorsummary.val
[22:54:46] Deleting unwanted file: /home/cho_mb18/prokka_output/123//PROKKA_11162018.dr
[22:54:46] Deleting unwanted file: /home/cho_mb18/prokka_output/123//PROKKA_11162018.fixedproducts
[22:54:46] Deleting unwanted file: /home/cho_mb18/prokka_output/123//PROKKA_11162018.ecn
[22:54:46] Deleting unwanted file: /home/cho_mb18/prokka_output/123//PROKKA_11162018.val
[22:54:46] Repairing broken .GBK output that tbl2asn produces...
[22:54:46] Running: sed 's/COORDINATES: profile/COORDINATES:profile/' < \/home\/cho_mb18\/prokka_output\/123\/\/PROKKA_11162018\.gbf > \/home\/cho_mb18\/prokka_output\/123\/\/PROKKA_11162018\.gbk
[22:54:46] Deleting unwanted file: /home/cho_mb18/prokka_output/123//PROKKA_11162018.gbf
[22:54:46] Output files:
[22:54:46] /home/cho_mb18/prokka_output/123/PROKKA_11162018.log
[22:54:46] /home/cho_mb18/prokka_output/123/PROKKA_11162018.fna
[22:54:46] /home/cho_mb18/prokka_output/123/PROKKA_11162018.gff
[22:54:46] /home/cho_mb18/prokka_output/123/PROKKA_11162018.faa
[22:54:46] /home/cho_mb18/prokka_output/123/PROKKA_11162018.ffn
[22:54:46] /home/cho_mb18/prokka_output/123/PROKKA_11162018.tbl
[22:54:46] /home/cho_mb18/prokka_output/123/PROKKA_11162018.fsa
[22:54:46] /home/cho_mb18/prokka_output/123/PROKKA_11162018.tsv
[22:54:46] /home/cho_mb18/prokka_output/123/PROKKA_11162018.txt
[22:54:46] /home/cho_mb18/prokka_output/123/PROKKA_11162018.gbk
[22:54:46] /home/cho_mb18/prokka_output/123/PROKKA_11162018.sqn
[22:54:46] /home/cho_mb18/prokka_output/123/PROKKA_11162018.err
[22:54:46] Annotation finished successfully.
[22:54:46] Walltime used: 0.55 minutes
[22:54:46] If you use this result please cite the Prokka paper:
[22:54:46] Seemann T (2014) Prokka: rapid prokaryotic genome annotation. Bioinformatics. 30(14):2068-9.
[22:54:46] Type 'prokka --citation' for more details.
[22:54:46] Share and enjoy!
