[00:04:37] This is prokka 1.13
[00:04:37] Written by Torsten Seemann <torsten.seemann@gmail.com>
[00:04:37] Homepage is https://github.com/tseemann/prokka
[00:04:37] Local time is Sat Nov 17 00:04:37 2018
[00:04:37] You are linuxbrew
[00:04:37] Operating system is linux
[00:04:37] You have BioPerl 1.007002
[00:04:37] System has 40 cores.
[00:04:37] Will use maximum of 8 cores.
[00:04:37] Annotating as >>> Archaea <<<
[00:04:37] Generating locus_tag from '/projects/micb405/resources/project_2/2018/SaanichInlet_120m/MetaBAT2_SaanichInlet_120m//MedQPlus_MAGs/SaanichInlet_120m.292.fa' contents.
[00:04:37] Setting --locustag HDBKDGKL from MD5 1db4d045b69969ca24494ca46b93e407
[00:04:37] Creating new output folder: /home/cho_mb18/prokka_output/292/
[00:04:37] Running: mkdir -p \/home\/cho_mb18\/prokka_output\/292\/
[00:04:37] Using filename prefix: PROKKA_11172018.XXX
[00:04:37] Setting HMMER_NCPU=1
[00:04:37] Writing log to: /home/cho_mb18/prokka_output/292//PROKKA_11172018.log
[00:04:37] Command: /home/linuxbrew/.linuxbrew/bin/prokka --kingdom Archaea --outdir /home/cho_mb18/prokka_output/292/ --force /projects/micb405/resources/project_2/2018/SaanichInlet_120m/MetaBAT2_SaanichInlet_120m//MedQPlus_MAGs/SaanichInlet_120m.292.fa
[00:04:37] Appending to PATH: /home/linuxbrew/.linuxbrew/Cellar/prokka/1.13/bin
[00:04:37] Looking for 'aragorn' - found /home/linuxbrew/.linuxbrew/bin/aragorn
[00:04:37] Determined aragorn version is 1.2
[00:04:37] Looking for 'barrnap' - found /home/linuxbrew/.linuxbrew/bin/barrnap
[00:04:37] Determined barrnap version is 0.9
[00:04:37] Looking for 'blastp' - found /home/linuxbrew/.linuxbrew/bin/blastp
[00:04:37] Determined blastp version is 2.7
[00:04:37] Looking for 'cmpress' - found /home/linuxbrew/.linuxbrew/bin/cmpress
[00:04:38] Determined cmpress version is 1.1
[00:04:38] Looking for 'cmscan' - found /home/linuxbrew/.linuxbrew/bin/cmscan
[00:04:38] Determined cmscan version is 1.1
[00:04:38] Looking for 'egrep' - found /bin/egrep
[00:04:38] Looking for 'find' - found /usr/bin/find
[00:04:38] Looking for 'grep' - found /bin/grep
[00:04:38] Looking for 'hmmpress' - found /home/linuxbrew/.linuxbrew/bin/hmmpress
[00:04:38] Determined hmmpress version is 3.1
[00:04:38] Looking for 'hmmscan' - found /home/linuxbrew/.linuxbrew/bin/hmmscan
[00:04:38] Determined hmmscan version is 3.1
[00:04:38] Looking for 'java' - found /home/linuxbrew/.linuxbrew/bin/java
[00:04:38] Looking for 'less' - found /home/linuxbrew/.linuxbrew/bin/less
[00:04:38] Looking for 'makeblastdb' - found /home/linuxbrew/.linuxbrew/bin/makeblastdb
[00:04:38] Determined makeblastdb version is 2.7
[00:04:38] Looking for 'minced' - found /home/linuxbrew/.linuxbrew/bin/minced
[00:04:38] Determined minced version is 3.0
[00:04:38] Looking for 'parallel' - found /home/linuxbrew/.linuxbrew/bin/parallel
[00:04:39] Determined parallel version is 20180822
[00:04:39] Looking for 'prodigal' - found /home/linuxbrew/.linuxbrew/bin/prodigal
[00:04:39] Determined prodigal version is 2.6
[00:04:39] Looking for 'prokka-genbank_to_fasta_db' - found /home/linuxbrew/.linuxbrew/bin/prokka-genbank_to_fasta_db
[00:04:39] Looking for 'rnammer' - found /home/linuxbrew/.linuxbrew/bin/rnammer
[00:04:39] Determined rnammer version is 1.2
[00:04:39] Looking for 'sed' - found /bin/sed
[00:04:39] Looking for 'tbl2asn' - found /home/linuxbrew/.linuxbrew/bin/tbl2asn
[00:04:39] Determined tbl2asn version is 25.6
[00:04:39] Using genetic code table 11.
[00:04:39] Loading and checking input file: /projects/micb405/resources/project_2/2018/SaanichInlet_120m/MetaBAT2_SaanichInlet_120m//MedQPlus_MAGs/SaanichInlet_120m.292.fa
[00:04:39] Wrote 134 contigs totalling 1870816 bp.
[00:04:39] Predicting tRNAs and tmRNAs
[00:04:39] Running: aragorn -l -gc11  -w \/home\/cho_mb18\/prokka_output\/292\/\/PROKKA_11172018\.fna
[00:04:41] 1 tRNA-Pro c[12901,12976] 37 (ggg)
[00:04:41] 1 tRNA-Glu c[10207,10284] 37 (ttc)
[00:04:41] 1 tRNA-Met [45640,45717] 36 (cat)
[00:04:41] 1 tRNA-Gln c[58614,58689] 35 (ctg)
[00:04:41] 1 tRNA-Ser c[49161,49246] 35 (cga)
[00:04:41] 1 tRNA-Gly [14589,14662] 34 (tcc)
[00:04:41] 1 tRNA-Met [10393,10467] 35 (cat)
[00:04:41] 1 tRNA-Ala c[15717,15792] 34 (tgc)
[00:04:41] 1 tRNA-Arg [29719,29795] 36 (gcg)
[00:04:41] 1 tRNA-Val [36,110] 35 (gac)
[00:04:41] 1 tRNA-Ser [5090,5173] 35 (tga)
[00:04:41] 2 tRNA-Arg c[8907,8981] 36 (tcg)
[00:04:41] 1 tRNA-Phe [6557,6631] 34 (gaa)
[00:04:41] 1 tRNA-Val c[38,112] 35 (gac)
[00:04:41] 1 tRNA-Asn [2726,2800] 34 (gtt)
[00:04:41] 1 tRNA-Thr c[3848,3922] 33 (ggt)
[00:04:41] 2 tRNA-Ser c[3976,4061] 35 (gga)
[00:04:41] 1 tRNA-Ile [13711,13787] 35 (gat)
[00:04:41] 1 tRNA-Leu c[14807,14893] 37 (gag)
[00:04:41] 1 tRNA-Arg c[3220,3295] 35 (tct)
[00:04:41] 1 tRNA-Leu c[6257,6341] 35 (caa)
[00:04:41] 1 tRNA-Gln [1012,1085] 35 (ttg)
[00:04:41] 1 tRNA-Ala c[995,1070] 34 (tgc)
[00:04:42] 1 tRNA-Thr c[2995,3070] 34 (tgt)
[00:04:42] 1 tRNA-Leu [7802,7888] 36 (taa)
[00:04:42] 1 tRNA-His c[6735,6809] 34 (gtg)
[00:04:42] 1 tRNA-Arg [4371,4445] 34 (tcg)
[00:04:42] 1 tRNA-Lys c[8807,8882] 35 (ctt)
[00:04:42] 1 tRNA-Ala c[1503,1578] 34 (ggc)
[00:04:42] 2 tRNA-Arg [2271,2347] 36 (tct)
[00:04:42] 1 tRNA-Glu c[5901,5974] 35 (ctc)
[00:04:42] 1 tRNA-Ser [703,789] 36 (gct)
[00:04:42] 1 tRNA-Asp [3824,3897] 34 (gtc)
[00:04:42] 1 tRNA-Cys [813,883] 33 (gca)
[00:04:42] 1 tRNA-Lys c[5054,5129] 35 (ttt)
[00:04:42] 1 tRNA-Arg [986,1062] 35 (cct)
[00:04:42] 1 tRNA-Leu c[1586,1672] 37 (tag)
[00:04:42] 1 tRNA-Pro c[3429,3506] 37 (tgg)
[00:04:42] 1 tRNA-Gly c[4070,4144] 34 (gcc)
[00:04:42] Found 39 tRNAs
[00:04:42] Predicting Ribosomal RNAs
[00:04:42] Running Barrnap with 8 threads
[00:04:45] 1 SaanichInlet_120m_292_111 2 16S ribosomal RNA (partial)
[00:04:45] 2 SaanichInlet_120m_292_33 21570 5S ribosomal RNA
[00:04:45] 3 SaanichInlet_120m_292_93 6951 23S ribosomal RNA (partial)
[00:04:45] 4 SaanichInlet_120m_292_93 6960 5.8S ribosomal RNA (partial)
[00:04:45] Found 4 rRNAs
[00:04:45] Skipping ncRNA search, enable with --rfam if desired.
[00:04:45] Total of 43 tRNA + rRNA features
[00:04:45] Searching for CRISPR repeats
[00:04:47] Found 0 CRISPRs
[00:04:47] Predicting coding sequences
[00:04:47] Contigs total 1870816 bp, so using single mode
[00:04:47] Running: prodigal -i \/home\/cho_mb18\/prokka_output\/292\/\/PROKKA_11172018\.fna -c -m -g 11 -p single -f sco -q
[00:04:51] Excluding CDS which overlaps existing RNA (tRNA) at SaanichInlet_120m_292_17:14595..16118 on + strand
[00:04:51] Excluding CDS which overlaps existing RNA (tRNA) at SaanichInlet_120m_292_28:5133..6692 on + strand
[00:04:52] Excluding CDS which overlaps existing RNA (tRNA) at SaanichInlet_120m_292_100:2224..2469 on - strand
[00:04:52] Excluding CDS which overlaps existing RNA (tRNA) at SaanichInlet_120m_292_105:3897..4025 on - strand
[00:04:52] Excluding CDS which overlaps existing RNA (tRNA) at SaanichInlet_120m_292_130:2554..3450 on + strand
[00:04:52] Found 1528 CDS
[00:04:52] Connecting features back to sequences
[00:04:52] Not using genus-specific database. Try --usegenus to enable it.
[00:04:52] Annotating CDS, please be patient.
[00:04:52] Will use 8 CPUs for similarity searching.
[00:04:54] There are still 1528 unannotated CDS left (started with 1528)
[00:04:54] Will use blast to search against /home/linuxbrew/.linuxbrew/Cellar/prokka/1.13/bin/../db/kingdom/Archaea/sprot with 8 CPUs
[00:04:54] Running: cat \/home\/cho_mb18\/prokka_output\/292\/\/sprot\.faa | parallel --gnu --plain -j 8 --block 35430 --recstart '>' --pipe blastp -query - -db /home/linuxbrew/.linuxbrew/Cellar/prokka/1.13/bin/../db/kingdom/Archaea/sprot -evalue 1e-06 -num_threads 1 -num_descriptions 1 -num_alignments 1 -seg no > \/home\/cho_mb18\/prokka_output\/292\/\/sprot\.blast 2> /dev/null
[00:05:01] Modify product: Probable ribosome biogenesis protein SSO0551 => putative ribosome biogenesis protein
[00:05:01] Modify product: Probable transaldolase => putative transaldolase
[00:05:01] Modify product: Probable bifunctional tRNA threonylcarbamoyladenosine biosynthesis protein => putative bifunctional tRNA threonylcarbamoyladenosine biosynthesis protein
[00:05:01] Modify product: Probable ribosomal RNA small subunit methyltransferase A => putative ribosomal RNA small subunit methyltransferase A
[00:05:01] Modify product: Uncharacterized ABC transporter ATP-binding protein MJ0796 => putative ABC transporter ATP-binding protein
[00:05:02] Modify product: Uncharacterized HTH-type transcriptional regulator PH0140 => putative HTH-type transcriptional regulator
[00:05:02] Modify product: Uncharacterized ABC transporter ATP-binding protein MJ0796 => putative ABC transporter ATP-binding protein
[00:05:02] Modify product: Probable branched-chain amino acid transport ATP-binding protein LivG => putative branched-chain amino acid transport ATP-binding protein LivG
[00:05:02] Modify product: Probable thymidylate kinase => putative thymidylate kinase
[00:05:02] Modify product: Probable homocitrate synthase AksA => putative homocitrate synthase AksA
[00:05:02] Modify product: Uncharacterized protein MJ0609 => putative protein
[00:05:02] Modify product: Probable RNA 2'-phosphotransferase => putative RNA 2'-phosphotransferase
[00:05:02] Modify product: Ribosome maturation protein SDO1 homolog => Ribosome maturation protein SDO1 
[00:05:02] Modify product: UPF0201 protein MJ1564 => hypothetical protein
[00:05:02] Modify product: Putative FKBP-type peptidyl-prolyl cis-trans isomerase MJ0825 => Putative FKBP-type peptidyl-prolyl cis-trans isomerase
[00:05:02] Modify product: Uncharacterized NOP5 family protein MJ0694 => putative NOP5 family protein
[00:05:02] Modify product: UPF0200/UPF0201 protein AF_1395 => hypothetical protein
[00:05:02] Modify product: Uncharacterized protein MJ0781 => putative protein
[00:05:02] Modify product: Probable ATP-dependent RNA helicase MJ0669 => putative ATP-dependent RNA helicase
[00:05:02] Modify product: [Protein ADP-ribosylglutamate] hydrolase AF_1521 => [Protein ADP-ribosylglutamate] hydrolase
[00:05:02] Modify product: DNA-binding protein MTH_1615 => DNA-binding protein
[00:05:02] Modify product: Probable aminomethyltransferase => putative aminomethyltransferase
[00:05:02] Modify product: Uncharacterized ABC transporter ATP-binding protein MJ0796 => putative ABC transporter ATP-binding protein
[00:05:02] Modify product: Probable deoxyhypusine synthase => putative deoxyhypusine synthase
[00:05:02] Modify product: Probable translation initiation factor IF-2 => putative translation initiation factor IF-2
[00:05:02] Modify product: Uncharacterized ABC transporter ATP-binding protein MJ0796 => putative ABC transporter ATP-binding protein
[00:05:02] Modify product: Probable branched-chain amino acid transport ATP-binding protein LivG => putative branched-chain amino acid transport ATP-binding protein LivG
[00:05:02] Modify product: Uncharacterized KH and PIN-domain containing protein MJ1533 => putative KH and PIN-domain containing protein
[00:05:02] Modify product: Uncharacterized protein MJ0781 => putative protein
[00:05:02] Modify product: Zinc metalloprotease TldD homolog => Zinc metalloprotease TldD 
[00:05:02] Modify product: UPF0273 protein PH0284 => hypothetical protein
[00:05:02] Modify product: UPF0107 protein AF_0055 => hypothetical protein
[00:05:02] Modify product: Uncharacterized protein MJ0781 => putative protein
[00:05:02] Modify product: Uncharacterized ABC transporter ATP-binding protein MJ0796 => putative ABC transporter ATP-binding protein
[00:05:02] Modify product: Probable branched-chain amino acid transport ATP-binding protein LivG => putative branched-chain amino acid transport ATP-binding protein LivG
[00:05:03] Modify product: Probable copper-exporting P-type ATPase => putative copper-exporting P-type ATPase
[00:05:03] Modify product: Probable branched-chain amino acid transport ATP-binding protein LivG => putative branched-chain amino acid transport ATP-binding protein LivG
[00:05:03] Modify product: Protein translation factor SUI1 homolog => Protein translation factor SUI1 
[00:05:03] Modify product: Bifunctional protein FolD => Bifunctional protein FolD protein
[00:05:03] Modify product: ATP-dependent DNA helicase Ta0057 => ATP-dependent DNA helicase
[00:05:03] Modify product: Probable ATP-dependent RNA helicase MJ0669 => putative ATP-dependent RNA helicase
[00:05:03] Modify product: Putative sulfur carrier protein Ta1170/Ta1414 => Putative sulfur carrier protein/Ta1414
[00:05:03] Modify product: Probable tRNA pseudouridine synthase B => putative tRNA pseudouridine synthase B
[00:05:03] Modify product: Probable ATP-dependent RNA helicase MJ0669 => putative ATP-dependent RNA helicase
[00:05:03] Modify product: Probable cyclic pyranopterin monophosphate synthase => putative cyclic pyranopterin monophosphate synthase
[00:05:03] Modify product: Probable molybdopterin synthase => putative molybdopterin synthase
[00:05:03] Modify product: Uncharacterized protein MJ0609 => putative protein
[00:05:03] Modify product: Probable aspartokinase => putative aspartokinase
[00:05:03] Modify product: UPF0147 protein Ta0600 => hypothetical protein
[00:05:03] Modify product: Trk system potassium uptake protein TrkA homolog => Trk system potassium uptake protein TrkA 
[00:05:03] Modify product: Uncharacterized ABC transporter ATP-binding protein MJ0796 => putative ABC transporter ATP-binding protein
[00:05:03] Modify product: UPF0273 protein PH0284 => hypothetical protein
[00:05:03] Modify product: Probable tRNA pseudouridine synthase D => putative tRNA pseudouridine synthase D
[00:05:03] Modify product: Probable respiratory nitrate reductase subunit cytochrome b-561 => putative respiratory nitrate reductase subunit cytochrome b-561
[00:05:03] Modify product: Uncharacterized HTH-type transcriptional regulator PH1519 => putative HTH-type transcriptional regulator
[00:05:03] Modify product: Probable copper-exporting P-type ATPase => putative copper-exporting P-type ATPase
[00:05:03] Modify product: Uncharacterized ABC transporter ATP-binding protein MJ0796 => putative ABC transporter ATP-binding protein
[00:05:03] Modify product: Uncharacterized ABC transporter ATP-binding protein MJ0796 => putative ABC transporter ATP-binding protein
[00:05:03] Cleaned 58 /product names
[00:05:03] Deleting unwanted file: /home/cho_mb18/prokka_output/292//sprot.faa
[00:05:03] Deleting unwanted file: /home/cho_mb18/prokka_output/292//sprot.blast
[00:05:04] There are still 1056 unannotated CDS left (started with 1528)
[00:05:04] Will use hmmer3 to search against /home/linuxbrew/.linuxbrew/Cellar/prokka/1.13/bin/../db/hmm/HAMAP.hmm with 8 CPUs
[00:05:04] Running: cat \/home\/cho_mb18\/prokka_output\/292\/\/HAMAP\.hmm\.faa | parallel --gnu --plain -j 8 --block 24327 --recstart '>' --pipe hmmscan --noali --notextw --acc -E 1e-06 --cpu 1 /home/linuxbrew/.linuxbrew/Cellar/prokka/1.13/bin/../db/hmm/HAMAP.hmm /dev/stdin > \/home\/cho_mb18\/prokka_output\/292\/\/HAMAP\.hmm\.hmmer3 2> /dev/null
[00:05:33] Deleting unwanted file: /home/cho_mb18/prokka_output/292//HAMAP.hmm.faa
[00:05:33] Deleting unwanted file: /home/cho_mb18/prokka_output/292//HAMAP.hmm.hmmer3
[00:05:33] Labelling remaining 872 proteins as 'hypothetical protein'
[00:05:33] Possible /pseudo 'Peptidyl-tRNA hydrolase' at SaanichInlet_120m_292_23 position 12265
[00:05:33] Possible /pseudo '1-deoxy-D-xylulose-5-phosphate synthase' at SaanichInlet_120m_292_27 position 37000
[00:05:33] Possible /pseudo 'Flagellin A2' at SaanichInlet_120m_292_42 position 21156
[00:05:33] Found 429 unique /gene codes.
[00:05:33] Fixed 2 duplicate /gene - phr_1 phr_2
[00:05:33] Fixed 2 duplicate /gene - thsA_1 thsA_2
[00:05:33] Fixed 2 duplicate /gene - pfdA_1 pfdA_2
[00:05:33] Fixed 2 duplicate /gene - glpE_1 glpE_2
[00:05:33] Fixed 2 duplicate /gene - cofH_1 cofH_2
[00:05:33] Fixed 2 duplicate /gene - ilvE_1 ilvE_2
[00:05:33] Fixed 2 duplicate /gene - pccA_1 pccA_2
[00:05:33] Fixed 2 duplicate /gene - fumC_1 fumC_2
[00:05:33] Fixed 2 duplicate /gene - idsA_1 idsA_2
[00:05:33] Fixed 2 duplicate /gene - pycA_1 pycA_2
[00:05:33] Fixed 2 duplicate /gene - dadD_1 dadD_2
[00:05:33] Fixed 2 duplicate /gene - proS_1 proS_2
[00:05:33] Fixed 2 duplicate /gene - tfrB_1 tfrB_2
[00:05:33] Fixed 2 duplicate /gene - asd_1 asd_2
[00:05:33] Fixed 3 duplicate /gene - fcl_1 fcl_2 fcl_3
[00:05:33] Fixed 2 duplicate /gene - tuf_1 tuf_2
[00:05:33] Fixed 3 duplicate /gene - btuD_1 btuD_2 btuD_3
[00:05:33] Fixed 4 duplicate /gene - smc_1 smc_2 smc_3 smc_4
[00:05:33] Fixed 3 duplicate /gene - mshA_1 mshA_2 mshA_3
[00:05:33] Fixed 2 duplicate /gene - flgA2_1 flgA2_2
[00:05:33] Fixed 2 duplicate /gene - mobA_1 mobA_2
[00:05:33] Fixed 2 duplicate /gene - hcy_1 hcy_2
[00:05:33] Fixed 2 duplicate /gene - gcvH_1 gcvH_2
[00:05:33] Fixed 2 duplicate /gene - rfcS_1 rfcS_2
[00:05:33] Fixed 2 duplicate /gene - ribA_1 ribA_2
[00:05:33] Fixed 2 duplicate /gene - hdrB_1 hdrB_2
[00:05:33] Fixed 3 duplicate /gene - gloB_1 gloB_2 gloB_3
[00:05:33] Fixed 3 duplicate /gene - glmS_1 glmS_2 glmS_3
[00:05:33] Fixed 2 duplicate /gene - nudF_1 nudF_2
[00:05:33] Fixed 2 duplicate /gene - dnaJ_1 dnaJ_2
[00:05:33] Fixed 3 duplicate /gene - pepX_1 pepX_2 pepX_3
[00:05:33] Fixed 2 duplicate /gene - ppaC_1 ppaC_2
[00:05:33] Fixed 2 duplicate /gene - rplU_1 rplU_2
[00:05:33] Fixed 2 duplicate /gene - glmU_1 glmU_2
[00:05:33] Fixed 2 duplicate /gene - aglJ_1 aglJ_2
[00:05:33] Fixed 5 duplicate /gene - malK_1 malK_2 malK_3 malK_4 malK_5
[00:05:33] Fixed 2 duplicate /gene - ileS_1 ileS_2
[00:05:33] Fixed 2 duplicate /gene - purP_1 purP_2
[00:05:33] Fixed 3 duplicate /gene - ftsZ1_1 ftsZ1_2 ftsZ1_3
[00:05:33] Fixed 3 duplicate /gene - pccB_1 pccB_2 pccB_3
[00:05:33] Fixed 4 duplicate /gene - livG_1 livG_2 livG_3 livG_4
[00:05:33] Fixed 2 duplicate /gene - tfrA_1 tfrA_2
[00:05:33] Fixed 3 duplicate /gene - fadA_1 fadA_2 fadA_3
[00:05:33] Fixed 2 duplicate /gene - copA_1 copA_2
[00:05:33] Fixed 2 duplicate /gene - pol_1 pol_2
[00:05:33] Fixed 2 duplicate /gene - rnz_1 rnz_2
[00:05:33] Fixed 2 duplicate /gene - menH_1 menH_2
[00:05:33] Fixed 5 duplicate /gene - rhaD_1 rhaD_2 rhaD_3 rhaD_4 rhaD_5
[00:05:33] Fixed 4 duplicate /gene - dxs_1 dxs_2 dxs_3 dxs_4
[00:05:33] Fixed 3 duplicate /gene - aglF_1 aglF_2 aglF_3
[00:05:33] Fixed 2 duplicate /gene - tfb_1 tfb_2
[00:05:33] Fixed 3 duplicate /gene - caiA_1 caiA_2 caiA_3
[00:05:33] Fixed 2 duplicate /gene - pth_1 pth_2
[00:05:33] Fixed 3 duplicate /gene - pepQ_1 pepQ_2 pepQ_3
[00:05:33] Fixed 2 duplicate /gene - rnj_1 rnj_2
[00:05:33] Fixed 2 duplicate /gene - aglE_1 aglE_2
[00:05:33] Fixed 56 colliding /gene names.
[00:05:33] Adding /locus_tag identifiers
[00:05:33] Assigned 1571 locus_tags to CDS and RNA features.
[00:05:33] Writing outputs to /home/cho_mb18/prokka_output/292//
[00:05:34] Generating annotation statistics file
[00:05:34] Generating Genbank and Sequin files
[00:05:34] Running: tbl2asn -V b -a r10k -l paired-ends -M n -N 1 -y 'Annotated using prokka 1.13 from https://github.com/tseemann/prokka' -Z \/home\/cho_mb18\/prokka_output\/292\/\/PROKKA_11172018\.err -i \/home\/cho_mb18\/prokka_output\/292\/\/PROKKA_11172018\.fsa 2> /dev/null
[00:05:41] Deleting unwanted file: /home/cho_mb18/prokka_output/292//errorsummary.val
[00:05:41] Deleting unwanted file: /home/cho_mb18/prokka_output/292//PROKKA_11172018.dr
[00:05:41] Deleting unwanted file: /home/cho_mb18/prokka_output/292//PROKKA_11172018.fixedproducts
[00:05:41] Deleting unwanted file: /home/cho_mb18/prokka_output/292//PROKKA_11172018.ecn
[00:05:41] Deleting unwanted file: /home/cho_mb18/prokka_output/292//PROKKA_11172018.val
[00:05:41] Repairing broken .GBK output that tbl2asn produces...
[00:05:41] Running: sed 's/COORDINATES: profile/COORDINATES:profile/' < \/home\/cho_mb18\/prokka_output\/292\/\/PROKKA_11172018\.gbf > \/home\/cho_mb18\/prokka_output\/292\/\/PROKKA_11172018\.gbk
[00:05:41] Deleting unwanted file: /home/cho_mb18/prokka_output/292//PROKKA_11172018.gbf
[00:05:41] Output files:
[00:05:41] /home/cho_mb18/prokka_output/292/PROKKA_11172018.log
[00:05:41] /home/cho_mb18/prokka_output/292/PROKKA_11172018.fna
[00:05:41] /home/cho_mb18/prokka_output/292/PROKKA_11172018.gff
[00:05:41] /home/cho_mb18/prokka_output/292/PROKKA_11172018.faa
[00:05:41] /home/cho_mb18/prokka_output/292/PROKKA_11172018.ffn
[00:05:41] /home/cho_mb18/prokka_output/292/PROKKA_11172018.tbl
[00:05:41] /home/cho_mb18/prokka_output/292/PROKKA_11172018.fsa
[00:05:41] /home/cho_mb18/prokka_output/292/PROKKA_11172018.tsv
[00:05:41] /home/cho_mb18/prokka_output/292/PROKKA_11172018.txt
[00:05:41] /home/cho_mb18/prokka_output/292/PROKKA_11172018.gbk
[00:05:41] /home/cho_mb18/prokka_output/292/PROKKA_11172018.sqn
[00:05:41] /home/cho_mb18/prokka_output/292/PROKKA_11172018.err
[00:05:41] Annotation finished successfully.
[00:05:41] Walltime used: 1.07 minutes
[00:05:41] If you use this result please cite the Prokka paper:
[00:05:41] Seemann T (2014) Prokka: rapid prokaryotic genome annotation. Bioinformatics. 30(14):2068-9.
[00:05:41] Type 'prokka --citation' for more details.
[00:05:41] Thank you, come again.
