[23:15:24] This is prokka 1.13
[23:15:24] Written by Torsten Seemann <torsten.seemann@gmail.com>
[23:15:24] Homepage is https://github.com/tseemann/prokka
[23:15:24] Local time is Fri Nov 16 23:15:24 2018
[23:15:24] You are linuxbrew
[23:15:24] Operating system is linux
[23:15:24] You have BioPerl 1.007002
[23:15:24] System has 40 cores.
[23:15:24] Will use maximum of 8 cores.
[23:15:24] Annotating as >>> Bacteria <<<
[23:15:24] Generating locus_tag from '/projects/micb405/resources/project_2/2018/SaanichInlet_120m/MetaBAT2_SaanichInlet_120m//MedQPlus_MAGs/SaanichInlet_120m.209.fa' contents.
[23:15:24] Setting --locustag AGBCBMFN from MD5 a0bcb6f753527db5ab4396e753138cce
[23:15:24] Creating new output folder: /home/cho_mb18/prokka_output/209/
[23:15:24] Running: mkdir -p \/home\/cho_mb18\/prokka_output\/209\/
[23:15:24] Using filename prefix: PROKKA_11162018.XXX
[23:15:24] Setting HMMER_NCPU=1
[23:15:24] Writing log to: /home/cho_mb18/prokka_output/209//PROKKA_11162018.log
[23:15:24] Command: /home/linuxbrew/.linuxbrew/bin/prokka --kingdom Bacteria --outdir /home/cho_mb18/prokka_output/209/ --force /projects/micb405/resources/project_2/2018/SaanichInlet_120m/MetaBAT2_SaanichInlet_120m//MedQPlus_MAGs/SaanichInlet_120m.209.fa
[23:15:24] Appending to PATH: /home/linuxbrew/.linuxbrew/Cellar/prokka/1.13/bin
[23:15:24] Looking for 'aragorn' - found /home/linuxbrew/.linuxbrew/bin/aragorn
[23:15:24] Determined aragorn version is 1.2
[23:15:24] Looking for 'barrnap' - found /home/linuxbrew/.linuxbrew/bin/barrnap
[23:15:24] Determined barrnap version is 0.9
[23:15:24] Looking for 'blastp' - found /home/linuxbrew/.linuxbrew/bin/blastp
[23:15:24] Determined blastp version is 2.7
[23:15:24] Looking for 'cmpress' - found /home/linuxbrew/.linuxbrew/bin/cmpress
[23:15:24] Determined cmpress version is 1.1
[23:15:24] Looking for 'cmscan' - found /home/linuxbrew/.linuxbrew/bin/cmscan
[23:15:24] Determined cmscan version is 1.1
[23:15:24] Looking for 'egrep' - found /bin/egrep
[23:15:24] Looking for 'find' - found /usr/bin/find
[23:15:24] Looking for 'grep' - found /bin/grep
[23:15:24] Looking for 'hmmpress' - found /home/linuxbrew/.linuxbrew/bin/hmmpress
[23:15:24] Determined hmmpress version is 3.1
[23:15:24] Looking for 'hmmscan' - found /home/linuxbrew/.linuxbrew/bin/hmmscan
[23:15:24] Determined hmmscan version is 3.1
[23:15:24] Looking for 'java' - found /home/linuxbrew/.linuxbrew/bin/java
[23:15:24] Looking for 'less' - found /home/linuxbrew/.linuxbrew/bin/less
[23:15:24] Looking for 'makeblastdb' - found /home/linuxbrew/.linuxbrew/bin/makeblastdb
[23:15:24] Determined makeblastdb version is 2.7
[23:15:24] Looking for 'minced' - found /home/linuxbrew/.linuxbrew/bin/minced
[23:15:25] Determined minced version is 3.0
[23:15:25] Looking for 'parallel' - found /home/linuxbrew/.linuxbrew/bin/parallel
[23:15:25] Determined parallel version is 20180822
[23:15:25] Looking for 'prodigal' - found /home/linuxbrew/.linuxbrew/bin/prodigal
[23:15:25] Determined prodigal version is 2.6
[23:15:25] Looking for 'prokka-genbank_to_fasta_db' - found /home/linuxbrew/.linuxbrew/bin/prokka-genbank_to_fasta_db
[23:15:25] Looking for 'rnammer' - found /home/linuxbrew/.linuxbrew/bin/rnammer
[23:15:25] Determined rnammer version is 1.2
[23:15:25] Looking for 'sed' - found /bin/sed
[23:15:25] Looking for 'tbl2asn' - found /home/linuxbrew/.linuxbrew/bin/tbl2asn
[23:15:25] Determined tbl2asn version is 25.6
[23:15:25] Using genetic code table 11.
[23:15:25] Loading and checking input file: /projects/micb405/resources/project_2/2018/SaanichInlet_120m/MetaBAT2_SaanichInlet_120m//MedQPlus_MAGs/SaanichInlet_120m.209.fa
[23:15:25] Wrote 177 contigs totalling 1541731 bp.
[23:15:25] Predicting tRNAs and tmRNAs
[23:15:25] Running: aragorn -l -gc11  -w \/home\/cho_mb18\/prokka_output\/209\/\/PROKKA_11162018\.fna
[23:15:27] 1 tRNA-Met [3518,3594] 35 (cat)
[23:15:27] 1 tmRNA* c[5442,5772] 202,240 ANDNRAPMAMAA*
[23:15:27] 1 tRNA-Leu [3682,3772] 39 (taa)
[23:15:27] 1 tRNA-Lys [37955,38030] 34 (ttt)
[23:15:27] 1 tRNA-Arg c[3772,3848] 35 (cct)
[23:15:27] 1 tRNA-Phe c[400,474] 33 (gaa)
[23:15:27] 1 tRNA-Met [6211,6287] 35 (cat)
[23:15:28] 1 tRNA-Ala [4566,4641] 34 (ggc)
[23:15:28] 1 tRNA-Arg [4318,4394] 35 (tct)
[23:15:28] 1 tRNA-Val [1455,1529] 33 (gac)
[23:15:28] 1 tRNA-Ser c[5964,6062] 39 (tga)
[23:15:28] Found 11 tRNAs
[23:15:28] Predicting Ribosomal RNAs
[23:15:28] Running Barrnap with 8 threads
[23:15:29] 1 SaanichInlet_120m_209_162 423 5S ribosomal RNA
[23:15:29] Found 1 rRNAs
[23:15:29] Skipping ncRNA search, enable with --rfam if desired.
[23:15:29] Total of 11 tRNA + rRNA features
[23:15:29] Searching for CRISPR repeats
[23:15:30] Found 0 CRISPRs
[23:15:30] Predicting coding sequences
[23:15:30] Contigs total 1541731 bp, so using single mode
[23:15:30] Running: prodigal -i \/home\/cho_mb18\/prokka_output\/209\/\/PROKKA_11162018\.fna -c -m -g 11 -p single -f sco -q
[23:15:32] Excluding CDS which overlaps existing RNA (tRNA) at SaanichInlet_120m_209_14:3175..3813 on + strand
[23:15:33] Excluding CDS which overlaps existing RNA (tRNA) at SaanichInlet_120m_209_153:3815..6232 on - strand
[23:15:33] Found 1466 CDS
[23:15:33] Connecting features back to sequences
[23:15:33] Not using genus-specific database. Try --usegenus to enable it.
[23:15:33] Annotating CDS, please be patient.
[23:15:33] Will use 8 CPUs for similarity searching.
[23:15:34] There are still 1466 unannotated CDS left (started with 1466)
[23:15:34] Will use blast to search against /home/linuxbrew/.linuxbrew/Cellar/prokka/1.13/bin/../db/kingdom/Bacteria/sprot with 8 CPUs
[23:15:34] Running: cat \/home\/cho_mb18\/prokka_output\/209\/\/sprot\.faa | parallel --gnu --plain -j 8 --block 27641 --recstart '>' --pipe blastp -query - -db /home/linuxbrew/.linuxbrew/Cellar/prokka/1.13/bin/../db/kingdom/Bacteria/sprot -evalue 1e-06 -num_threads 1 -num_descriptions 1 -num_alignments 1 -seg no > \/home\/cho_mb18\/prokka_output\/209\/\/sprot\.blast 2> /dev/null
[23:16:02] Modify product: Uncharacterized protein YccU => putative protein YccU
[23:16:02] Modify product: UPF0758 protein => hypothetical protein
[23:16:02] Modify product: Probable chromate transport protein => putative chromate transport protein
[23:16:02] Modify product: Uncharacterized oxidoreductase Rv1144 => putative oxidoreductase
[23:16:02] Modify product: Probable lipid II flippase MurJ => putative lipid II flippase MurJ
[23:16:02] Modify product: UPF0102 protein RPA0323 => hypothetical protein
[23:16:02] Modify product: Probable ATP-dependent transporter SufC => putative ATP-dependent transporter SufC
[23:16:02] Modify product: Uncharacterized protein Rv0647c => putative protein
[23:16:02] Modify product: UPF0276 protein CCNA_03364 => hypothetical protein
[23:16:02] Modify product: Uncharacterized GST-like protein YibF => putative GST-like protein YibF
[23:16:03] Modify product: Purine-binding protein BAB2_0673 => Purine-binding protein
[23:16:03] Modify product: Uncharacterized oxidoreductase YjmC => putative oxidoreductase YjmC
[23:16:03] Modify product: Probable cystine transporter YijE => putative cystine transporter YijE
[23:16:03] Modify product: Uncharacterized N-acetyltransferase YsnE => putative N-acetyltransferase YsnE
[23:16:03] Modify product: Putative cystathionine beta-synthase Rv1077 => Putative cystathionine beta-synthase
[23:16:03] Modify product: Uncharacterized MFS-type transporter YhjX => putative MFS-type transporter YhjX
[23:16:03] Modify product: Bifunctional protein FolD => Bifunctional protein FolD protein
[23:16:03] Modify product: Probable CtpA-like serine protease => putative CtpA-like serine protease
[23:16:03] Modify product: UPF0246 protein YaaA => hypothetical protein
[23:16:03] Modify product: Probable manganese-dependent inorganic pyrophosphatase => putative manganese-dependent inorganic pyrophosphatase
[23:16:03] Modify product: Uncharacterized signaling protein PA1727 => putative signaling protein
[23:16:03] Modify product: Uncharacterized protein YisK => putative protein YisK
[23:16:03] Modify product: Probable amino-acid permease protein YxeN => putative amino-acid permease protein YxeN
[23:16:03] Modify product: Probable 2-dehydro-3-deoxygalactonokinase DgoK1 => putative 2-dehydro-3-deoxygalactonokinase DgoK1
[23:16:03] Modify product: Probable 2-dehydro-3-deoxy-D-pentonate aldolase YjhH => putative 2-dehydro-3-deoxy-D-pentonate aldolase YjhH
[23:16:03] Modify product: Probable phosphite transport system-binding protein PtxB => putative phosphite transport system-binding protein PtxB
[23:16:03] Modify product: Uncharacterized protein Rv0036c => putative protein
[23:16:03] Modify product: Solute-binding protein RD1_1052 => Solute-binding protein
[23:16:03] Modify product: Uncharacterized FAD-linked oxidoreductase Rv2280 => putative FAD-linked oxidoreductase
[23:16:03] Modify product: UPF0065 protein in clcB-clcD intergenic region => hypothetical protein
[23:16:03] Modify product: Uncharacterized protein YgaU => putative protein YgaU
[23:16:03] Modify product: Probable enoyl-CoA hydratase 1 => putative enoyl-CoA hydratase 1
[23:16:03] Modify product: UPF0716 protein FxsA => hypothetical protein
[23:16:03] Modify product: Probable xanthine dehydrogenase subunit A => putative xanthine dehydrogenase subunit A
[23:16:03] Modify product: GTP-binding protein TypA/BipA homolog => GTP-binding protein TypA/BipA 
[23:16:04] Modify product: Probable sulfoacetate--CoA ligase => putative sulfoacetate--CoA ligase
[23:16:04] Modify product: Uncharacterized protein HI_1163 => putative protein
[23:16:04] Modify product: UPF0056 inner membrane protein YhgN => hypothetical protein
[23:16:04] Modify product: Uncharacterized ABC transporter ATP-binding protein YheS => putative ABC transporter ATP-binding protein YheS
[23:16:04] Modify product: Probable glutamine ABC transporter permease protein GlnM => putative glutamine ABC transporter permease protein GlnM
[23:16:04] Modify product: Peroxiredoxin sll1621 => Peroxiredoxin
[23:16:04] Modify product: Probable phospholipid-binding lipoprotein MlaA => putative phospholipid-binding lipoprotein MlaA
[23:16:04] Modify product: Putative anti-sigma factor antagonist TM_1442 => Putative anti-sigma factor antagonist
[23:16:04] Modify product: Probable parvulin-type peptidyl-prolyl cis-trans isomerase => putative parvulin-type peptidyl-prolyl cis-trans isomerase
[23:16:04] Modify product: Uncharacterized FAD-linked oxidoreductase Rv2280 => putative FAD-linked oxidoreductase
[23:16:04] Modify product: Uncharacterized FAD-linked oxidoreductase Rv2280 => putative FAD-linked oxidoreductase
[23:16:04] Modify product: Lactate-binding periplasmic protein TTHA0766 => Lactate-binding periplasmic protein
[23:16:04] Modify product: Probable GTP-binding protein EngB => putative GTP-binding protein EngB
[23:16:04] Modify product: Uncharacterized protein YcbX => putative protein YcbX
[23:16:04] Modify product: Uncharacterized signaling protein PA1727 => putative signaling protein
[23:16:04] Modify product: Solute-binding protein Veis_3954 => Solute-binding protein
[23:16:04] Modify product: Uncharacterized metal-dependent hydrolase YcfH => putative metal-dependent hydrolase YcfH
[23:16:04] Modify product: Uncharacterized FAD-linked oxidoreductase Rv2280 => putative FAD-linked oxidoreductase
[23:16:04] Modify product: Probable enoyl-CoA hydratase echA6 => putative enoyl-CoA hydratase echA6
[23:16:04] Modify product: Uncharacterized oxidoreductase SA2266 => putative oxidoreductase
[23:16:04] Modify product: Probable L,D-transpeptidase ErfK/SrfK => putative L,D-transpeptidase ErfK/SrfK
[23:16:04] Modify product: Uncharacterized acyl--CoA ligase YhfT => putative acyl--CoA ligase YhfT
[23:16:04] Modify product: Probable succinyl-CoA:3-ketoacid coenzyme A transferase subunit A => putative succinyl-CoA:3-ketoacid coenzyme A transferase subunit A
[23:16:04] Modify product: Probable succinyl-CoA:3-ketoacid coenzyme A transferase subunit B => putative succinyl-CoA:3-ketoacid coenzyme A transferase subunit B
[23:16:04] Modify product: Probable cysteine desulfurase => putative cysteine desulfurase
[23:16:04] Modify product: Nucleotide-binding protein Rv1421 => Nucleotide-binding protein
[23:16:04] Modify product: Probable 3-hydroxybutyryl-CoA dehydrogenase => putative 3-hydroxybutyryl-CoA dehydrogenase
[23:16:04] Modify product: Probable intracellular septation protein A => putative intracellular septation protein A
[23:16:04] Modify product: Uncharacterized FAD-linked oxidoreductase Rv2280 => putative FAD-linked oxidoreductase
[23:16:04] Modify product: Multifunctional alkaline phosphatase superfamily protein pRL90232 => Multifunctional alkaline phosphatase superfamily protein
[23:16:04] Modify product: Probable bifunctional transcriptional activator/DNA repair enzyme AlkA => putative bifunctional transcriptional activator/DNA repair enzyme AlkA
[23:16:05] Modify product: Probable ABC transporter-binding protein DR_1571 => putative ABC transporter-binding protein
[23:16:05] Modify product: NADH dehydrogenase-like protein SA0802 => NADH dehydrogenase-like protein
[23:16:05] Modify product: Probable undecaprenyl-phosphate N-acetylglucosaminyl 1-phosphate transferase => putative undecaprenyl-phosphate N-acetylglucosaminyl 1-phosphate transferase
[23:16:05] Modify product: Probable HTH-type transcriptional repressor ExuR => putative HTH-type transcriptional repressor ExuR
[23:16:05] Modify product: Probable ribonucleotide transport ATP-binding protein mkl => putative ribonucleotide transport ATP-binding protein mkl
[23:16:05] Modify product: Probable phospholipid ABC transporter permease protein MlaE => putative phospholipid ABC transporter permease protein MlaE
[23:16:05] Modify product: Putative acyltransferase Rv0859 => Putative acyltransferase
[23:16:05] Modify product: Probable D,D-dipeptide transport ATP-binding protein DdpF => putative D,D-dipeptide transport ATP-binding protein DdpF
[23:16:05] Modify product: Purine-binding protein BAB2_0673 => Purine-binding protein
[23:16:05] Modify product: Probable methylxanthine N7-demethylase NdmC => putative methylxanthine N7-demethylase NdmC
[23:16:05] Modify product: Putative multidrug export ATP-binding/permease protein SA1683 => Putative multidrug export ATP-binding/permease protein
[23:16:05] Modify product: Uncharacterized MFS-type transporter YhjX => putative MFS-type transporter YhjX
[23:16:05] Modify product: Probable sugar-binding periplasmic protein => putative sugar-binding periplasmic protein
[23:16:05] Modify product: Uncharacterized MFS-type transporter YcaD => putative MFS-type transporter YcaD
[23:16:05] Modify product: Probable intracellular septation protein A => putative intracellular septation protein A
[23:16:05] Modify product: Probable transcriptional activator protein TraR => putative transcriptional activator protein TraR
[23:16:05] Modify product: Uncharacterized oxidoreductase SA2266 => putative oxidoreductase
[23:16:05] Modify product: Probable 3-hydroxyisobutyrate dehydrogenase => putative 3-hydroxyisobutyrate dehydrogenase
[23:16:05] Modify product: Uncharacterized protein RP812 => putative protein RP812
[23:16:05] Modify product: Probable amino-acid permease protein YxeN => putative amino-acid permease protein YxeN
[23:16:05] Modify product: Uncharacterized MFS-type transporter YcaD => putative MFS-type transporter YcaD
[23:16:05] Modify product: Uncharacterized protein Rv1367c => putative protein
[23:16:05] Modify product: Uncharacterized ABC transporter ATP-binding protein YejF => putative ABC transporter ATP-binding protein YejF
[23:16:05] Cleaned 89 /product names
[23:16:05] Deleting unwanted file: /home/cho_mb18/prokka_output/209//sprot.faa
[23:16:05] Deleting unwanted file: /home/cho_mb18/prokka_output/209//sprot.blast
[23:16:06] There are still 469 unannotated CDS left (started with 1466)
[23:16:06] Will use hmmer3 to search against /home/linuxbrew/.linuxbrew/Cellar/prokka/1.13/bin/../db/hmm/HAMAP.hmm with 8 CPUs
[23:16:06] Running: cat \/home\/cho_mb18\/prokka_output\/209\/\/HAMAP\.hmm\.faa | parallel --gnu --plain -j 8 --block 6002 --recstart '>' --pipe hmmscan --noali --notextw --acc -E 1e-06 --cpu 1 /home/linuxbrew/.linuxbrew/Cellar/prokka/1.13/bin/../db/hmm/HAMAP.hmm /dev/stdin > \/home\/cho_mb18\/prokka_output\/209\/\/HAMAP\.hmm\.hmmer3 2> /dev/null
[23:16:16] Deleting unwanted file: /home/cho_mb18/prokka_output/209//HAMAP.hmm.faa
[23:16:16] Deleting unwanted file: /home/cho_mb18/prokka_output/209//HAMAP.hmm.hmmer3
[23:16:16] Labelling remaining 443 proteins as 'hypothetical protein'
[23:16:16] Possible /pseudo 'Peptide deformylase' at SaanichInlet_120m_209_9 position 26764
[23:16:16] Possible /pseudo 'DNA-directed RNA polymerase subunit beta'' at SaanichInlet_120m_209_61 position 5137
[23:16:16] Possible /pseudo 'Glutamine transport ATP-binding protein GlnQ' at SaanichInlet_120m_209_63 position 8127
[23:16:16] Possible /pseudo 'Methionine synthase' at SaanichInlet_120m_209_66 position 1318
[23:16:16] Possible /pseudo 'putative FAD-linked oxidoreductase' at SaanichInlet_120m_209_110 position 2731
[23:16:16] Possible /pseudo 'HTH-type transcriptional regulator RutR' at SaanichInlet_120m_209_146 position 3785
[23:16:16] Possible /pseudo 'Riboflavin transport system permease protein RibX' at SaanichInlet_120m_209_146 position 9175
[23:16:16] Found 832 unique /gene codes.
[23:16:16] Fixed 2 duplicate /gene - ugpB_1 ugpB_2
[23:16:16] Fixed 2 duplicate /gene - pcm_1 pcm_2
[23:16:16] Fixed 3 duplicate /gene - soxD_1 soxD_2 soxD_3
[23:16:16] Fixed 2 duplicate /gene - walK_1 walK_2
[23:16:16] Fixed 3 duplicate /gene - fabG_1 fabG_2 fabG_3
[23:16:16] Fixed 2 duplicate /gene - ycaD_1 ycaD_2
[23:16:16] Fixed 2 duplicate /gene - comC_1 comC_2
[23:16:16] Fixed 2 duplicate /gene - dppB_1 dppB_2
[23:16:16] Fixed 2 duplicate /gene - pucM_1 pucM_2
[23:16:16] Fixed 2 duplicate /gene - uctC_1 uctC_2
[23:16:16] Fixed 2 duplicate /gene - yhjX_1 yhjX_2
[23:16:16] Fixed 2 duplicate /gene - guaB_1 guaB_2
[23:16:16] Fixed 2 duplicate /gene - ugpC_1 ugpC_2
[23:16:16] Fixed 2 duplicate /gene - livF_1 livF_2
[23:16:16] Fixed 2 duplicate /gene - cutL_1 cutL_2
[23:16:16] Fixed 2 duplicate /gene - betB_1 betB_2
[23:16:16] Fixed 2 duplicate /gene - suhB_1 suhB_2
[23:16:16] Fixed 2 duplicate /gene - ydaF_1 ydaF_2
[23:16:16] Fixed 2 duplicate /gene - gsiA_1 gsiA_2
[23:16:16] Fixed 2 duplicate /gene - accA1_1 accA1_2
[23:16:16] Fixed 2 duplicate /gene - rspR_1 rspR_2
[23:16:16] Fixed 2 duplicate /gene - rsmB_1 rsmB_2
[23:16:16] Fixed 2 duplicate /gene - garR_1 garR_2
[23:16:16] Fixed 3 duplicate /gene - atm1_1 atm1_2 atm1_3
[23:16:16] Fixed 2 duplicate /gene - ald_1 ald_2
[23:16:16] Fixed 2 duplicate /gene - purF_1 purF_2
[23:16:16] Fixed 2 duplicate /gene - occR_1 occR_2
[23:16:16] Fixed 3 duplicate /gene - lcdH_1 lcdH_2 lcdH_3
[23:16:16] Fixed 2 duplicate /gene - phoB_1 phoB_2
[23:16:16] Fixed 3 duplicate /gene - bdhA_1 bdhA_2 bdhA_3
[23:16:16] Fixed 2 duplicate /gene - coxM_1 coxM_2
[23:16:16] Fixed 2 duplicate /gene - scpA_1 scpA_2
[23:16:16] Fixed 3 duplicate /gene - soxA_1 soxA_2 soxA_3
[23:16:16] Fixed 4 duplicate /gene - yfcG_1 yfcG_2 yfcG_3 yfcG_4
[23:16:16] Fixed 2 duplicate /gene - lldD_1 lldD_2
[23:16:16] Fixed 2 duplicate /gene - sufS_1 sufS_2
[23:16:16] Fixed 2 duplicate /gene - znuA_1 znuA_2
[23:16:16] Fixed 2 duplicate /gene - hisC_1 hisC_2
[23:16:16] Fixed 2 duplicate /gene - metH_1 metH_2
[23:16:16] Fixed 2 duplicate /gene - nqo1_1 nqo1_2
[23:16:16] Fixed 3 duplicate /gene - gsiD_1 gsiD_2 gsiD_3
[23:16:16] Fixed 2 duplicate /gene - rpoC_1 rpoC_2
[23:16:16] Fixed 2 duplicate /gene - gntR_1 gntR_2
[23:16:16] Fixed 2 duplicate /gene - rnd_1 rnd_2
[23:16:16] Fixed 3 duplicate /gene - lacF_1 lacF_2 lacF_3
[23:16:16] Fixed 2 duplicate /gene - ribX_1 ribX_2
[23:16:16] Fixed 3 duplicate /gene - gltA_1 gltA_2 gltA_3
[23:16:16] Fixed 2 duplicate /gene - mmgC_1 mmgC_2
[23:16:16] Fixed 2 duplicate /gene - rbsA_1 rbsA_2
[23:16:16] Fixed 3 duplicate /gene - soxB_1 soxB_2 soxB_3
[23:16:16] Fixed 2 duplicate /gene - oxyR_1 oxyR_2
[23:16:16] Fixed 2 duplicate /gene - rutR_1 rutR_2
[23:16:16] Fixed 2 duplicate /gene - ilvG_1 ilvG_2
[23:16:16] Fixed 2 duplicate /gene - yxeN_1 yxeN_2
[23:16:16] Fixed 2 duplicate /gene - hpsN_1 hpsN_2
[23:16:16] Fixed 3 duplicate /gene - mtgB_1 mtgB_2 mtgB_3
[23:16:16] Fixed 3 duplicate /gene - hipO_1 hipO_2 hipO_3
[23:16:16] Fixed 3 duplicate /gene - mcl1_1 mcl1_2 mcl1_3
[23:16:16] Fixed 2 duplicate /gene - rpsU_1 rpsU_2
[23:16:16] Fixed 2 duplicate /gene - xthA_1 xthA_2
[23:16:16] Fixed 2 duplicate /gene - tauB_1 tauB_2
[23:16:16] Fixed 4 duplicate /gene - gno_1 gno_2 gno_3 gno_4
[23:16:16] Fixed 2 duplicate /gene - rpsB_1 rpsB_2
[23:16:16] Fixed 2 duplicate /gene - decR_1 decR_2
[23:16:16] Fixed 3 duplicate /gene - dctM_1 dctM_2 dctM_3
[23:16:16] Fixed 2 duplicate /gene - ilvE_1 ilvE_2
[23:16:16] Fixed 2 duplicate /gene - crt_1 crt_2
[23:16:16] Fixed 2 duplicate /gene - tpa_1 tpa_2
[23:16:16] Fixed 3 duplicate /gene - araQ_1 araQ_2 araQ_3
[23:16:16] Fixed 2 duplicate /gene - dppA_1 dppA_2
[23:16:16] Fixed 2 duplicate /gene - ftsY_1 ftsY_2
[23:16:16] Fixed 3 duplicate /gene - kce_1 kce_2 kce_3
[23:16:16] Fixed 2 duplicate /gene - yciB_1 yciB_2
[23:16:16] Fixed 2 duplicate /gene - def_1 def_2
[23:16:16] Fixed 2 duplicate /gene - sgaA_1 sgaA_2
[23:16:16] Fixed 2 duplicate /gene - ugpA_1 ugpA_2
[23:16:16] Fixed 3 duplicate /gene - dmdA_1 dmdA_2 dmdA_3
[23:16:16] Fixed 7 duplicate /gene - ribN_1 ribN_2 ribN_3 ribN_4 ribN_5 ribN_6 ribN_7
[23:16:16] Fixed 2 duplicate /gene - gpmA_1 gpmA_2
[23:16:16] Fixed 2 duplicate /gene - malK_1 malK_2
[23:16:16] Fixed 2 duplicate /gene - apc3_1 apc3_2
[23:16:16] Fixed 2 duplicate /gene - gfo_1 gfo_2
[23:16:16] Fixed 5 duplicate /gene - glnQ_1 glnQ_2 glnQ_3 glnQ_4 glnQ_5
[23:16:16] Fixed 2 duplicate /gene - rnhA_1 rnhA_2
[23:16:16] Fixed 2 duplicate /gene - alkJ_1 alkJ_2
[23:16:16] Fixed 2 duplicate /gene - coxS_1 coxS_2
[23:16:16] Fixed 2 duplicate /gene - cobD_1 cobD_2
[23:16:16] Fixed 87 colliding /gene names.
[23:16:16] Adding /locus_tag identifiers
[23:16:16] Assigned 1478 locus_tags to CDS and RNA features.
[23:16:16] Writing outputs to /home/cho_mb18/prokka_output/209//
[23:16:18] Generating annotation statistics file
[23:16:18] Generating Genbank and Sequin files
[23:16:18] Running: tbl2asn -V b -a r10k -l paired-ends -M n -N 1 -y 'Annotated using prokka 1.13 from https://github.com/tseemann/prokka' -Z \/home\/cho_mb18\/prokka_output\/209\/\/PROKKA_11162018\.err -i \/home\/cho_mb18\/prokka_output\/209\/\/PROKKA_11162018\.fsa 2> /dev/null
[23:16:22] Deleting unwanted file: /home/cho_mb18/prokka_output/209//errorsummary.val
[23:16:22] Deleting unwanted file: /home/cho_mb18/prokka_output/209//PROKKA_11162018.dr
[23:16:22] Deleting unwanted file: /home/cho_mb18/prokka_output/209//PROKKA_11162018.fixedproducts
[23:16:22] Deleting unwanted file: /home/cho_mb18/prokka_output/209//PROKKA_11162018.ecn
[23:16:22] Deleting unwanted file: /home/cho_mb18/prokka_output/209//PROKKA_11162018.val
[23:16:22] Repairing broken .GBK output that tbl2asn produces...
[23:16:22] Running: sed 's/COORDINATES: profile/COORDINATES:profile/' < \/home\/cho_mb18\/prokka_output\/209\/\/PROKKA_11162018\.gbf > \/home\/cho_mb18\/prokka_output\/209\/\/PROKKA_11162018\.gbk
[23:16:22] Deleting unwanted file: /home/cho_mb18/prokka_output/209//PROKKA_11162018.gbf
[23:16:22] Output files:
[23:16:22] /home/cho_mb18/prokka_output/209/PROKKA_11162018.log
[23:16:22] /home/cho_mb18/prokka_output/209/PROKKA_11162018.fna
[23:16:22] /home/cho_mb18/prokka_output/209/PROKKA_11162018.gff
[23:16:22] /home/cho_mb18/prokka_output/209/PROKKA_11162018.faa
[23:16:22] /home/cho_mb18/prokka_output/209/PROKKA_11162018.ffn
[23:16:22] /home/cho_mb18/prokka_output/209/PROKKA_11162018.tbl
[23:16:22] /home/cho_mb18/prokka_output/209/PROKKA_11162018.fsa
[23:16:22] /home/cho_mb18/prokka_output/209/PROKKA_11162018.tsv
[23:16:22] /home/cho_mb18/prokka_output/209/PROKKA_11162018.txt
[23:16:22] /home/cho_mb18/prokka_output/209/PROKKA_11162018.gbk
[23:16:22] /home/cho_mb18/prokka_output/209/PROKKA_11162018.sqn
[23:16:22] /home/cho_mb18/prokka_output/209/PROKKA_11162018.err
[23:16:22] Annotation finished successfully.
[23:16:22] Walltime used: 0.97 minutes
[23:16:22] If you use this result please cite the Prokka paper:
[23:16:22] Seemann T (2014) Prokka: rapid prokaryotic genome annotation. Bioinformatics. 30(14):2068-9.
[23:16:22] Type 'prokka --citation' for more details.
[23:16:22] Thank you, come again.
