[23:59:12] This is prokka 1.13
[23:59:12] Written by Torsten Seemann <torsten.seemann@gmail.com>
[23:59:12] Homepage is https://github.com/tseemann/prokka
[23:59:12] Local time is Fri Nov 16 23:59:12 2018
[23:59:12] You are linuxbrew
[23:59:12] Operating system is linux
[23:59:12] You have BioPerl 1.007002
[23:59:12] System has 40 cores.
[23:59:12] Will use maximum of 8 cores.
[23:59:12] Annotating as >>> Bacteria <<<
[23:59:12] Generating locus_tag from '/projects/micb405/resources/project_2/2018/SaanichInlet_120m/MetaBAT2_SaanichInlet_120m//MedQPlus_MAGs/SaanichInlet_120m.284.fa' contents.
[23:59:12] Setting --locustag NIMPAOON from MD5 7269a88754f96ee1f92f22e63213b921
[23:59:12] Creating new output folder: /home/cho_mb18/prokka_output/284/
[23:59:12] Running: mkdir -p \/home\/cho_mb18\/prokka_output\/284\/
[23:59:12] Using filename prefix: PROKKA_11162018.XXX
[23:59:12] Setting HMMER_NCPU=1
[23:59:12] Writing log to: /home/cho_mb18/prokka_output/284//PROKKA_11162018.log
[23:59:12] Command: /home/linuxbrew/.linuxbrew/bin/prokka --kingdom Bacteria --outdir /home/cho_mb18/prokka_output/284/ --force /projects/micb405/resources/project_2/2018/SaanichInlet_120m/MetaBAT2_SaanichInlet_120m//MedQPlus_MAGs/SaanichInlet_120m.284.fa
[23:59:12] Appending to PATH: /home/linuxbrew/.linuxbrew/Cellar/prokka/1.13/bin
[23:59:12] Looking for 'aragorn' - found /home/linuxbrew/.linuxbrew/bin/aragorn
[23:59:12] Determined aragorn version is 1.2
[23:59:12] Looking for 'barrnap' - found /home/linuxbrew/.linuxbrew/bin/barrnap
[23:59:12] Determined barrnap version is 0.9
[23:59:12] Looking for 'blastp' - found /home/linuxbrew/.linuxbrew/bin/blastp
[23:59:12] Determined blastp version is 2.7
[23:59:12] Looking for 'cmpress' - found /home/linuxbrew/.linuxbrew/bin/cmpress
[23:59:12] Determined cmpress version is 1.1
[23:59:12] Looking for 'cmscan' - found /home/linuxbrew/.linuxbrew/bin/cmscan
[23:59:12] Determined cmscan version is 1.1
[23:59:12] Looking for 'egrep' - found /bin/egrep
[23:59:12] Looking for 'find' - found /usr/bin/find
[23:59:12] Looking for 'grep' - found /bin/grep
[23:59:12] Looking for 'hmmpress' - found /home/linuxbrew/.linuxbrew/bin/hmmpress
[23:59:12] Determined hmmpress version is 3.1
[23:59:12] Looking for 'hmmscan' - found /home/linuxbrew/.linuxbrew/bin/hmmscan
[23:59:12] Determined hmmscan version is 3.1
[23:59:12] Looking for 'java' - found /home/linuxbrew/.linuxbrew/bin/java
[23:59:12] Looking for 'less' - found /home/linuxbrew/.linuxbrew/bin/less
[23:59:12] Looking for 'makeblastdb' - found /home/linuxbrew/.linuxbrew/bin/makeblastdb
[23:59:12] Determined makeblastdb version is 2.7
[23:59:12] Looking for 'minced' - found /home/linuxbrew/.linuxbrew/bin/minced
[23:59:13] Determined minced version is 3.0
[23:59:13] Looking for 'parallel' - found /home/linuxbrew/.linuxbrew/bin/parallel
[23:59:13] Determined parallel version is 20180822
[23:59:13] Looking for 'prodigal' - found /home/linuxbrew/.linuxbrew/bin/prodigal
[23:59:13] Determined prodigal version is 2.6
[23:59:13] Looking for 'prokka-genbank_to_fasta_db' - found /home/linuxbrew/.linuxbrew/bin/prokka-genbank_to_fasta_db
[23:59:13] Looking for 'rnammer' - found /home/linuxbrew/.linuxbrew/bin/rnammer
[23:59:13] Determined rnammer version is 1.2
[23:59:13] Looking for 'sed' - found /bin/sed
[23:59:13] Looking for 'tbl2asn' - found /home/linuxbrew/.linuxbrew/bin/tbl2asn
[23:59:13] Determined tbl2asn version is 25.6
[23:59:13] Using genetic code table 11.
[23:59:13] Loading and checking input file: /projects/micb405/resources/project_2/2018/SaanichInlet_120m/MetaBAT2_SaanichInlet_120m//MedQPlus_MAGs/SaanichInlet_120m.284.fa
[23:59:13] Wrote 281 contigs totalling 1492425 bp.
[23:59:13] Predicting tRNAs and tmRNAs
[23:59:13] Running: aragorn -l -gc11  -w \/home\/cho_mb18\/prokka_output\/284\/\/PROKKA_11162018\.fna
[23:59:14] 1 tRNA-Phe [5018,5091] 34 (gaa)
[23:59:14] 1 tRNA-Met [309,383] 35 (cat)
[23:59:14] 1 tRNA-Asn c[9875,9949] 35 (gtt)
[23:59:15] 1 tRNA-Gly [573,645] 33 (gcc)
[23:59:15] 2 tRNA-Leu [788,872] 35 (taa)
[23:59:15] 1 tRNA-Ser [2704,2793] 35 (gct)
[23:59:15] 2 tRNA-Pro [3013,3089] 37 (tgg)
[23:59:15] 1 tRNA-Ser c[1794,1879] 35 (gga)
[23:59:15] 1 tRNA-Leu c[432,514] 35 (tag)
[23:59:16] 1 tRNA-Met c[966,1040] 35 (cat)
[23:59:16] 1 tRNA-Trp c[14253,14326] 34 (cca)
[23:59:16] Found 11 tRNAs
[23:59:16] Predicting Ribosomal RNAs
[23:59:16] Running Barrnap with 8 threads
[23:59:17] Found 0 rRNAs
[23:59:17] Skipping ncRNA search, enable with --rfam if desired.
[23:59:17] Total of 11 tRNA + rRNA features
[23:59:17] Searching for CRISPR repeats
[23:59:19] Found 0 CRISPRs
[23:59:19] Predicting coding sequences
[23:59:19] Contigs total 1492425 bp, so using single mode
[23:59:19] Running: prodigal -i \/home\/cho_mb18\/prokka_output\/284\/\/PROKKA_11162018\.fna -c -m -g 11 -p single -f sco -q
[23:59:28] Excluding CDS which overlaps existing RNA (tRNA) at SaanichInlet_120m_284_110:2542..2742 on + strand
[23:59:28] Found 1255 CDS
[23:59:28] Connecting features back to sequences
[23:59:28] Not using genus-specific database. Try --usegenus to enable it.
[23:59:28] Annotating CDS, please be patient.
[23:59:28] Will use 8 CPUs for similarity searching.
[23:59:29] There are still 1255 unannotated CDS left (started with 1255)
[23:59:29] Will use blast to search against /home/linuxbrew/.linuxbrew/Cellar/prokka/1.13/bin/../db/kingdom/Bacteria/sprot with 8 CPUs
[23:59:29] Running: cat \/home\/cho_mb18\/prokka_output\/284\/\/sprot\.faa | parallel --gnu --plain -j 8 --block 25301 --recstart '>' --pipe blastp -query - -db /home/linuxbrew/.linuxbrew/Cellar/prokka/1.13/bin/../db/kingdom/Bacteria/sprot -evalue 1e-06 -num_threads 1 -num_descriptions 1 -num_alignments 1 -seg no > \/home\/cho_mb18\/prokka_output\/284\/\/sprot\.blast 2> /dev/null
[00:00:02] Modify product: Uncharacterized ABC transporter ATP-binding protein YbiT => putative ABC transporter ATP-binding protein YbiT
[00:00:02] Modify product: Putative multidrug export ATP-binding/permease protein SA1683 => Putative multidrug export ATP-binding/permease protein
[00:00:02] Modify product: Probable iron-sulfur-binding oxidoreductase FadF => putative iron-sulfur-binding oxidoreductase FadF
[00:00:02] Modify product: Probable iron-sulfur-binding oxidoreductase FadF => putative iron-sulfur-binding oxidoreductase FadF
[00:00:02] Modify product: Uncharacterized protein YhaP => putative protein YhaP
[00:00:02] Modify product: Uncharacterized protein YciO => putative protein YciO
[00:00:02] Modify product: Probable CtpA-like serine protease => putative CtpA-like serine protease
[00:00:02] Modify product: Uncharacterized HIT-like protein Rv0759c => putative HIT-like protein
[00:00:03] Modify product: Uncharacterized oxidoreductase Rv0484c => putative oxidoreductase
[00:00:03] Modify product: Putative multidrug export ATP-binding/permease protein SA1683 => Putative multidrug export ATP-binding/permease protein
[00:00:03] Modify product: Probable acetyl-CoA acyltransferase => putative acetyl-CoA acyltransferase
[00:00:03] Modify product: Uncharacterized HTH-type transcriptional regulator YybR => putative HTH-type transcriptional regulator YybR
[00:00:03] Modify product: Uncharacterized protein Rv2307c => putative protein
[00:00:03] Modify product: UPF0039 protein Rv2851c => hypothetical protein
[00:00:03] Modify product: Probable propionyl-CoA carboxylase beta chain 5 => putative propionyl-CoA carboxylase beta chain 5
[00:00:03] Modify product: Probable ribonucleotide transport ATP-binding protein mkl => putative ribonucleotide transport ATP-binding protein mkl
[00:00:03] Modify product: GTP cyclohydrolase 1 type 2 homolog => GTP cyclohydrolase 1 type 2 
[00:00:03] Modify product: Probable FKBP-type peptidyl-prolyl cis-trans isomerase => putative FKBP-type peptidyl-prolyl cis-trans isomerase
[00:00:03] Modify product: Uncharacterized protein YfgD => putative protein YfgD
[00:00:03] Modify product: Uncharacterized ABC transporter ATP-binding protein YxlF => putative ABC transporter ATP-binding protein YxlF
[00:00:03] Modify product: Uncharacterized protein YpjD => putative protein YpjD
[00:00:03] Modify product: Probable quorum-quenching lactonase YtnP => putative quorum-quenching lactonase YtnP
[00:00:03] Modify product: Probable peptidoglycan glycosyltransferase FtsW => putative peptidoglycan glycosyltransferase FtsW
[00:00:03] Modify product: Putative O-methyltransferase MSMEG_5073/MSMEI_4947 => Putative O-methyltransferase/MSMEI_4947
[00:00:03] Modify product: Probable GTP-binding protein EngB => putative GTP-binding protein EngB
[00:00:03] Modify product: Epimerase family protein SA0724 => Epimerase family protein
[00:00:03] Modify product: Uncharacterized protein Rv0647c => putative protein
[00:00:03] Modify product: UPF0053 inner membrane protein YoaE => hypothetical protein
[00:00:03] Modify product: Probable CtpA-like serine protease => putative CtpA-like serine protease
[00:00:03] Modify product: Probable TonB-dependent receptor NMB0964 => putative TonB-dependent receptor
[00:00:03] Modify product: Protease HtpX homolog => Protease HtpX 
[00:00:03] Modify product: SCO1 protein homolog => SCO1 protein 
[00:00:03] Modify product: Uncharacterized oxidoreductase SA2266 => putative oxidoreductase
[00:00:03] Modify product: Uncharacterized ABC transporter ATP-binding protein YbiT => putative ABC transporter ATP-binding protein YbiT
[00:00:03] Modify product: Uncharacterized ABC transporter ATP-binding protein TM_0288 => putative ABC transporter ATP-binding protein
[00:00:03] Modify product: UPF0053 protein HI_0107 => hypothetical protein
[00:00:03] Modify product: UPF0353 protein Rv1481 => hypothetical protein
[00:00:03] Modify product: Uncharacterized protein Rv1480 => putative protein
[00:00:04] Modify product: Probable adenylyltransferase/sulfurtransferase MoeZ => putative adenylyltransferase/sulfurtransferase MoeZ
[00:00:04] Modify product: Probable succinyl-CoA:3-ketoacid coenzyme A transferase subunit B => putative succinyl-CoA:3-ketoacid coenzyme A transferase subunit B
[00:00:04] Modify product: UPF0701 protein YicC => hypothetical protein
[00:00:04] Modify product: Uncharacterized protein Rv1829 => putative protein
[00:00:04] Modify product: Uncharacterized AAA domain-containing protein Rv2559c => putative AAA domain-containing protein
[00:00:04] Modify product: Uncharacterized protein YedJ => putative protein YedJ
[00:00:04] Modify product: UPF0382 membrane protein YwdK => hypothetical protein
[00:00:04] Modify product: UPF0102 protein RPA0323 => hypothetical protein
[00:00:04] Modify product: Uncharacterized ABC transporter ATP-binding protein YheS => putative ABC transporter ATP-binding protein YheS
[00:00:04] Modify product: Uncharacterized protein YqeN => putative protein YqeN
[00:00:04] Modify product: Uncharacterized inner membrane transporter YedA => putative inner membrane transporter YedA
[00:00:04] Modify product: Putative bifunctional exonuclease/endonuclease protein Rv2191 => Putative bifunctional exonuclease/endonuclease protein
[00:00:04] Modify product: Uncharacterized metal-dependent hydrolase YcfH => putative metal-dependent hydrolase YcfH
[00:00:04] Modify product: Probable transcriptional regulatory protein HP_0162 => putative transcriptional regulatory protein
[00:00:04] Modify product: Uncharacterized protein YqeY => putative protein YqeY
[00:00:04] Modify product: Uncharacterized zinc protease Rv2782c => putative zinc protease
[00:00:04] Modify product: Uncharacterized zinc protease Rv2782c => putative zinc protease
[00:00:04] Modify product: Probable ATP-dependent transporter SufC => putative ATP-dependent transporter SufC
[00:00:04] Modify product: Uncharacterized protein HI_0933 => putative protein
[00:00:04] Modify product: Uncharacterized protein YibN => putative protein YibN
[00:00:04] Modify product: Probable methylmalonyl-CoA mutase small subunit => putative methylmalonyl-CoA mutase small subunit
[00:00:04] Modify product: Uncharacterized epimerase/dehydratase SA0511 => putative epimerase/dehydratase
[00:00:04] Modify product: UPF0053 protein HI_0107 => hypothetical protein
[00:00:04] Cleaned 61 /product names
[00:00:04] Deleting unwanted file: /home/cho_mb18/prokka_output/284//sprot.faa
[00:00:04] Deleting unwanted file: /home/cho_mb18/prokka_output/284//sprot.blast
[00:00:05] There are still 562 unannotated CDS left (started with 1255)
[00:00:05] Will use hmmer3 to search against /home/linuxbrew/.linuxbrew/Cellar/prokka/1.13/bin/../db/hmm/HAMAP.hmm with 8 CPUs
[00:00:05] Running: cat \/home\/cho_mb18\/prokka_output\/284\/\/HAMAP\.hmm\.faa | parallel --gnu --plain -j 8 --block 10181 --recstart '>' --pipe hmmscan --noali --notextw --acc -E 1e-06 --cpu 1 /home/linuxbrew/.linuxbrew/Cellar/prokka/1.13/bin/../db/hmm/HAMAP.hmm /dev/stdin > \/home\/cho_mb18\/prokka_output\/284\/\/HAMAP\.hmm\.hmmer3 2> /dev/null
[00:00:19] Modify product: Uncharacterized Nudix hydrolase NudL => putative Nudix hydrolase NudL
[00:00:20] Cleaned 1 /product names
[00:00:20] Deleting unwanted file: /home/cho_mb18/prokka_output/284//HAMAP.hmm.faa
[00:00:20] Deleting unwanted file: /home/cho_mb18/prokka_output/284//HAMAP.hmm.hmmer3
[00:00:20] Labelling remaining 517 proteins as 'hypothetical protein'
[00:00:20] Possible /pseudo 'Imidazolonepropionase' at SaanichInlet_120m_284_5 position 3278
[00:00:20] Possible /pseudo 'Methionine synthase' at SaanichInlet_120m_284_24 position 2280
[00:00:20] Possible /pseudo 'Alpha-ketoglutaric semialdehyde dehydrogenase' at SaanichInlet_120m_284_51 position 6704
[00:00:20] Possible /pseudo '1,2-phenylacetyl-CoA epoxidase, subunit E' at SaanichInlet_120m_284_146 position 1072
[00:00:20] Possible /pseudo 'putative zinc protease' at SaanichInlet_120m_284_174 position 7478
[00:00:20] Found 615 unique /gene codes.
[00:00:20] Fixed 3 duplicate /gene - wbgU_1 wbgU_2 wbgU_3
[00:00:20] Fixed 3 duplicate /gene - rhlE_1 rhlE_2 rhlE_3
[00:00:20] Fixed 2 duplicate /gene - metH_1 metH_2
[00:00:20] Fixed 2 duplicate /gene - paaE_1 paaE_2
[00:00:20] Fixed 2 duplicate /gene - yrrB_1 yrrB_2
[00:00:20] Fixed 2 duplicate /gene - fabF_1 fabF_2
[00:00:20] Fixed 2 duplicate /gene - dxs_1 dxs_2
[00:00:20] Fixed 2 duplicate /gene - bioF_1 bioF_2
[00:00:20] Fixed 2 duplicate /gene - rsmA_1 rsmA_2
[00:00:20] Fixed 3 duplicate /gene - resA_1 resA_2 resA_3
[00:00:20] Fixed 2 duplicate /gene - pepN_1 pepN_2
[00:00:20] Fixed 2 duplicate /gene - ravA_1 ravA_2
[00:00:20] Fixed 2 duplicate /gene - hutH_1 hutH_2
[00:00:20] Fixed 2 duplicate /gene - rsmI_1 rsmI_2
[00:00:20] Fixed 2 duplicate /gene - galE_1 galE_2
[00:00:20] Fixed 2 duplicate /gene - btuB_1 btuB_2
[00:00:20] Fixed 2 duplicate /gene - bepA_1 bepA_2
[00:00:20] Fixed 2 duplicate /gene - cshA_1 cshA_2
[00:00:20] Fixed 2 duplicate /gene - rlmB_1 rlmB_2
[00:00:20] Fixed 2 duplicate /gene - phrA_1 phrA_2
[00:00:20] Fixed 2 duplicate /gene - hutI_1 hutI_2
[00:00:20] Fixed 3 duplicate /gene - bfmBAB_1 bfmBAB_2 bfmBAB_3
[00:00:20] Fixed 2 duplicate /gene - ruvA_1 ruvA_2
[00:00:20] Fixed 2 duplicate /gene - gcvP_1 gcvP_2
[00:00:20] Fixed 2 duplicate /gene - hcf136_1 hcf136_2
[00:00:20] Fixed 2 duplicate /gene - menG_1 menG_2
[00:00:20] Fixed 2 duplicate /gene - ysdC_1 ysdC_2
[00:00:20] Fixed 2 duplicate /gene - rplU_1 rplU_2
[00:00:20] Fixed 2 duplicate /gene - trmH_1 trmH_2
[00:00:20] Fixed 2 duplicate /gene - mrcA_1 mrcA_2
[00:00:20] Fixed 2 duplicate /gene - uvrA_1 uvrA_2
[00:00:20] Fixed 2 duplicate /gene - colA_1 colA_2
[00:00:20] Fixed 2 duplicate /gene - rluE_1 rluE_2
[00:00:20] Fixed 2 duplicate /gene - atpH_1 atpH_2
[00:00:20] Fixed 2 duplicate /gene - dinB_1 dinB_2
[00:00:20] Fixed 2 duplicate /gene - wbbL_1 wbbL_2
[00:00:20] Fixed 2 duplicate /gene - crt_1 crt_2
[00:00:20] Fixed 2 duplicate /gene - mutS_1 mutS_2
[00:00:20] Fixed 2 duplicate /gene - patA_1 patA_2
[00:00:20] Fixed 2 duplicate /gene - phoP_1 phoP_2
[00:00:20] Fixed 2 duplicate /gene - maeB_1 maeB_2
[00:00:20] Fixed 2 duplicate /gene - purK_1 purK_2
[00:00:20] Fixed 2 duplicate /gene - ybiT_1 ybiT_2
[00:00:20] Fixed 2 duplicate /gene - susC_1 susC_2
[00:00:20] Fixed 3 duplicate /gene - mepM_1 mepM_2 mepM_3
[00:00:20] Fixed 2 duplicate /gene - frdB_1 frdB_2
[00:00:20] Fixed 2 duplicate /gene - pdhC_1 pdhC_2
[00:00:20] Fixed 2 duplicate /gene - dpp5_1 dpp5_2
[00:00:20] Fixed 2 duplicate /gene - fadF_1 fadF_2
[00:00:20] Fixed 2 duplicate /gene - ykfC_1 ykfC_2
[00:00:20] Fixed 2 duplicate /gene - frdA_1 frdA_2
[00:00:20] Fixed 3 duplicate /gene - fabH_1 fabH_2 fabH_3
[00:00:20] Fixed 2 duplicate /gene - phoR_1 phoR_2
[00:00:20] Fixed 2 duplicate /gene - cspC_1 cspC_2
[00:00:20] Fixed 2 duplicate /gene - bglA_1 bglA_2
[00:00:20] Fixed 2 duplicate /gene - acoA_1 acoA_2
[00:00:20] Fixed 56 colliding /gene names.
[00:00:20] Adding /locus_tag identifiers
[00:00:20] Assigned 1266 locus_tags to CDS and RNA features.
[00:00:20] Writing outputs to /home/cho_mb18/prokka_output/284//
[00:00:22] Generating annotation statistics file
[00:00:22] Generating Genbank and Sequin files
[00:00:22] Running: tbl2asn -V b -a r10k -l paired-ends -M n -N 1 -y 'Annotated using prokka 1.13 from https://github.com/tseemann/prokka' -Z \/home\/cho_mb18\/prokka_output\/284\/\/PROKKA_11162018\.err -i \/home\/cho_mb18\/prokka_output\/284\/\/PROKKA_11162018\.fsa 2> /dev/null
[00:00:27] Deleting unwanted file: /home/cho_mb18/prokka_output/284//errorsummary.val
[00:00:27] Deleting unwanted file: /home/cho_mb18/prokka_output/284//PROKKA_11162018.dr
[00:00:27] Deleting unwanted file: /home/cho_mb18/prokka_output/284//PROKKA_11162018.fixedproducts
[00:00:27] Deleting unwanted file: /home/cho_mb18/prokka_output/284//PROKKA_11162018.ecn
[00:00:27] Deleting unwanted file: /home/cho_mb18/prokka_output/284//PROKKA_11162018.val
[00:00:27] Repairing broken .GBK output that tbl2asn produces...
[00:00:27] Running: sed 's/COORDINATES: profile/COORDINATES:profile/' < \/home\/cho_mb18\/prokka_output\/284\/\/PROKKA_11162018\.gbf > \/home\/cho_mb18\/prokka_output\/284\/\/PROKKA_11162018\.gbk
[00:00:27] Deleting unwanted file: /home/cho_mb18/prokka_output/284//PROKKA_11162018.gbf
[00:00:27] Output files:
[00:00:27] /home/cho_mb18/prokka_output/284/PROKKA_11162018.log
[00:00:27] /home/cho_mb18/prokka_output/284/PROKKA_11162018.fna
[00:00:27] /home/cho_mb18/prokka_output/284/PROKKA_11162018.gff
[00:00:27] /home/cho_mb18/prokka_output/284/PROKKA_11162018.faa
[00:00:27] /home/cho_mb18/prokka_output/284/PROKKA_11162018.ffn
[00:00:27] /home/cho_mb18/prokka_output/284/PROKKA_11162018.tbl
[00:00:27] /home/cho_mb18/prokka_output/284/PROKKA_11162018.fsa
[00:00:27] /home/cho_mb18/prokka_output/284/PROKKA_11162018.tsv
[00:00:27] /home/cho_mb18/prokka_output/284/PROKKA_11162018.txt
[00:00:27] /home/cho_mb18/prokka_output/284/PROKKA_11162018.gbk
[00:00:27] /home/cho_mb18/prokka_output/284/PROKKA_11162018.sqn
[00:00:27] /home/cho_mb18/prokka_output/284/PROKKA_11162018.err
[00:00:27] Annotation finished successfully.
[00:00:27] Walltime used: 1.25 minutes
[00:00:27] If you use this result please cite the Prokka paper:
[00:00:27] Seemann T (2014) Prokka: rapid prokaryotic genome annotation. Bioinformatics. 30(14):2068-9.
[00:00:27] Type 'prokka --citation' for more details.
[00:00:27] Share and enjoy!
