[23:02:36] This is prokka 1.13
[23:02:36] Written by Torsten Seemann <torsten.seemann@gmail.com>
[23:02:36] Homepage is https://github.com/tseemann/prokka
[23:02:36] Local time is Fri Nov 16 23:02:36 2018
[23:02:36] You are linuxbrew
[23:02:36] Operating system is linux
[23:02:36] You have BioPerl 1.007002
[23:02:36] System has 40 cores.
[23:02:36] Will use maximum of 8 cores.
[23:02:36] Annotating as >>> Bacteria <<<
[23:02:36] Generating locus_tag from '/projects/micb405/resources/project_2/2018/SaanichInlet_120m/MetaBAT2_SaanichInlet_120m//MedQPlus_MAGs/SaanichInlet_120m.172.fa' contents.
[23:02:36] Setting --locustag KHAJODKB from MD5 41a38d4bc530bcb73260c25a557037f6
[23:02:36] Creating new output folder: /home/cho_mb18/prokka_output/172/
[23:02:36] Running: mkdir -p \/home\/cho_mb18\/prokka_output\/172\/
[23:02:36] Using filename prefix: PROKKA_11162018.XXX
[23:02:36] Setting HMMER_NCPU=1
[23:02:36] Writing log to: /home/cho_mb18/prokka_output/172//PROKKA_11162018.log
[23:02:36] Command: /home/linuxbrew/.linuxbrew/bin/prokka --kingdom Bacteria --outdir /home/cho_mb18/prokka_output/172/ --force /projects/micb405/resources/project_2/2018/SaanichInlet_120m/MetaBAT2_SaanichInlet_120m//MedQPlus_MAGs/SaanichInlet_120m.172.fa
[23:02:36] Appending to PATH: /home/linuxbrew/.linuxbrew/Cellar/prokka/1.13/bin
[23:02:36] Looking for 'aragorn' - found /home/linuxbrew/.linuxbrew/bin/aragorn
[23:02:36] Determined aragorn version is 1.2
[23:02:36] Looking for 'barrnap' - found /home/linuxbrew/.linuxbrew/bin/barrnap
[23:02:36] Determined barrnap version is 0.9
[23:02:36] Looking for 'blastp' - found /home/linuxbrew/.linuxbrew/bin/blastp
[23:02:36] Determined blastp version is 2.7
[23:02:36] Looking for 'cmpress' - found /home/linuxbrew/.linuxbrew/bin/cmpress
[23:02:36] Determined cmpress version is 1.1
[23:02:36] Looking for 'cmscan' - found /home/linuxbrew/.linuxbrew/bin/cmscan
[23:02:36] Determined cmscan version is 1.1
[23:02:36] Looking for 'egrep' - found /bin/egrep
[23:02:36] Looking for 'find' - found /usr/bin/find
[23:02:36] Looking for 'grep' - found /bin/grep
[23:02:36] Looking for 'hmmpress' - found /home/linuxbrew/.linuxbrew/bin/hmmpress
[23:02:36] Determined hmmpress version is 3.1
[23:02:36] Looking for 'hmmscan' - found /home/linuxbrew/.linuxbrew/bin/hmmscan
[23:02:36] Determined hmmscan version is 3.1
[23:02:36] Looking for 'java' - found /home/linuxbrew/.linuxbrew/bin/java
[23:02:36] Looking for 'less' - found /home/linuxbrew/.linuxbrew/bin/less
[23:02:36] Looking for 'makeblastdb' - found /home/linuxbrew/.linuxbrew/bin/makeblastdb
[23:02:36] Determined makeblastdb version is 2.7
[23:02:36] Looking for 'minced' - found /home/linuxbrew/.linuxbrew/bin/minced
[23:02:37] Determined minced version is 3.0
[23:02:37] Looking for 'parallel' - found /home/linuxbrew/.linuxbrew/bin/parallel
[23:02:37] Determined parallel version is 20180822
[23:02:37] Looking for 'prodigal' - found /home/linuxbrew/.linuxbrew/bin/prodigal
[23:02:37] Determined prodigal version is 2.6
[23:02:37] Looking for 'prokka-genbank_to_fasta_db' - found /home/linuxbrew/.linuxbrew/bin/prokka-genbank_to_fasta_db
[23:02:37] Looking for 'rnammer' - found /home/linuxbrew/.linuxbrew/bin/rnammer
[23:02:37] Determined rnammer version is 1.2
[23:02:37] Looking for 'sed' - found /bin/sed
[23:02:37] Looking for 'tbl2asn' - found /home/linuxbrew/.linuxbrew/bin/tbl2asn
[23:02:37] Determined tbl2asn version is 25.6
[23:02:37] Using genetic code table 11.
[23:02:37] Loading and checking input file: /projects/micb405/resources/project_2/2018/SaanichInlet_120m/MetaBAT2_SaanichInlet_120m//MedQPlus_MAGs/SaanichInlet_120m.172.fa
[23:02:37] Wrote 183 contigs totalling 1044931 bp.
[23:02:37] Predicting tRNAs and tmRNAs
[23:02:37] Running: aragorn -l -gc11  -w \/home\/cho_mb18\/prokka_output\/172\/\/PROKKA_11162018\.fna
[23:02:38] 1 tRNA-Asp c[7138,7214] 35 (gtc)
[23:02:38] 1 tRNA-Pro c[6141,6217] 35 (ggg)
[23:02:38] 1 tRNA-Ser [2087,2179] 35 (gct)
[23:02:38] 1 tRNA-Pro [1228,1304] 35 (tgg)
[23:02:38] 2 tRNA-Arg [1359,1435] 35 (tct)
[23:02:38] 3 tRNA-His [1444,1519] 34 (gtg)
[23:02:38] 1 tRNA-Lys [1893,1968] 34 (ttt)
[23:02:38] 2 tRNA-Arg c[3071,3147] 35 (tcg)
[23:02:38] 3 tRNA-Arg c[3176,3252] 35 (acg)
[23:02:38] 1 tRNA-Met [266,342] 35 (cat)
[23:02:38] 1 tRNA-Glu c[2986,3061] 35 (ttc)
[23:02:38] 1 tRNA-Val c[4019,4095] 35 (gac)
[23:02:38] 1 tRNA-His c[2008,2083] 34 (gtg)
[23:02:38] 1 tRNA-Arg c[2425,2500] 34 (cct)
[23:02:38] 1 tRNA-Gly c[45,120] 34 (gcc)
[23:02:38] 1 tRNA-Glu [2929,3004] 35 (ttc)
[23:02:38] 1 tRNA-Lys [13273,13348] 34 (ctt)
[23:02:38] 1 tRNA-Met c[785,861] 35 (cat)
[23:02:38] 1 tmRNA c[1719,2073] 94,126 ANDDNYALAA*
[23:02:38] 1 tRNA-Ser c[260,349] 35 (tga)
[23:02:38] 1 tRNA-Lys [3653,3728] 34 (ctt)
[23:02:38] Found 21 tRNAs
[23:02:38] Predicting Ribosomal RNAs
[23:02:38] Running Barrnap with 8 threads
[23:02:39] Found 0 rRNAs
[23:02:39] Skipping ncRNA search, enable with --rfam if desired.
[23:02:39] Total of 20 tRNA + rRNA features
[23:02:39] Searching for CRISPR repeats
[23:02:39] Found 0 CRISPRs
[23:02:39] Predicting coding sequences
[23:02:39] Contigs total 1044931 bp, so using single mode
[23:02:39] Running: prodigal -i \/home\/cho_mb18\/prokka_output\/172\/\/PROKKA_11162018\.fna -c -m -g 11 -p single -f sco -q
[23:02:41] Excluding CDS which overlaps existing RNA (tRNA) at SaanichInlet_120m_172_177:211..330 on + strand
[23:02:41] Found 1042 CDS
[23:02:41] Connecting features back to sequences
[23:02:41] Not using genus-specific database. Try --usegenus to enable it.
[23:02:41] Annotating CDS, please be patient.
[23:02:41] Will use 8 CPUs for similarity searching.
[23:02:41] There are still 1042 unannotated CDS left (started with 1042)
[23:02:41] Will use blast to search against /home/linuxbrew/.linuxbrew/Cellar/prokka/1.13/bin/../db/kingdom/Bacteria/sprot with 8 CPUs
[23:02:41] Running: cat \/home\/cho_mb18\/prokka_output\/172\/\/sprot\.faa | parallel --gnu --plain -j 8 --block 18517 --recstart '>' --pipe blastp -query - -db /home/linuxbrew/.linuxbrew/Cellar/prokka/1.13/bin/../db/kingdom/Bacteria/sprot -evalue 1e-06 -num_threads 1 -num_descriptions 1 -num_alignments 1 -seg no > \/home\/cho_mb18\/prokka_output\/172\/\/sprot\.blast 2> /dev/null
[23:02:56] Modify product: Uncharacterized ABC transporter ATP-binding protein YadG => putative ABC transporter ATP-binding protein YadG
[23:02:56] Modify product: Probable phospholipid-binding protein MlaC => putative phospholipid-binding protein MlaC
[23:02:56] Modify product: Probable phospholipid ABC transporter-binding protein MlaD => putative phospholipid ABC transporter-binding protein MlaD
[23:02:56] Modify product: Probable phospholipid ABC transporter permease protein MlaE => putative phospholipid ABC transporter permease protein MlaE
[23:02:56] Modify product: Probable phospholipid import ATP-binding protein MlaF => putative phospholipid import ATP-binding protein MlaF
[23:02:56] Modify product: Probable GTP-binding protein EngB => putative GTP-binding protein EngB
[23:02:56] Modify product: Uncharacterized amino acid permease YhdG => putative amino acid permease YhdG
[23:02:56] Modify product: Co-chaperone protein HscB homolog => Co-chaperone protein HscB 
[23:02:56] Modify product: Probable hydrolase YcaC => putative hydrolase YcaC
[23:02:56] Modify product: RNA-binding protein HI_1333 => RNA-binding protein
[23:02:56] Modify product: Oxygen-independent coproporphyrinogen-III oxidase-like protein LL1139 => Oxygen-independent coproporphyrinogen-III oxidase-like protein
[23:02:56] Modify product: UPF0701 protein YicC => hypothetical protein
[23:02:56] Modify product: Bifunctional protein FolD => Bifunctional protein FolD protein
[23:02:56] Modify product: Uncharacterized HTH-type transcriptional regulator YybR => putative HTH-type transcriptional regulator YybR
[23:02:56] Modify product: Probable DNA endonuclease SmrA => putative DNA endonuclease SmrA
[23:02:56] Modify product: Uncharacterized ABC transporter ATP-binding protein YxlF => putative ABC transporter ATP-binding protein YxlF
[23:02:56] Modify product: Probable protein kinase UbiB => putative protein kinase UbiB
[23:02:56] Modify product: UPF0234 protein HI_1034 => hypothetical protein
[23:02:56] Modify product: Probable chromosome-partitioning protein ParB => putative chromosome-partitioning protein ParB
[23:02:56] Modify product: Putative multidrug export ATP-binding/permease protein SA1683 => Putative multidrug export ATP-binding/permease protein
[23:02:57] Modify product: Probable 3-phenylpropionic acid transporter => putative 3-phenylpropionic acid transporter
[23:02:57] Modify product: UPF0434 protein CV_3345 => hypothetical protein
[23:02:57] Modify product: Probable D,D-dipeptide transport system permease protein DdpC => putative D,D-dipeptide transport system permease protein DdpC
[23:02:57] Modify product: Putative formate dehydrogenase SA2102 => Putative formate dehydrogenase
[23:02:57] Modify product: Uncharacterized protein YqiC => putative protein YqiC
[23:02:57] Modify product: Probable thiol:disulfide interchange protein DsbC => putative thiol:disulfide interchange protein DsbC
[23:02:57] Modify product: Probable TonB-dependent receptor NMB0964 => putative TonB-dependent receptor
[23:02:57] Modify product: Probable S-adenosylmethionine-dependent methyltransferase MSMEG_2350/MSMEI_2290 => putative S-adenosylmethionine-dependent methyltransferase/MSMEI_2290
[23:02:57] Modify product: Phosphate-specific transport system accessory protein PhoU homolog => Phosphate-specific transport system accessory protein PhoU 
[23:02:57] Modify product: UPF0176 protein lpg2838 => hypothetical protein
[23:02:57] Modify product: Uncharacterized methyltransferase YcgJ => putative methyltransferase YcgJ
[23:02:57] Modify product: Probable nitrate transporter NarT => putative nitrate transporter NarT
[23:02:57] Modify product: Probable peptidoglycan glycosyltransferase FtsW => putative peptidoglycan glycosyltransferase FtsW
[23:02:57] Modify product: Uncharacterized metal-dependent hydrolase YcfH => putative metal-dependent hydrolase YcfH
[23:02:57] Modify product: Probable tautomerase HP_0924 => putative tautomerase
[23:02:57] Modify product: Probable Fe(2+)-trafficking protein => putative Fe(2+)-trafficking protein
[23:02:57] Modify product: Phosphate-specific transport system accessory protein PhoU homolog => Phosphate-specific transport system accessory protein PhoU 
[23:02:57] Modify product: Probable ATP-dependent helicase DinG homolog => putative ATP-dependent helicase DinG 
[23:02:57] Modify product: Uncharacterized metal-dependent hydrolase YjjV => putative metal-dependent hydrolase YjjV
[23:02:57] Modify product: Segregation and condensation protein B homolog => Segregation and condensation protein B 
[23:02:57] Modify product: Probable phospholipid ABC transporter permease protein MlaE => putative phospholipid ABC transporter permease protein MlaE
[23:02:57] Modify product: Probable ferredoxin/ferredoxin--NADP reductase => putative ferredoxin/ferredoxin--NADP reductase
[23:02:57] Modify product: Uncharacterized protein Rv1520 => putative protein
[23:02:57] Modify product: Probable intracellular septation protein A => putative intracellular septation protein A
[23:02:57] Modify product: Uncharacterized protein YqeY => putative protein YqeY
[23:02:57] Modify product: Probable glycerol-3-phosphate acyltransferase => putative glycerol-3-phosphate acyltransferase
[23:02:57] Modify product: Probable chromosome-partitioning protein ParB => putative chromosome-partitioning protein ParB
[23:02:57] Modify product: Stringent starvation protein A homolog => Stringent starvation protein A 
[23:02:57] Modify product: Uncharacterized protein NMB0928 => putative protein
[23:02:57] Cleaned 49 /product names
[23:02:57] Deleting unwanted file: /home/cho_mb18/prokka_output/172//sprot.faa
[23:02:57] Deleting unwanted file: /home/cho_mb18/prokka_output/172//sprot.blast
[23:02:57] There are still 304 unannotated CDS left (started with 1042)
[23:02:57] Will use hmmer3 to search against /home/linuxbrew/.linuxbrew/Cellar/prokka/1.13/bin/../db/hmm/HAMAP.hmm with 8 CPUs
[23:02:57] Running: cat \/home\/cho_mb18\/prokka_output\/172\/\/HAMAP\.hmm\.faa | parallel --gnu --plain -j 8 --block 4021 --recstart '>' --pipe hmmscan --noali --notextw --acc -E 1e-06 --cpu 1 /home/linuxbrew/.linuxbrew/Cellar/prokka/1.13/bin/../db/hmm/HAMAP.hmm /dev/stdin > \/home\/cho_mb18\/prokka_output\/172\/\/HAMAP\.hmm\.hmmer3 2> /dev/null
[23:03:03] Deleting unwanted file: /home/cho_mb18/prokka_output/172//HAMAP.hmm.faa
[23:03:03] Deleting unwanted file: /home/cho_mb18/prokka_output/172//HAMAP.hmm.hmmer3
[23:03:03] Labelling remaining 283 proteins as 'hypothetical protein'
[23:03:03] Possible /pseudo 'Shikimate dehydrogenase (NADP(+))' at SaanichInlet_120m_172_12 position 623
[23:03:03] Possible /pseudo 'Apolipoprotein N-acyltransferase' at SaanichInlet_120m_172_20 position 4982
[23:03:03] Possible /pseudo 'Cysteine desulfurase IscS' at SaanichInlet_120m_172_30 position 1279
[23:03:03] Possible /pseudo '2-octaprenyl-6-methoxyphenol hydroxylase' at SaanichInlet_120m_172_58 position 2562
[23:03:03] Possible /pseudo 'Deoxyribodipyrimidine photo-lyase' at SaanichInlet_120m_172_80 position 2102
[23:03:03] Found 659 unique /gene codes.
[23:03:03] Fixed 2 duplicate /gene - hisB_1 hisB_2
[23:03:03] Fixed 2 duplicate /gene - lptB_1 lptB_2
[23:03:03] Fixed 2 duplicate /gene - cmk_1 cmk_2
[23:03:03] Fixed 2 duplicate /gene - uvrA_1 uvrA_2
[23:03:03] Fixed 2 duplicate /gene - pyrE_1 pyrE_2
[23:03:03] Fixed 2 duplicate /gene - panB_1 panB_2
[23:03:03] Fixed 2 duplicate /gene - asnB_1 asnB_2
[23:03:03] Fixed 2 duplicate /gene - rpoN_1 rpoN_2
[23:03:03] Fixed 2 duplicate /gene - parB_1 parB_2
[23:03:03] Fixed 2 duplicate /gene - gmhA1_1 gmhA1_2
[23:03:03] Fixed 2 duplicate /gene - dapF_1 dapF_2
[23:03:03] Fixed 2 duplicate /gene - rsmB_1 rsmB_2
[23:03:03] Fixed 2 duplicate /gene - plsC_1 plsC_2
[23:03:03] Fixed 2 duplicate /gene - uvrY_1 uvrY_2
[23:03:03] Fixed 2 duplicate /gene - gatA_1 gatA_2
[23:03:03] Fixed 2 duplicate /gene - rluB_1 rluB_2
[23:03:03] Fixed 2 duplicate /gene - tadA_1 tadA_2
[23:03:03] Fixed 2 duplicate /gene - rpiA_1 rpiA_2
[23:03:03] Fixed 2 duplicate /gene - lptA_1 lptA_2
[23:03:03] Fixed 3 duplicate /gene - aroA_1 aroA_2 aroA_3
[23:03:03] Fixed 2 duplicate /gene - aldB_1 aldB_2
[23:03:03] Fixed 2 duplicate /gene - ihfB_1 ihfB_2
[23:03:03] Fixed 2 duplicate /gene - phoU_1 phoU_2
[23:03:03] Fixed 2 duplicate /gene - yccA_1 yccA_2
[23:03:03] Fixed 2 duplicate /gene - argA_1 argA_2
[23:03:03] Fixed 2 duplicate /gene - xerC_1 xerC_2
[23:03:03] Fixed 2 duplicate /gene - lnt_1 lnt_2
[23:03:03] Fixed 2 duplicate /gene - hisC_1 hisC_2
[23:03:03] Fixed 2 duplicate /gene - mtnA_1 mtnA_2
[23:03:03] Fixed 2 duplicate /gene - tyrC_1 tyrC_2
[23:03:03] Fixed 2 duplicate /gene - ubiH_1 ubiH_2
[23:03:03] Fixed 2 duplicate /gene - fucA_1 fucA_2
[23:03:03] Fixed 2 duplicate /gene - amtB_1 amtB_2
[23:03:03] Fixed 2 duplicate /gene - mlaE_1 mlaE_2
[23:03:03] Fixed 2 duplicate /gene - mdtA_1 mdtA_2
[23:03:03] Fixed 2 duplicate /gene - lapB_1 lapB_2
[23:03:03] Fixed 2 duplicate /gene - gfo_1 gfo_2
[23:03:03] Fixed 2 duplicate /gene - dacB_1 dacB_2
[23:03:03] Fixed 2 duplicate /gene - ugd_1 ugd_2
[23:03:03] Fixed 2 duplicate /gene - hisD_1 hisD_2
[23:03:03] Fixed 2 duplicate /gene - moeA_1 moeA_2
[23:03:03] Fixed 3 duplicate /gene - iscS_1 iscS_2 iscS_3
[23:03:03] Fixed 2 duplicate /gene - rpsA_1 rpsA_2
[23:03:03] Fixed 2 duplicate /gene - hldE_1 hldE_2
[23:03:03] Fixed 4 duplicate /gene - bepA_1 bepA_2 bepA_3 bepA_4
[23:03:03] Fixed 2 duplicate /gene - bpt_1 bpt_2
[23:03:03] Fixed 3 duplicate /gene - bcp_1 bcp_2 bcp_3
[23:03:03] Fixed 2 duplicate /gene - metK_1 metK_2
[23:03:03] Fixed 2 duplicate /gene - hemN_1 hemN_2
[23:03:03] Fixed 2 duplicate /gene - pyrB_1 pyrB_2
[23:03:03] Fixed 2 duplicate /gene - aroK_1 aroK_2
[23:03:03] Fixed 2 duplicate /gene - leuA_1 leuA_2
[23:03:03] Fixed 2 duplicate /gene - csgA_1 csgA_2
[23:03:03] Fixed 2 duplicate /gene - aroE_1 aroE_2
[23:03:03] Fixed 2 duplicate /gene - hpf_1 hpf_2
[23:03:03] Fixed 55 colliding /gene names.
[23:03:03] Adding /locus_tag identifiers
[23:03:03] Assigned 1063 locus_tags to CDS and RNA features.
[23:03:03] Writing outputs to /home/cho_mb18/prokka_output/172//
[23:03:03] Generating annotation statistics file
[23:03:03] Generating Genbank and Sequin files
[23:03:03] Running: tbl2asn -V b -a r10k -l paired-ends -M n -N 1 -y 'Annotated using prokka 1.13 from https://github.com/tseemann/prokka' -Z \/home\/cho_mb18\/prokka_output\/172\/\/PROKKA_11162018\.err -i \/home\/cho_mb18\/prokka_output\/172\/\/PROKKA_11162018\.fsa 2> /dev/null
[23:03:07] Deleting unwanted file: /home/cho_mb18/prokka_output/172//errorsummary.val
[23:03:07] Deleting unwanted file: /home/cho_mb18/prokka_output/172//PROKKA_11162018.dr
[23:03:07] Deleting unwanted file: /home/cho_mb18/prokka_output/172//PROKKA_11162018.fixedproducts
[23:03:07] Deleting unwanted file: /home/cho_mb18/prokka_output/172//PROKKA_11162018.ecn
[23:03:07] Deleting unwanted file: /home/cho_mb18/prokka_output/172//PROKKA_11162018.val
[23:03:07] Repairing broken .GBK output that tbl2asn produces...
[23:03:07] Running: sed 's/COORDINATES: profile/COORDINATES:profile/' < \/home\/cho_mb18\/prokka_output\/172\/\/PROKKA_11162018\.gbf > \/home\/cho_mb18\/prokka_output\/172\/\/PROKKA_11162018\.gbk
[23:03:07] Deleting unwanted file: /home/cho_mb18/prokka_output/172//PROKKA_11162018.gbf
[23:03:07] Output files:
[23:03:07] /home/cho_mb18/prokka_output/172/PROKKA_11162018.log
[23:03:07] /home/cho_mb18/prokka_output/172/PROKKA_11162018.fna
[23:03:07] /home/cho_mb18/prokka_output/172/PROKKA_11162018.gff
[23:03:07] /home/cho_mb18/prokka_output/172/PROKKA_11162018.faa
[23:03:07] /home/cho_mb18/prokka_output/172/PROKKA_11162018.ffn
[23:03:07] /home/cho_mb18/prokka_output/172/PROKKA_11162018.tbl
[23:03:07] /home/cho_mb18/prokka_output/172/PROKKA_11162018.fsa
[23:03:07] /home/cho_mb18/prokka_output/172/PROKKA_11162018.tsv
[23:03:07] /home/cho_mb18/prokka_output/172/PROKKA_11162018.txt
[23:03:07] /home/cho_mb18/prokka_output/172/PROKKA_11162018.gbk
[23:03:07] /home/cho_mb18/prokka_output/172/PROKKA_11162018.sqn
[23:03:07] /home/cho_mb18/prokka_output/172/PROKKA_11162018.err
[23:03:07] Annotation finished successfully.
[23:03:07] Walltime used: 0.52 minutes
[23:03:07] If you use this result please cite the Prokka paper:
[23:03:07] Seemann T (2014) Prokka: rapid prokaryotic genome annotation. Bioinformatics. 30(14):2068-9.
[23:03:07] Type 'prokka --citation' for more details.
[23:03:07] Share and enjoy!
