[23:50:52] This is prokka 1.13
[23:50:52] Written by Torsten Seemann <torsten.seemann@gmail.com>
[23:50:52] Homepage is https://github.com/tseemann/prokka
[23:50:52] Local time is Fri Nov 16 23:50:52 2018
[23:50:52] You are linuxbrew
[23:50:52] Operating system is linux
[23:50:52] You have BioPerl 1.007002
[23:50:52] System has 40 cores.
[23:50:52] Will use maximum of 8 cores.
[23:50:52] Annotating as >>> Bacteria <<<
[23:50:52] Generating locus_tag from '/projects/micb405/resources/project_2/2018/SaanichInlet_120m/MetaBAT2_SaanichInlet_120m//MedQPlus_MAGs/SaanichInlet_120m.272.fa' contents.
[23:50:52] Setting --locustag MAKMAAJI from MD5 6a46aa32212bd756486d7e676ed0bbff
[23:50:52] Creating new output folder: /home/cho_mb18/prokka_output/272/
[23:50:52] Running: mkdir -p \/home\/cho_mb18\/prokka_output\/272\/
[23:50:52] Using filename prefix: PROKKA_11162018.XXX
[23:50:52] Setting HMMER_NCPU=1
[23:50:52] Writing log to: /home/cho_mb18/prokka_output/272//PROKKA_11162018.log
[23:50:52] Command: /home/linuxbrew/.linuxbrew/bin/prokka --kingdom Bacteria --outdir /home/cho_mb18/prokka_output/272/ --force /projects/micb405/resources/project_2/2018/SaanichInlet_120m/MetaBAT2_SaanichInlet_120m//MedQPlus_MAGs/SaanichInlet_120m.272.fa
[23:50:52] Appending to PATH: /home/linuxbrew/.linuxbrew/Cellar/prokka/1.13/bin
[23:50:52] Looking for 'aragorn' - found /home/linuxbrew/.linuxbrew/bin/aragorn
[23:50:52] Determined aragorn version is 1.2
[23:50:52] Looking for 'barrnap' - found /home/linuxbrew/.linuxbrew/bin/barrnap
[23:50:52] Determined barrnap version is 0.9
[23:50:52] Looking for 'blastp' - found /home/linuxbrew/.linuxbrew/bin/blastp
[23:50:52] Determined blastp version is 2.7
[23:50:52] Looking for 'cmpress' - found /home/linuxbrew/.linuxbrew/bin/cmpress
[23:50:52] Determined cmpress version is 1.1
[23:50:52] Looking for 'cmscan' - found /home/linuxbrew/.linuxbrew/bin/cmscan
[23:50:52] Determined cmscan version is 1.1
[23:50:52] Looking for 'egrep' - found /bin/egrep
[23:50:52] Looking for 'find' - found /usr/bin/find
[23:50:52] Looking for 'grep' - found /bin/grep
[23:50:52] Looking for 'hmmpress' - found /home/linuxbrew/.linuxbrew/bin/hmmpress
[23:50:52] Determined hmmpress version is 3.1
[23:50:52] Looking for 'hmmscan' - found /home/linuxbrew/.linuxbrew/bin/hmmscan
[23:50:52] Determined hmmscan version is 3.1
[23:50:52] Looking for 'java' - found /home/linuxbrew/.linuxbrew/bin/java
[23:50:52] Looking for 'less' - found /home/linuxbrew/.linuxbrew/bin/less
[23:50:52] Looking for 'makeblastdb' - found /home/linuxbrew/.linuxbrew/bin/makeblastdb
[23:50:52] Determined makeblastdb version is 2.7
[23:50:52] Looking for 'minced' - found /home/linuxbrew/.linuxbrew/bin/minced
[23:50:53] Determined minced version is 3.0
[23:50:53] Looking for 'parallel' - found /home/linuxbrew/.linuxbrew/bin/parallel
[23:50:53] Determined parallel version is 20180822
[23:50:53] Looking for 'prodigal' - found /home/linuxbrew/.linuxbrew/bin/prodigal
[23:50:53] Determined prodigal version is 2.6
[23:50:53] Looking for 'prokka-genbank_to_fasta_db' - found /home/linuxbrew/.linuxbrew/bin/prokka-genbank_to_fasta_db
[23:50:53] Looking for 'rnammer' - found /home/linuxbrew/.linuxbrew/bin/rnammer
[23:50:53] Determined rnammer version is 1.2
[23:50:53] Looking for 'sed' - found /bin/sed
[23:50:53] Looking for 'tbl2asn' - found /home/linuxbrew/.linuxbrew/bin/tbl2asn
[23:50:53] Determined tbl2asn version is 25.6
[23:50:53] Using genetic code table 11.
[23:50:53] Loading and checking input file: /projects/micb405/resources/project_2/2018/SaanichInlet_120m/MetaBAT2_SaanichInlet_120m//MedQPlus_MAGs/SaanichInlet_120m.272.fa
[23:50:53] Wrote 154 contigs totalling 708558 bp.
[23:50:53] Predicting tRNAs and tmRNAs
[23:50:53] Running: aragorn -l -gc11  -w \/home\/cho_mb18\/prokka_output\/272\/\/PROKKA_11162018\.fna
[23:50:54] 1 tRNA-Arg c[1843,1917] 35 (tcg)
[23:50:54] 1 tRNA-Arg c[7979,8051] 34 (cct)
[23:50:54] 1 tRNA-Gln c[4196,4269] 34 (ttg)
[23:50:54] 1 tRNA-Phe c[420,493] 34 (gaa)
[23:50:54] 1 tRNA-Ser [3008,3092] 33 (gct)
[23:50:54] Found 5 tRNAs
[23:50:54] Predicting Ribosomal RNAs
[23:50:54] Running Barrnap with 8 threads
[23:50:55] Found 0 rRNAs
[23:50:55] Skipping ncRNA search, enable with --rfam if desired.
[23:50:55] Total of 5 tRNA + rRNA features
[23:50:55] Searching for CRISPR repeats
[23:50:57] Found 0 CRISPRs
[23:50:57] Predicting coding sequences
[23:50:57] Contigs total 708558 bp, so using single mode
[23:50:57] Running: prodigal -i \/home\/cho_mb18\/prokka_output\/272\/\/PROKKA_11162018\.fna -c -m -g 11 -p single -f sco -q
[23:51:01] Excluding CDS which overlaps existing RNA (tRNA) at SaanichInlet_120m_272_25:8042..8701 on - strand
[23:51:02] Excluding CDS which overlaps existing RNA (tRNA) at SaanichInlet_120m_272_101:331..609 on + strand
[23:51:02] Found 645 CDS
[23:51:02] Connecting features back to sequences
[23:51:02] Not using genus-specific database. Try --usegenus to enable it.
[23:51:02] Annotating CDS, please be patient.
[23:51:02] Will use 8 CPUs for similarity searching.
[23:51:02] There are still 645 unannotated CDS left (started with 645)
[23:51:02] Will use blast to search against /home/linuxbrew/.linuxbrew/Cellar/prokka/1.13/bin/../db/kingdom/Bacteria/sprot with 8 CPUs
[23:51:02] Running: cat \/home\/cho_mb18\/prokka_output\/272\/\/sprot\.faa | parallel --gnu --plain -j 8 --block 12157 --recstart '>' --pipe blastp -query - -db /home/linuxbrew/.linuxbrew/Cellar/prokka/1.13/bin/../db/kingdom/Bacteria/sprot -evalue 1e-06 -num_threads 1 -num_descriptions 1 -num_alignments 1 -seg no > \/home\/cho_mb18\/prokka_output\/272\/\/sprot\.blast 2> /dev/null
[23:51:20] Modify product: Uncharacterized protein Rv1507c => putative protein
[23:51:20] Modify product: UPF0403 protein YphP => hypothetical protein
[23:51:20] Modify product: Uncharacterized ABC transporter ATP-binding protein HI_0658 => putative ABC transporter ATP-binding protein
[23:51:20] Modify product: GTP cyclohydrolase 1 type 2 homolog => GTP cyclohydrolase 1 type 2 
[23:51:20] Modify product: Acetyltransferase SACOL1063 => Acetyltransferase
[23:51:20] Modify product: Uncharacterized acyl-CoA thioester hydrolase HI_0827 => putative acyl-CoA thioester hydrolase
[23:51:20] Modify product: Uncharacterized protein YciH => putative protein YciH
[23:51:20] Modify product: Uncharacterized HIT-like protein Rv0759c => putative HIT-like protein
[23:51:20] Modify product: Probable protein-export membrane protein SecG => putative protein-export membrane protein SecG
[23:51:20] Modify product: UPF0246 protein YaaA => hypothetical protein
[23:51:20] Modify product: Putative cystathionine beta-synthase Rv1077 => Putative cystathionine beta-synthase
[23:51:20] Modify product: Bifunctional protein FolD => Bifunctional protein FolD protein
[23:51:20] Modify product: Uncharacterized protein YqeY => putative protein YqeY
[23:51:20] Modify product: Uncharacterized ABC transporter ATP-binding protein YxlF => putative ABC transporter ATP-binding protein YxlF
[23:51:20] Modify product: Probable nicotinate-nucleotide adenylyltransferase => putative nicotinate-nucleotide adenylyltransferase
[23:51:20] Modify product: UPF0701 protein YicC => hypothetical protein
[23:51:20] Modify product: Probable acyl-CoA dehydrogenase => putative acyl-CoA dehydrogenase
[23:51:20] Modify product: Probable acyl-CoA dehydrogenase => putative acyl-CoA dehydrogenase
[23:51:20] Modify product: UPF0353 protein Rv1481 => hypothetical protein
[23:51:20] Modify product: UPF0353 protein Rv1481 => hypothetical protein
[23:51:20] Modify product: Uncharacterized protein Rv1480 => putative protein
[23:51:20] Modify product: Probable 2-succinylbenzoate--CoA ligase => putative 2-succinylbenzoate--CoA ligase
[23:51:20] Modify product: Uncharacterized NTE family protein Rv1063c => putative NTE family protein
[23:51:20] Modify product: UPF0382 inner membrane protein YgdD => hypothetical protein
[23:51:20] Modify product: Probable sulfate transporter Rv1739c => putative sulfate transporter
[23:51:20] Modify product: Uncharacterized protein Rv0959 => putative protein
[23:51:20] Modify product: Probable transcriptional regulatory protein HP_0162 => putative transcriptional regulatory protein
[23:51:20] Modify product: Probable multidrug resistance ABC transporter ATP-binding/permease protein YheI => putative multidrug resistance ABC transporter ATP-binding/permease protein YheI
[23:51:20] Modify product: UPF0145 protein YbjQ => hypothetical protein
[23:51:20] Modify product: Probable peptidyl-prolyl cis-trans isomerase => putative peptidyl-prolyl cis-trans isomerase
[23:51:20] Modify product: Uncharacterized protein YqeN => putative protein YqeN
[23:51:20] Modify product: Thioredoxin-like protein slr0233 => Thioredoxin-like protein
[23:51:20] Modify product: Protein aq_1857 => Protein
[23:51:20] Modify product: Putative zinc metalloprotease aq_1964 => Putative zinc metalloprotease
[23:51:20] Modify product: SCO1 protein homolog => SCO1 protein 
[23:51:20] Modify product: Uncharacterized protein YpjD => putative protein YpjD
[23:51:20] Modify product: UPF0073 inner membrane protein YqfA => hypothetical protein
[23:51:20] Modify product: Probable iron-sulfur-binding oxidoreductase FadF => putative iron-sulfur-binding oxidoreductase FadF
[23:51:20] Modify product: Probable iron-sulfur-binding oxidoreductase FadF => putative iron-sulfur-binding oxidoreductase FadF
[23:51:20] Modify product: Acetyltransferase SACOL1063 => Acetyltransferase
[23:51:20] Modify product: Probable quorum-quenching lactonase YtnP => putative quorum-quenching lactonase YtnP
[23:51:20] Modify product: Probable tRNA-dihydrouridine synthase => putative tRNA-dihydrouridine synthase
[23:51:20] Modify product: Uncharacterized zinc protease Rv2782c => putative zinc protease
[23:51:20] Modify product: Uncharacterized zinc protease Rv2782c => putative zinc protease
[23:51:20] Modify product: Probable ribonucleotide transport ATP-binding protein mkl => putative ribonucleotide transport ATP-binding protein mkl
[23:51:20] Modify product: Probable phospholipid ABC transporter permease protein MlaE => putative phospholipid ABC transporter permease protein MlaE
[23:51:20] Cleaned 46 /product names
[23:51:20] Deleting unwanted file: /home/cho_mb18/prokka_output/272//sprot.faa
[23:51:20] Deleting unwanted file: /home/cho_mb18/prokka_output/272//sprot.blast
[23:51:21] There are still 205 unannotated CDS left (started with 645)
[23:51:21] Will use hmmer3 to search against /home/linuxbrew/.linuxbrew/Cellar/prokka/1.13/bin/../db/hmm/HAMAP.hmm with 8 CPUs
[23:51:21] Running: cat \/home\/cho_mb18\/prokka_output\/272\/\/HAMAP\.hmm\.faa | parallel --gnu --plain -j 8 --block 3085 --recstart '>' --pipe hmmscan --noali --notextw --acc -E 1e-06 --cpu 1 /home/linuxbrew/.linuxbrew/Cellar/prokka/1.13/bin/../db/hmm/HAMAP.hmm /dev/stdin > \/home\/cho_mb18\/prokka_output\/272\/\/HAMAP\.hmm\.hmmer3 2> /dev/null
[23:51:25] Deleting unwanted file: /home/cho_mb18/prokka_output/272//HAMAP.hmm.faa
[23:51:25] Deleting unwanted file: /home/cho_mb18/prokka_output/272//HAMAP.hmm.hmmer3
[23:51:25] Labelling remaining 191 proteins as 'hypothetical protein'
[23:51:25] Possible /pseudo 'Homoserine O-acetyltransferase' at SaanichInlet_120m_272_40 position 5168
[23:51:25] Possible /pseudo 'UDP-3-O-acylglucosamine N-acyltransferase' at SaanichInlet_120m_272_45 position 966
[23:51:25] Possible /pseudo 'putative acyl-CoA dehydrogenase' at SaanichInlet_120m_272_54 position 1452
[23:51:25] Possible /pseudo 'putative zinc protease' at SaanichInlet_120m_272_139 position 2488
[23:51:25] Found 386 unique /gene codes.
[23:51:25] Fixed 2 duplicate /gene - ilvH_1 ilvH_2
[23:51:25] Fixed 2 duplicate /gene - trxA_1 trxA_2
[23:51:25] Fixed 2 duplicate /gene - atpA_1 atpA_2
[23:51:25] Fixed 2 duplicate /gene - atpG_1 atpG_2
[23:51:25] Fixed 2 duplicate /gene - bepA_1 bepA_2
[23:51:25] Fixed 2 duplicate /gene - metXA_1 metXA_2
[23:51:25] Fixed 2 duplicate /gene - ilvD_1 ilvD_2
[23:51:25] Fixed 2 duplicate /gene - lolE_1 lolE_2
[23:51:25] Fixed 2 duplicate /gene - fadE_1 fadE_2
[23:51:25] Fixed 2 duplicate /gene - ilvB_1 ilvB_2
[23:51:25] Fixed 2 duplicate /gene - fadF_1 fadF_2
[23:51:25] Fixed 2 duplicate /gene - oprF_1 oprF_2
[23:51:25] Fixed 2 duplicate /gene - pyrR_1 pyrR_2
[23:51:25] Fixed 2 duplicate /gene - metH_1 metH_2
[23:51:25] Fixed 2 duplicate /gene - atpH_1 atpH_2
[23:51:25] Fixed 2 duplicate /gene - fadA_1 fadA_2
[23:51:25] Fixed 2 duplicate /gene - guaB_1 guaB_2
[23:51:25] Fixed 2 duplicate /gene - pdhB_1 pdhB_2
[23:51:25] Fixed 2 duplicate /gene - mepM_1 mepM_2
[23:51:25] Fixed 2 duplicate /gene - lpxD_1 lpxD_2
[23:51:25] Fixed 3 duplicate /gene - btuB_1 btuB_2 btuB_3
[23:51:25] Fixed 21 colliding /gene names.
[23:51:25] Adding /locus_tag identifiers
[23:51:25] Assigned 650 locus_tags to CDS and RNA features.
[23:51:25] Writing outputs to /home/cho_mb18/prokka_output/272//
[23:51:26] Generating annotation statistics file
[23:51:26] Generating Genbank and Sequin files
[23:51:26] Running: tbl2asn -V b -a r10k -l paired-ends -M n -N 1 -y 'Annotated using prokka 1.13 from https://github.com/tseemann/prokka' -Z \/home\/cho_mb18\/prokka_output\/272\/\/PROKKA_11162018\.err -i \/home\/cho_mb18\/prokka_output\/272\/\/PROKKA_11162018\.fsa 2> /dev/null
[23:51:28] Deleting unwanted file: /home/cho_mb18/prokka_output/272//errorsummary.val
[23:51:28] Deleting unwanted file: /home/cho_mb18/prokka_output/272//PROKKA_11162018.dr
[23:51:28] Deleting unwanted file: /home/cho_mb18/prokka_output/272//PROKKA_11162018.fixedproducts
[23:51:28] Deleting unwanted file: /home/cho_mb18/prokka_output/272//PROKKA_11162018.ecn
[23:51:28] Deleting unwanted file: /home/cho_mb18/prokka_output/272//PROKKA_11162018.val
[23:51:28] Repairing broken .GBK output that tbl2asn produces...
[23:51:28] Running: sed 's/COORDINATES: profile/COORDINATES:profile/' < \/home\/cho_mb18\/prokka_output\/272\/\/PROKKA_11162018\.gbf > \/home\/cho_mb18\/prokka_output\/272\/\/PROKKA_11162018\.gbk
[23:51:28] Deleting unwanted file: /home/cho_mb18/prokka_output/272//PROKKA_11162018.gbf
[23:51:28] Output files:
[23:51:28] /home/cho_mb18/prokka_output/272/PROKKA_11162018.log
[23:51:28] /home/cho_mb18/prokka_output/272/PROKKA_11162018.fna
[23:51:28] /home/cho_mb18/prokka_output/272/PROKKA_11162018.gff
[23:51:28] /home/cho_mb18/prokka_output/272/PROKKA_11162018.faa
[23:51:28] /home/cho_mb18/prokka_output/272/PROKKA_11162018.ffn
[23:51:28] /home/cho_mb18/prokka_output/272/PROKKA_11162018.tbl
[23:51:28] /home/cho_mb18/prokka_output/272/PROKKA_11162018.fsa
[23:51:28] /home/cho_mb18/prokka_output/272/PROKKA_11162018.tsv
[23:51:28] /home/cho_mb18/prokka_output/272/PROKKA_11162018.txt
[23:51:28] /home/cho_mb18/prokka_output/272/PROKKA_11162018.gbk
[23:51:28] /home/cho_mb18/prokka_output/272/PROKKA_11162018.sqn
[23:51:28] /home/cho_mb18/prokka_output/272/PROKKA_11162018.err
[23:51:28] Annotation finished successfully.
[23:51:28] Walltime used: 0.60 minutes
[23:51:28] If you use this result please cite the Prokka paper:
[23:51:28] Seemann T (2014) Prokka: rapid prokaryotic genome annotation. Bioinformatics. 30(14):2068-9.
[23:51:28] Type 'prokka --citation' for more details.
[23:51:28] Thank you, come again.
