[22:50:40] This is prokka 1.13
[22:50:40] Written by Torsten Seemann <torsten.seemann@gmail.com>
[22:50:40] Homepage is https://github.com/tseemann/prokka
[22:50:40] Local time is Fri Nov 16 22:50:40 2018
[22:50:40] You are linuxbrew
[22:50:40] Operating system is linux
[22:50:40] You have BioPerl 1.007002
[22:50:40] System has 40 cores.
[22:50:40] Will use maximum of 8 cores.
[22:50:40] Annotating as >>> Bacteria <<<
[22:50:40] Generating locus_tag from '/projects/micb405/resources/project_2/2018/SaanichInlet_120m/MetaBAT2_SaanichInlet_120m//MedQPlus_MAGs/SaanichInlet_120m.11.fa' contents.
[22:50:40] Setting --locustag ALOADCEB from MD5 a58adceb984ed13213ae92494c154a1b
[22:50:40] Creating new output folder: /home/cho_mb18/prokka_output/11/
[22:50:40] Running: mkdir -p \/home\/cho_mb18\/prokka_output\/11\/
[22:50:40] Using filename prefix: PROKKA_11162018.XXX
[22:50:40] Setting HMMER_NCPU=1
[22:50:40] Writing log to: /home/cho_mb18/prokka_output/11//PROKKA_11162018.log
[22:50:40] Command: /home/linuxbrew/.linuxbrew/bin/prokka --kingdom Bacteria --outdir /home/cho_mb18/prokka_output/11/ --force /projects/micb405/resources/project_2/2018/SaanichInlet_120m/MetaBAT2_SaanichInlet_120m//MedQPlus_MAGs/SaanichInlet_120m.11.fa
[22:50:40] Appending to PATH: /home/linuxbrew/.linuxbrew/Cellar/prokka/1.13/bin
[22:50:40] Looking for 'aragorn' - found /home/linuxbrew/.linuxbrew/bin/aragorn
[22:50:40] Determined aragorn version is 1.2
[22:50:40] Looking for 'barrnap' - found /home/linuxbrew/.linuxbrew/bin/barrnap
[22:50:40] Determined barrnap version is 0.9
[22:50:40] Looking for 'blastp' - found /home/linuxbrew/.linuxbrew/bin/blastp
[22:50:40] Determined blastp version is 2.7
[22:50:40] Looking for 'cmpress' - found /home/linuxbrew/.linuxbrew/bin/cmpress
[22:50:40] Determined cmpress version is 1.1
[22:50:40] Looking for 'cmscan' - found /home/linuxbrew/.linuxbrew/bin/cmscan
[22:50:40] Determined cmscan version is 1.1
[22:50:40] Looking for 'egrep' - found /bin/egrep
[22:50:40] Looking for 'find' - found /usr/bin/find
[22:50:40] Looking for 'grep' - found /bin/grep
[22:50:40] Looking for 'hmmpress' - found /home/linuxbrew/.linuxbrew/bin/hmmpress
[22:50:40] Determined hmmpress version is 3.1
[22:50:40] Looking for 'hmmscan' - found /home/linuxbrew/.linuxbrew/bin/hmmscan
[22:50:40] Determined hmmscan version is 3.1
[22:50:40] Looking for 'java' - found /home/linuxbrew/.linuxbrew/bin/java
[22:50:40] Looking for 'less' - found /home/linuxbrew/.linuxbrew/bin/less
[22:50:40] Looking for 'makeblastdb' - found /home/linuxbrew/.linuxbrew/bin/makeblastdb
[22:50:40] Determined makeblastdb version is 2.7
[22:50:40] Looking for 'minced' - found /home/linuxbrew/.linuxbrew/bin/minced
[22:50:40] Determined minced version is 3.0
[22:50:40] Looking for 'parallel' - found /home/linuxbrew/.linuxbrew/bin/parallel
[22:50:40] Determined parallel version is 20180822
[22:50:40] Looking for 'prodigal' - found /home/linuxbrew/.linuxbrew/bin/prodigal
[22:50:40] Determined prodigal version is 2.6
[22:50:40] Looking for 'prokka-genbank_to_fasta_db' - found /home/linuxbrew/.linuxbrew/bin/prokka-genbank_to_fasta_db
[22:50:40] Looking for 'rnammer' - found /home/linuxbrew/.linuxbrew/bin/rnammer
[22:50:40] Determined rnammer version is 1.2
[22:50:40] Looking for 'sed' - found /bin/sed
[22:50:40] Looking for 'tbl2asn' - found /home/linuxbrew/.linuxbrew/bin/tbl2asn
[22:50:40] Determined tbl2asn version is 25.6
[22:50:40] Using genetic code table 11.
[22:50:40] Loading and checking input file: /projects/micb405/resources/project_2/2018/SaanichInlet_120m/MetaBAT2_SaanichInlet_120m//MedQPlus_MAGs/SaanichInlet_120m.11.fa
[22:50:41] Wrote 299 contigs totalling 1357240 bp.
[22:50:41] Predicting tRNAs and tmRNAs
[22:50:41] Running: aragorn -l -gc11  -w \/home\/cho_mb18\/prokka_output\/11\/\/PROKKA_11162018\.fna
[22:50:41] 1 tRNA-Pro c[528,604] 35 (ggg)
[22:50:41] 1 tRNA-Gly [9614,9688] 33 (gcc)
[22:50:41] 2 tRNA-Cys [9769,9842] 33 (gca)
[22:50:41] 3 tRNA-Leu [9865,9949] 35 (taa)
[22:50:41] 1 tRNA-Thr [4408,4483] 34 (tgt)
[22:50:41] 2 tRNA-Thr [4526,4601] 34 (tgt)
[22:50:41] 1 tRNA-Phe c[2588,2663] 34 (gaa)
[22:50:41] 1 tRNA-Thr [2830,2916] 35 (ggt)
[22:50:41] 1 tRNA-Ala c[1,76] 34 (ggc)
[22:50:41] 1 tmRNA [316,693] 92,130 ANDENYSMALAA*
[22:50:41] 1 tRNA-Arg c[3268,3344] 35 (ccg)
[22:50:41] 1 tRNA-Met [1539,1616] 36 (cat)
[22:50:42] 1 tRNA-Leu c[2975,3059] 35 (caa)
[22:50:42] 1 tRNA-Lys [906,981] 34 (ttt)
[22:50:42] 2 tRNA-Asn c[2968,3056] 37 (att)
[22:50:42] 1 tRNA-Leu [3540,3624] 35 (gag)
[22:50:42] 1 tRNA-Gly c[52,125] 33 (tcc)
[22:50:42] 2 tRNA-Tyr c[142,226] 35 (gta)
[22:50:42] 3 tRNA-Gln c[2561,2635] 33 (ttg)
[22:50:42] Found 19 tRNAs
[22:50:42] Predicting Ribosomal RNAs
[22:50:42] Running Barrnap with 8 threads
[22:50:42] Found 0 rRNAs
[22:50:42] Skipping ncRNA search, enable with --rfam if desired.
[22:50:42] Total of 18 tRNA + rRNA features
[22:50:42] Searching for CRISPR repeats
[22:50:43] Found 0 CRISPRs
[22:50:43] Predicting coding sequences
[22:50:43] Contigs total 1357240 bp, so using single mode
[22:50:43] Running: prodigal -i \/home\/cho_mb18\/prokka_output\/11\/\/PROKKA_11162018\.fna -c -m -g 11 -p single -f sco -q
[22:50:44] Excluding CDS which overlaps existing RNA (tRNA) at SaanichInlet_120m_11_90:2003..2734 on + strand
[22:50:44] Excluding CDS which overlaps existing RNA (tRNA) at SaanichInlet_120m_11_121:2262..2840 on + strand
[22:50:44] Excluding CDS which overlaps existing RNA (tRNA) at SaanichInlet_120m_11_228:2483..2986 on + strand
[22:50:44] Found 1258 CDS
[22:50:44] Connecting features back to sequences
[22:50:44] Not using genus-specific database. Try --usegenus to enable it.
[22:50:44] Annotating CDS, please be patient.
[22:50:44] Will use 8 CPUs for similarity searching.
[22:50:45] There are still 1258 unannotated CDS left (started with 1258)
[22:50:45] Will use blast to search against /home/linuxbrew/.linuxbrew/Cellar/prokka/1.13/bin/../db/kingdom/Bacteria/sprot with 8 CPUs
[22:50:45] Running: cat \/home\/cho_mb18\/prokka_output\/11\/\/sprot\.faa | parallel --gnu --plain -j 8 --block 20617 --recstart '>' --pipe blastp -query - -db /home/linuxbrew/.linuxbrew/Cellar/prokka/1.13/bin/../db/kingdom/Bacteria/sprot -evalue 1e-06 -num_threads 1 -num_descriptions 1 -num_alignments 1 -seg no > \/home\/cho_mb18\/prokka_output\/11\/\/sprot\.blast 2> /dev/null
[22:51:01] Modify product: Probable chromosome-partitioning protein ParB => putative chromosome-partitioning protein ParB
[22:51:01] Modify product: Probable TonB-dependent receptor NMB0964 => putative TonB-dependent receptor
[22:51:01] Modify product: Uncharacterized protein YcbX => putative protein YcbX
[22:51:01] Modify product: Probable multidrug ABC transporter permease YbhR => putative multidrug ABC transporter permease YbhR
[22:51:01] Modify product: UPF0070 protein HI_0370 => hypothetical protein
[22:51:01] Modify product: Probable phospholipid ABC transporter permease protein MlaE => putative phospholipid ABC transporter permease protein MlaE
[22:51:01] Modify product: Uncharacterized zinc protease Rv2782c => putative zinc protease
[22:51:01] Modify product: Probable tRNA-dihydrouridine synthase => putative tRNA-dihydrouridine synthase
[22:51:01] Modify product: UPF0301 protein AlgH => hypothetical protein
[22:51:01] Modify product: Probable lipid II flippase MurJ => putative lipid II flippase MurJ
[22:51:01] Modify product: Universal stress protein A homolog 2 => Universal stress protein A 
[22:51:01] Modify product: Uncharacterized HTH-type transcriptional regulator YbaQ => putative HTH-type transcriptional regulator YbaQ
[22:51:01] Modify product: Uncharacterized ABC transporter ATP-binding protein YheS => putative ABC transporter ATP-binding protein YheS
[22:51:01] Modify product: Phosphate-specific transport system accessory protein PhoU homolog => Phosphate-specific transport system accessory protein PhoU 
[22:51:01] Modify product: Probable phospholipid-binding lipoprotein MlaA => putative phospholipid-binding lipoprotein MlaA
[22:51:01] Modify product: Probable phospholipid-binding protein MlaC => putative phospholipid-binding protein MlaC
[22:51:01] Modify product: UPF0053 inner membrane protein YfjD => hypothetical protein
[22:51:01] Modify product: UPF0102 protein RPA0323 => hypothetical protein
[22:51:01] Modify product: UPF0413 protein YjbH => hypothetical protein
[22:51:01] Modify product: Uncharacterized protein HI_1048 => putative protein
[22:51:01] Modify product: Segregation and condensation protein B homolog => Segregation and condensation protein B 
[22:51:01] Modify product: UPF0382 membrane protein YwdK => hypothetical protein
[22:51:01] Modify product: Probable alginate O-acetylase AlgJ => putative alginate O-acetylase AlgJ
[22:51:01] Modify product: Probable iron export permease protein FetB => putative iron export permease protein FetB
[22:51:01] Modify product: Nudix hydrolase DR_0079 => Nudix hydrolase
[22:51:01] Modify product: GTP cyclohydrolase 1 type 2 homolog => GTP cyclohydrolase 1 type 2 
[22:51:01] Modify product: Uncharacterized MscS family protein HI_0195.1 => putative MscS family protein.1
[22:51:01] Modify product: Probable phospholipid-binding protein MlaC => putative phospholipid-binding protein MlaC
[22:51:01] Modify product: Probable DNA endonuclease SmrA => putative DNA endonuclease SmrA
[22:51:01] Modify product: UPF0176 protein lpg2838 => hypothetical protein
[22:51:01] Modify product: Probable protease SohB => putative protease SohB
[22:51:01] Modify product: Probable phospholipid import ATP-binding protein MlaF => putative phospholipid import ATP-binding protein MlaF
[22:51:01] Modify product: Prophage bactoprenol glucosyl transferase homolog => Prophage bactoprenol glucosyl transferase 
[22:51:01] Modify product: UPF0701 protein YicC => hypothetical protein
[22:51:01] Modify product: Uncharacterized ABC transporter ATP-binding protein YejF => putative ABC transporter ATP-binding protein YejF
[22:51:01] Modify product: Putative peptide transport permease protein Rv1282c => Putative peptide transport permease protein
[22:51:02] Modify product: Probable CtpA-like serine protease => putative CtpA-like serine protease
[22:51:02] Modify product: Uncharacterized protein YqiC => putative protein YqiC
[22:51:02] Modify product: Probable ATP-dependent transporter SufC => putative ATP-dependent transporter SufC
[22:51:02] Modify product: Probable L,D-transpeptidase YnhG => putative L,D-transpeptidase YnhG
[22:51:02] Modify product: Oxygen-independent coproporphyrinogen-III oxidase-like protein LL1139 => Oxygen-independent coproporphyrinogen-III oxidase-like protein
[22:51:02] Modify product: Uncharacterized oxidoreductase SA2266 => putative oxidoreductase
[22:51:02] Modify product: UPF0056 inner membrane protein YhgN => hypothetical protein
[22:51:02] Modify product: Uncharacterized protein Rv2102 => putative protein
[22:51:02] Modify product: Sulfurtransferase Alvin_2599 => Sulfurtransferase
[22:51:02] Modify product: Uncharacterized protein YaeQ => putative protein YaeQ
[22:51:02] Modify product: Uncharacterized oxidoreductase YciK => putative oxidoreductase YciK
[22:51:02] Modify product: Probable adenylyl-sulfate kinase => putative adenylyl-sulfate kinase
[22:51:02] Modify product: Uncharacterized metal-dependent hydrolase YcfH => putative metal-dependent hydrolase YcfH
[22:51:02] Modify product: UPF0758 protein YsxA => hypothetical protein
[22:51:02] Modify product: Probable Fe(2+)-trafficking protein => putative Fe(2+)-trafficking protein
[22:51:02] Modify product: Probable protein kinase UbiB => putative protein kinase UbiB
[22:51:02] Modify product: Uncharacterized ABC transporter ATP-binding protein YbiT => putative ABC transporter ATP-binding protein YbiT
[22:51:02] Modify product: UPF0225 protein YchJ => hypothetical protein
[22:51:02] Modify product: Phosphorylated carbohydrates phosphatase TM_1254 => Phosphorylated carbohydrates phosphatase
[22:51:02] Modify product: Uncharacterized ABC transporter ATP-binding protein YadG => putative ABC transporter ATP-binding protein YadG
[22:51:02] Modify product: UPF0394 membrane protein XF_0766 => hypothetical protein
[22:51:02] Modify product: UPF0394 membrane protein XF_0765 => hypothetical protein
[22:51:02] Modify product: Probable 3-hydroxyacyl-CoA dehydrogenase => putative 3-hydroxyacyl-CoA dehydrogenase
[22:51:02] Modify product: DNA-binding protein VF_0530 => DNA-binding protein
[22:51:02] Modify product: Probable 3-phenylpropionic acid transporter => putative 3-phenylpropionic acid transporter
[22:51:02] Modify product: Uncharacterized signaling protein PA1727 => putative signaling protein
[22:51:02] Modify product: Probable S-adenosylmethionine-dependent methyltransferase MSMEG_2350/MSMEI_2290 => putative S-adenosylmethionine-dependent methyltransferase/MSMEI_2290
[22:51:02] Modify product: Uncharacterized protein HI_1008 => putative protein
[22:51:02] Modify product: Probable glycerol-3-phosphate acyltransferase => putative glycerol-3-phosphate acyltransferase
[22:51:02] Cleaned 65 /product names
[22:51:02] Deleting unwanted file: /home/cho_mb18/prokka_output/11//sprot.faa
[22:51:02] Deleting unwanted file: /home/cho_mb18/prokka_output/11//sprot.blast
[22:51:02] There are still 517 unannotated CDS left (started with 1258)
[22:51:02] Will use hmmer3 to search against /home/linuxbrew/.linuxbrew/Cellar/prokka/1.13/bin/../db/hmm/HAMAP.hmm with 8 CPUs
[22:51:02] Running: cat \/home\/cho_mb18\/prokka_output\/11\/\/HAMAP\.hmm\.faa | parallel --gnu --plain -j 8 --block 6271 --recstart '>' --pipe hmmscan --noali --notextw --acc -E 1e-06 --cpu 1 /home/linuxbrew/.linuxbrew/Cellar/prokka/1.13/bin/../db/hmm/HAMAP.hmm /dev/stdin > \/home\/cho_mb18\/prokka_output\/11\/\/HAMAP\.hmm\.hmmer3 2> /dev/null
[22:51:09] Deleting unwanted file: /home/cho_mb18/prokka_output/11//HAMAP.hmm.faa
[22:51:09] Deleting unwanted file: /home/cho_mb18/prokka_output/11//HAMAP.hmm.hmmer3
[22:51:09] Labelling remaining 484 proteins as 'hypothetical protein'
[22:51:09] Possible /pseudo 'NAD-reducing hydrogenase HoxS subunit beta' at SaanichInlet_120m_11_75 position 2403
[22:51:09] Possible /pseudo 'Twitching mobility protein' at SaanichInlet_120m_11_287 position 1979
[22:51:09] Possible /pseudo 'DNA topoisomerase 3' at SaanichInlet_120m_11_298 position 906
[22:51:09] Found 691 unique /gene codes.
[22:51:09] Fixed 3 duplicate /gene - bicA_1 bicA_2 bicA_3
[22:51:09] Fixed 2 duplicate /gene - kefC_1 kefC_2
[22:51:09] Fixed 2 duplicate /gene - topB_1 topB_2
[22:51:09] Fixed 2 duplicate /gene - rsxA_1 rsxA_2
[22:51:09] Fixed 2 duplicate /gene - fabG_1 fabG_2
[22:51:09] Fixed 2 duplicate /gene - fae_1 fae_2
[22:51:09] Fixed 2 duplicate /gene - hoxH_1 hoxH_2
[22:51:09] Fixed 2 duplicate /gene - czcD_1 czcD_2
[22:51:09] Fixed 2 duplicate /gene - rnhA_1 rnhA_2
[22:51:09] Fixed 2 duplicate /gene - gshA_1 gshA_2
[22:51:09] Fixed 2 duplicate /gene - cc4_1 cc4_2
[22:51:09] Fixed 2 duplicate /gene - tolQ_1 tolQ_2
[22:51:09] Fixed 2 duplicate /gene - leuA_1 leuA_2
[22:51:09] Fixed 2 duplicate /gene - copA_1 copA_2
[22:51:09] Fixed 4 duplicate /gene - soj_1 soj_2 soj_3 soj_4
[22:51:09] Fixed 3 duplicate /gene - pilT_1 pilT_2 pilT_3
[22:51:09] Fixed 2 duplicate /gene - folK_1 folK_2
[22:51:09] Fixed 2 duplicate /gene - lon_1 lon_2
[22:51:09] Fixed 2 duplicate /gene - mepM_1 mepM_2
[22:51:09] Fixed 2 duplicate /gene - era_1 era_2
[22:51:09] Fixed 2 duplicate /gene - arnC_1 arnC_2
[22:51:09] Fixed 2 duplicate /gene - exbD_1 exbD_2
[22:51:09] Fixed 2 duplicate /gene - trmL_1 trmL_2
[22:51:09] Fixed 2 duplicate /gene - mlaC_1 mlaC_2
[22:51:09] Fixed 2 duplicate /gene - lpd_1 lpd_2
[22:51:09] Fixed 2 duplicate /gene - suhB_1 suhB_2
[22:51:09] Fixed 2 duplicate /gene - bepA_1 bepA_2
[22:51:09] Fixed 2 duplicate /gene - rapA_1 rapA_2
[22:51:09] Fixed 2 duplicate /gene - guaB_1 guaB_2
[22:51:09] Fixed 2 duplicate /gene - ccp_1 ccp_2
[22:51:09] Fixed 2 duplicate /gene - ftsA_1 ftsA_2
[22:51:09] Fixed 31 colliding /gene names.
[22:51:09] Adding /locus_tag identifiers
[22:51:09] Assigned 1277 locus_tags to CDS and RNA features.
[22:51:09] Writing outputs to /home/cho_mb18/prokka_output/11//
[22:51:10] Generating annotation statistics file
[22:51:10] Generating Genbank and Sequin files
[22:51:10] Running: tbl2asn -V b -a r10k -l paired-ends -M n -N 1 -y 'Annotated using prokka 1.13 from https://github.com/tseemann/prokka' -Z \/home\/cho_mb18\/prokka_output\/11\/\/PROKKA_11162018\.err -i \/home\/cho_mb18\/prokka_output\/11\/\/PROKKA_11162018\.fsa 2> /dev/null
[22:51:14] Deleting unwanted file: /home/cho_mb18/prokka_output/11//errorsummary.val
[22:51:14] Deleting unwanted file: /home/cho_mb18/prokka_output/11//PROKKA_11162018.dr
[22:51:14] Deleting unwanted file: /home/cho_mb18/prokka_output/11//PROKKA_11162018.fixedproducts
[22:51:14] Deleting unwanted file: /home/cho_mb18/prokka_output/11//PROKKA_11162018.ecn
[22:51:14] Deleting unwanted file: /home/cho_mb18/prokka_output/11//PROKKA_11162018.val
[22:51:14] Repairing broken .GBK output that tbl2asn produces...
[22:51:14] Running: sed 's/COORDINATES: profile/COORDINATES:profile/' < \/home\/cho_mb18\/prokka_output\/11\/\/PROKKA_11162018\.gbf > \/home\/cho_mb18\/prokka_output\/11\/\/PROKKA_11162018\.gbk
[22:51:14] Deleting unwanted file: /home/cho_mb18/prokka_output/11//PROKKA_11162018.gbf
[22:51:14] Output files:
[22:51:14] /home/cho_mb18/prokka_output/11/PROKKA_11162018.log
[22:51:14] /home/cho_mb18/prokka_output/11/PROKKA_11162018.fna
[22:51:14] /home/cho_mb18/prokka_output/11/PROKKA_11162018.gff
[22:51:14] /home/cho_mb18/prokka_output/11/PROKKA_11162018.faa
[22:51:14] /home/cho_mb18/prokka_output/11/PROKKA_11162018.ffn
[22:51:14] /home/cho_mb18/prokka_output/11/PROKKA_11162018.tbl
[22:51:14] /home/cho_mb18/prokka_output/11/PROKKA_11162018.fsa
[22:51:14] /home/cho_mb18/prokka_output/11/PROKKA_11162018.tsv
[22:51:14] /home/cho_mb18/prokka_output/11/PROKKA_11162018.txt
[22:51:14] /home/cho_mb18/prokka_output/11/PROKKA_11162018.gbk
[22:51:14] /home/cho_mb18/prokka_output/11/PROKKA_11162018.sqn
[22:51:14] /home/cho_mb18/prokka_output/11/PROKKA_11162018.err
[22:51:14] Annotation finished successfully.
[22:51:14] Walltime used: 0.57 minutes
[22:51:14] If you use this result please cite the Prokka paper:
[22:51:14] Seemann T (2014) Prokka: rapid prokaryotic genome annotation. Bioinformatics. 30(14):2068-9.
[22:51:14] Type 'prokka --citation' for more details.
[22:51:14] Thank you, come again.
