[23:48:56] This is prokka 1.13
[23:48:56] Written by Torsten Seemann <torsten.seemann@gmail.com>
[23:48:56] Homepage is https://github.com/tseemann/prokka
[23:48:56] Local time is Fri Nov 16 23:48:56 2018
[23:48:56] You are linuxbrew
[23:48:56] Operating system is linux
[23:48:56] You have BioPerl 1.007002
[23:48:56] System has 40 cores.
[23:48:56] Will use maximum of 8 cores.
[23:48:56] Annotating as >>> Bacteria <<<
[23:48:56] Generating locus_tag from '/projects/micb405/resources/project_2/2018/SaanichInlet_120m/MetaBAT2_SaanichInlet_120m//MedQPlus_MAGs/SaanichInlet_120m.270.fa' contents.
[23:48:56] Setting --locustag GDMFGCBB from MD5 0d6f0cbbc2c1118d8d315fbd24f32504
[23:48:56] Creating new output folder: /home/cho_mb18/prokka_output/270/
[23:48:56] Running: mkdir -p \/home\/cho_mb18\/prokka_output\/270\/
[23:48:56] Using filename prefix: PROKKA_11162018.XXX
[23:48:56] Setting HMMER_NCPU=1
[23:48:56] Writing log to: /home/cho_mb18/prokka_output/270//PROKKA_11162018.log
[23:48:56] Command: /home/linuxbrew/.linuxbrew/bin/prokka --kingdom Bacteria --outdir /home/cho_mb18/prokka_output/270/ --force /projects/micb405/resources/project_2/2018/SaanichInlet_120m/MetaBAT2_SaanichInlet_120m//MedQPlus_MAGs/SaanichInlet_120m.270.fa
[23:48:56] Appending to PATH: /home/linuxbrew/.linuxbrew/Cellar/prokka/1.13/bin
[23:48:56] Looking for 'aragorn' - found /home/linuxbrew/.linuxbrew/bin/aragorn
[23:48:56] Determined aragorn version is 1.2
[23:48:56] Looking for 'barrnap' - found /home/linuxbrew/.linuxbrew/bin/barrnap
[23:48:56] Determined barrnap version is 0.9
[23:48:56] Looking for 'blastp' - found /home/linuxbrew/.linuxbrew/bin/blastp
[23:48:56] Determined blastp version is 2.7
[23:48:56] Looking for 'cmpress' - found /home/linuxbrew/.linuxbrew/bin/cmpress
[23:48:56] Determined cmpress version is 1.1
[23:48:56] Looking for 'cmscan' - found /home/linuxbrew/.linuxbrew/bin/cmscan
[23:48:56] Determined cmscan version is 1.1
[23:48:56] Looking for 'egrep' - found /bin/egrep
[23:48:56] Looking for 'find' - found /usr/bin/find
[23:48:56] Looking for 'grep' - found /bin/grep
[23:48:56] Looking for 'hmmpress' - found /home/linuxbrew/.linuxbrew/bin/hmmpress
[23:48:56] Determined hmmpress version is 3.1
[23:48:56] Looking for 'hmmscan' - found /home/linuxbrew/.linuxbrew/bin/hmmscan
[23:48:56] Determined hmmscan version is 3.1
[23:48:56] Looking for 'java' - found /home/linuxbrew/.linuxbrew/bin/java
[23:48:56] Looking for 'less' - found /home/linuxbrew/.linuxbrew/bin/less
[23:48:56] Looking for 'makeblastdb' - found /home/linuxbrew/.linuxbrew/bin/makeblastdb
[23:48:56] Determined makeblastdb version is 2.7
[23:48:56] Looking for 'minced' - found /home/linuxbrew/.linuxbrew/bin/minced
[23:48:56] Determined minced version is 3.0
[23:48:56] Looking for 'parallel' - found /home/linuxbrew/.linuxbrew/bin/parallel
[23:48:56] Determined parallel version is 20180822
[23:48:56] Looking for 'prodigal' - found /home/linuxbrew/.linuxbrew/bin/prodigal
[23:48:56] Determined prodigal version is 2.6
[23:48:56] Looking for 'prokka-genbank_to_fasta_db' - found /home/linuxbrew/.linuxbrew/bin/prokka-genbank_to_fasta_db
[23:48:56] Looking for 'rnammer' - found /home/linuxbrew/.linuxbrew/bin/rnammer
[23:48:57] Determined rnammer version is 1.2
[23:48:57] Looking for 'sed' - found /bin/sed
[23:48:57] Looking for 'tbl2asn' - found /home/linuxbrew/.linuxbrew/bin/tbl2asn
[23:48:57] Determined tbl2asn version is 25.6
[23:48:57] Using genetic code table 11.
[23:48:57] Loading and checking input file: /projects/micb405/resources/project_2/2018/SaanichInlet_120m/MetaBAT2_SaanichInlet_120m//MedQPlus_MAGs/SaanichInlet_120m.270.fa
[23:48:57] Wrote 124 contigs totalling 2675702 bp.
[23:48:57] Predicting tRNAs and tmRNAs
[23:48:57] Running: aragorn -l -gc11  -w \/home\/cho_mb18\/prokka_output\/270\/\/PROKKA_11162018\.fna
[23:49:00] 1 tRNA-Glu [94050,94125] 35 (ttc)
[23:49:00] 2 tRNA-Gly [94156,94230] 33 (gcc)
[23:49:00] 3 tRNA-Arg c[114017,114092] 35 (cct)
[23:49:00] 1 tRNA-Asn c[1529,1604] 34 (gtt)
[23:49:00] 2 tRNA-Asp c[5537,5613] 35 (gtc)
[23:49:00] 3 tRNA-Val c[5632,5707] 34 (tac)
[23:49:00] 1 tRNA-Met [80,156] 35 (cat)
[23:49:00] 1 tRNA-Met [26089,26165] 35 (cat)
[23:49:00] 1 tRNA-Ser c[23909,23999] 35 (gct)
[23:49:00] 1 tRNA-Met c[103933,104009] 35 (cat)
[23:49:00] 2 tRNA-Leu c[109078,109162] 35 (gag)
[23:49:00] 1 tRNA-Leu c[17672,17758] 35 (taa)
[23:49:00] 2 tRNA-Cys c[18512,18585] 33 (gca)
[23:49:00] 3 tRNA-Leu c[52940,53024] 35 (tag)
[23:49:00] 1 tRNA-His c[11255,11330] 34 (gtg)
[23:49:00] 2 tRNA-Arg c[11383,11459] 35 (tct)
[23:49:00] 3 tRNA-Pro c[11479,11555] 35 (tgg)
[23:49:00] 1 tRNA-Met c[8405,8481] 35 (cat)
[23:49:00] 2 tRNA-Gln c[13424,13499] 34 (ttg)
[23:49:00] 1 tRNA-Phe [10183,10258] 34 (gaa)
[23:49:00] 1 tRNA-Pro c[916,992] 35 (ggg)
[23:49:01] 1 tRNA-Arg c[8156,8232] 35 (acg)
[23:49:01] 1 tRNA-Ala [8581,8656] 34 (ggc)
[23:49:01] 2 tRNA-Lys c[21890,21964] 33 (ttt)
[23:49:01] 1 tRNA-Arg [10313,10389] 35 (tcg)
[23:49:01] 1 tRNA-Thr [4305,4380] 34 (tgt)
[23:49:01] 2 tRNA-Tyr [4588,4671] 35 (gta)
[23:49:01] 3 tRNA-Gly [4953,5026] 33 (tcc)
[23:49:01] 4 tRNA-Thr [5046,5120] 33 (ggt)
[23:49:01] 1 tRNA-Val [6350,6426] 35 (gac)
[23:49:01] 1 tmRNA [6961,7352] 95,127 ANDDNYALAA*
[23:49:01] 1 tRNA-Ser [13803,13893] 35 (tga)
[23:49:01] 1 tRNA-Leu [4324,4410] 35 (cag)
[23:49:01] 1 tRNA-Ser [9,99] 35 (gct)
[23:49:01] 1 tRNA-Leu c[52762,52848] 35 (caa)
[23:49:01] Found 35 tRNAs
[23:49:01] Predicting Ribosomal RNAs
[23:49:01] Running Barrnap with 8 threads
[23:49:03] 1 SaanichInlet_120m_270_83 6 5S ribosomal RNA (partial)
[23:49:03] Found 1 rRNAs
[23:49:03] Skipping ncRNA search, enable with --rfam if desired.
[23:49:03] Total of 35 tRNA + rRNA features
[23:49:03] Searching for CRISPR repeats
[23:49:04] Found 0 CRISPRs
[23:49:04] Predicting coding sequences
[23:49:04] Contigs total 2675702 bp, so using single mode
[23:49:04] Running: prodigal -i \/home\/cho_mb18\/prokka_output\/270\/\/PROKKA_11162018\.fna -c -m -g 11 -p single -f sco -q
[23:49:09] Excluding CDS which overlaps existing RNA (tRNA) at SaanichInlet_120m_270_29:11085..11333 on - strand
[23:49:09] Excluding CDS which overlaps existing RNA (tRNA) at SaanichInlet_120m_270_34:13478..14347 on - strand
[23:49:10] Excluding CDS which overlaps existing RNA (tRNA) at SaanichInlet_120m_270_88:6387..6599 on + strand
[23:49:11] Found 2417 CDS
[23:49:11] Connecting features back to sequences
[23:49:11] Not using genus-specific database. Try --usegenus to enable it.
[23:49:11] Annotating CDS, please be patient.
[23:49:11] Will use 8 CPUs for similarity searching.
[23:49:13] There are still 2417 unannotated CDS left (started with 2417)
[23:49:13] Will use blast to search against /home/linuxbrew/.linuxbrew/Cellar/prokka/1.13/bin/../db/kingdom/Bacteria/sprot with 8 CPUs
[23:49:13] Running: cat \/home\/cho_mb18\/prokka_output\/270\/\/sprot\.faa | parallel --gnu --plain -j 8 --block 49733 --recstart '>' --pipe blastp -query - -db /home/linuxbrew/.linuxbrew/Cellar/prokka/1.13/bin/../db/kingdom/Bacteria/sprot -evalue 1e-06 -num_threads 1 -num_descriptions 1 -num_alignments 1 -seg no > \/home\/cho_mb18\/prokka_output\/270\/\/sprot\.blast 2> /dev/null
[23:50:13] Modify product: RNA-binding protein HI_1333 => RNA-binding protein
[23:50:13] Modify product: Probable phospholipid-binding protein MlaC => putative phospholipid-binding protein MlaC
[23:50:13] Modify product: UPF0307 protein YjgA => hypothetical protein
[23:50:14] Modify product: Probable phospholipid-binding lipoprotein MlaA => putative phospholipid-binding lipoprotein MlaA
[23:50:14] Modify product: UPF0276 protein CCNA_03000 => hypothetical protein
[23:50:14] Modify product: Putative trans-acting enoyl reductase Rv2449c => Putative trans-acting enoyl reductase
[23:50:14] Modify product: Probable ABC transporter phosphite binding protein PhnD1 => putative ABC transporter phosphite binding protein PhnD1
[23:50:14] Modify product: Aldo/keto reductase slr0942 => Aldo/keto reductase
[23:50:14] Modify product: Uncharacterized symporter YidK => putative symporter YidK
[23:50:14] Modify product: Uncharacterized HTH-type transcriptional regulator Rv1395 => putative HTH-type transcriptional regulator
[23:50:14] Modify product: Uncharacterized HTH-type transcriptional regulator Rv1395 => putative HTH-type transcriptional regulator
[23:50:14] Modify product: Uncharacterized HTH-type transcriptional regulator Rv1395 => putative HTH-type transcriptional regulator
[23:50:14] Modify product: Uncharacterized inner membrane transporter YhbE => putative inner membrane transporter YhbE
[23:50:14] Modify product: UPF0126 inner membrane protein YadS => hypothetical protein
[23:50:14] Modify product: Uncharacterized oxidoreductase Rv1144 => putative oxidoreductase
[23:50:14] Modify product: Probable Fe(2+)-trafficking protein => putative Fe(2+)-trafficking protein
[23:50:14] Modify product: Uncharacterized protein YciO => putative protein YciO
[23:50:14] Modify product: Segregation and condensation protein B homolog => Segregation and condensation protein B 
[23:50:14] Modify product: Uncharacterized oxidoreductase YciK => putative oxidoreductase YciK
[23:50:14] Modify product: Probable cystine transporter YijE => putative cystine transporter YijE
[23:50:14] Modify product: Uncharacterized protein YciH => putative protein YciH
[23:50:14] Modify product: Monocarboxylate 2-oxoacid-binding periplasmic protein all3028 => Monocarboxylate 2-oxoacid-binding periplasmic protein
[23:50:14] Modify product: Acetyltransferase SACOL1063 => Acetyltransferase
[23:50:14] Modify product: Probable ribosomal oxygenase HI_0396 => putative ribosomal oxygenase
[23:50:14] Modify product: Uncharacterized HTH-type transcriptional regulator TtgW => putative HTH-type transcriptional regulator TtgW
[23:50:14] Modify product: Uncharacterized protein Rv2000 => putative protein
[23:50:14] Modify product: Probable L-galactonate transporter => putative L-galactonate transporter
[23:50:14] Modify product: Probable enoyl-CoA hydratase 1 => putative enoyl-CoA hydratase 1
[23:50:14] Modify product: Putative short-chain type dehydrogenase/reductase Rv0148 => Putative short-chain type dehydrogenase/reductase
[23:50:14] Modify product: Probable diguanylate cyclase DgcC => putative diguanylate cyclase DgcC
[23:50:14] Modify product: Putative formate dehydrogenase SA2102 => Putative formate dehydrogenase
[23:50:14] Modify product: Probable TonB-dependent receptor NMB0964 => putative TonB-dependent receptor
[23:50:14] Modify product: Probable membrane transporter protein YfcA => putative membrane transporter protein YfcA
[23:50:14] Modify product: Probable nicotinate-nucleotide adenylyltransferase => putative nicotinate-nucleotide adenylyltransferase
[23:50:15] Modify product: UPF0250 protein YbeD => hypothetical protein
[23:50:15] Modify product: UPF0270 protein PA3463 => hypothetical protein
[23:50:15] Modify product: UPF0053 protein HI_0107 => hypothetical protein
[23:50:15] Modify product: Putative short-chain type dehydrogenase/reductase Rv0148 => Putative short-chain type dehydrogenase/reductase
[23:50:15] Modify product: Uncharacterized acyl-CoA thioester hydrolase HI_0827 => putative acyl-CoA thioester hydrolase
[23:50:15] Modify product: UPF0382 membrane protein YwdK => hypothetical protein
[23:50:15] Modify product: UPF0301 protein YqgE => hypothetical protein
[23:50:15] Modify product: Oxygen-independent coproporphyrinogen-III oxidase-like protein LL1139 => Oxygen-independent coproporphyrinogen-III oxidase-like protein
[23:50:15] Modify product: Probable enoyl-CoA hydratase echA14 => putative enoyl-CoA hydratase echA14
[23:50:15] Modify product: Probable glycerophosphodiester phosphodiesterase 1 => putative glycerophosphodiester phosphodiesterase 1
[23:50:15] Modify product: Probable enoyl-CoA hydratase echA8 => putative enoyl-CoA hydratase echA8
[23:50:15] Modify product: Cyclic di-GMP phosphodiesterase PA4108 => Cyclic di-GMP phosphodiesterase
[23:50:15] Modify product: Probable protease SohB => putative protease SohB
[23:50:15] Modify product: Probable metabolite transport protein CsbC => putative metabolite transport protein CsbC
[23:50:15] Modify product: Uncharacterized protein Rv0906 => putative protein
[23:50:15] Modify product: Probable xanthine dehydrogenase subunit A => putative xanthine dehydrogenase subunit A
[23:50:15] Modify product: Probable lipoprotein YiaD => putative lipoprotein YiaD
[23:50:15] Modify product: Uncharacterized protein YqeY => putative protein YqeY
[23:50:15] Modify product: Cyclic di-GMP phosphodiesterase PA4108 => Cyclic di-GMP phosphodiesterase
[23:50:15] Modify product: Probable succinyl-CoA:3-ketoacid coenzyme A transferase subunit A => putative succinyl-CoA:3-ketoacid coenzyme A transferase subunit A
[23:50:15] Modify product: Probable succinyl-CoA:3-ketoacid coenzyme A transferase subunit B => putative succinyl-CoA:3-ketoacid coenzyme A transferase subunit B
[23:50:15] Modify product: Uncharacterized protein Rv2307c => putative protein
[23:50:15] Modify product: Probable RNA polymerase sigma factor FecI => putative RNA polymerase sigma factor FecI
[23:50:15] Modify product: Probable lipid II flippase MurJ => putative lipid II flippase MurJ
[23:50:16] Modify product: Epimerase family protein SA0724 => Epimerase family protein
[23:50:16] Modify product: Uncharacterized FAD-linked oxidoreductase Rv2280 => putative FAD-linked oxidoreductase
[23:50:16] Modify product: Uncharacterized HTH-type transcriptional regulator Rv1395 => putative HTH-type transcriptional regulator
[23:50:16] Modify product: UPF0271 protein PA4511 => hypothetical protein
[23:50:16] Modify product: Uncharacterized protein PA3922 => putative protein
[23:50:16] Modify product: Probable multidrug resistance protein EmrK => putative multidrug resistance protein EmrK
[23:50:16] Modify product: Uncharacterized methyltransferase YcgJ => putative methyltransferase YcgJ
[23:50:16] Modify product: Probable glucarate transporter => putative glucarate transporter
[23:50:16] Modify product: Uncharacterized MFS-type transporter YcaD => putative MFS-type transporter YcaD
[23:50:16] Modify product: Uncharacterized protein HI_0933 => putative protein
[23:50:16] Modify product: Uncharacterized protein Rv0887c => putative protein
[23:50:16] Modify product: Uncharacterized protein YaeQ => putative protein YaeQ
[23:50:16] Modify product: Probable enoyl-CoA hydratase echA8 => putative enoyl-CoA hydratase echA8
[23:50:16] Modify product: Cyclic nucleotide-gated potassium channel mll3241 => Cyclic nucleotide-gated potassium channel
[23:50:16] Modify product: Uncharacterized protein YqiC => putative protein YqiC
[23:50:16] Modify product: Uncharacterized monooxygenase Rv0892 => putative monooxygenase
[23:50:16] Modify product: Probable L-galactonate transporter => putative L-galactonate transporter
[23:50:16] Modify product: Probable enoyl-CoA hydratase echA8 => putative enoyl-CoA hydratase echA8
[23:50:16] Modify product: Universal stress protein A homolog 2 => Universal stress protein A 
[23:50:16] Modify product: UPF0311 protein RPA1785 => hypothetical protein
[23:50:16] Modify product: Probable FMN/FAD exporter YeeO => putative FMN/FAD exporter YeeO
[23:50:16] Modify product: Bifunctional protein FolD => Bifunctional protein FolD protein
[23:50:16] Modify product: Probable diguanylate cyclase DgcE => putative diguanylate cyclase DgcE
[23:50:16] Modify product: Probable tRNA-dihydrouridine synthase => putative tRNA-dihydrouridine synthase
[23:50:16] Modify product: Putative esterase PA1618 => Putative esterase
[23:50:16] Modify product: Probable FMN/FAD exporter YeeO => putative FMN/FAD exporter YeeO
[23:50:16] Modify product: Putative trans-acting enoyl reductase Rv2449c => Putative trans-acting enoyl reductase
[23:50:16] Modify product: Putative multidrug export ATP-binding/permease protein SA1683 => Putative multidrug export ATP-binding/permease protein
[23:50:16] Modify product: Uncharacterized ABC transporter ATP-binding protein YheS => putative ABC transporter ATP-binding protein YheS
[23:50:16] Modify product: Uncharacterized oxidoreductase Rv0945 => putative oxidoreductase
[23:50:16] Modify product: UPF0070 protein HI_0370 => hypothetical protein
[23:50:16] Modify product: Uncharacterized signaling protein PA1727 => putative signaling protein
[23:50:16] Modify product: Co-chaperone protein HscB homolog => Co-chaperone protein HscB 
[23:50:16] Modify product: Uncharacterized HTH-type transcriptional regulator Rv1395 => putative HTH-type transcriptional regulator
[23:50:16] Modify product: Probable GTPase Rv1496 => putative GTPase
[23:50:16] Modify product: Uncharacterized oxidoreductase Rv1350 => putative oxidoreductase
[23:50:16] Modify product: Uncharacterized protein Rv2910c => putative protein
[23:50:16] Modify product: Probable M18 family aminopeptidase 2 => putative M18 family aminopeptidase 2
[23:50:16] Modify product: Uncharacterized ABC transporter ATP-binding protein YadG => putative ABC transporter ATP-binding protein YadG
[23:50:16] Modify product: UPF0073 inner membrane protein YqfA => hypothetical protein
[23:50:16] Modify product: Uncharacterized protein YyaP => putative protein YyaP
[23:50:16] Modify product: DNA-binding protein VF_0530 => DNA-binding protein
[23:50:16] Modify product: Probable GTP-binding protein EngB => putative GTP-binding protein EngB
[23:50:17] Modify product: SCO1 protein homolog => SCO1 protein 
[23:50:17] Modify product: UPF0758 protein YsxA => hypothetical protein
[23:50:17] Modify product: Uncharacterized FAD-linked oxidoreductase Rv2280 => putative FAD-linked oxidoreductase
[23:50:17] Modify product: Uncharacterized protein YcgM => putative protein YcgM
[23:50:17] Modify product: Uncharacterized protein YccU => putative protein YccU
[23:50:17] Modify product: Probable chromosome-partitioning protein ParB => putative chromosome-partitioning protein ParB
[23:50:17] Modify product: Phosphate-specific transport system accessory protein PhoU homolog => Phosphate-specific transport system accessory protein PhoU 
[23:50:17] Modify product: UPF0213 protein BH0048 => hypothetical protein
[23:50:17] Modify product: Uncharacterized protein YibN => putative protein YibN
[23:50:17] Modify product: Uncharacterized signaling protein PA1727 => putative signaling protein
[23:50:17] Modify product: Probable protein kinase UbiB => putative protein kinase UbiB
[23:50:17] Modify product: Uncharacterized oxidoreductase Rv0769 => putative oxidoreductase
[23:50:17] Modify product: Uncharacterized ABC transporter ATP-binding protein TM_0288 => putative ABC transporter ATP-binding protein
[23:50:17] Modify product: Uncharacterized oxidoreductase SA2266 => putative oxidoreductase
[23:50:17] Modify product: Probable enoyl-CoA hydratase => putative enoyl-CoA hydratase
[23:50:17] Modify product: Uncharacterized HTH-type transcriptional regulator Rv1395 => putative HTH-type transcriptional regulator
[23:50:17] Modify product: Probable diguanylate cyclase DgcQ => putative diguanylate cyclase DgcQ
[23:50:17] Modify product: Probable DNA endonuclease SmrA => putative DNA endonuclease SmrA
[23:50:17] Modify product: Uncharacterized tRNA/rRNA methyltransferase Rv3579c => putative tRNA/rRNA methyltransferase
[23:50:17] Modify product: Probable transcriptional regulatory protein YeeN => putative transcriptional regulatory protein YeeN
[23:50:17] Modify product: Universal stress protein E homolog => Universal stress protein E 
[23:50:17] Modify product: Probable multidrug-efflux transporter Rv1258c => putative multidrug-efflux transporter
[23:50:17] Modify product: Uncharacterized amino acid permease YhdG => putative amino acid permease YhdG
[23:50:17] Modify product: Putative hydro-lyase Atu3911 => Putative hydro-lyase
[23:50:17] Modify product: Probable HTH-type transcriptional repressor ExuR => putative HTH-type transcriptional repressor ExuR
[23:50:17] Modify product: UPF0176 protein lpg2838 => hypothetical protein
[23:50:17] Modify product: UPF0434 protein PFL_1779 => hypothetical protein
[23:50:17] Modify product: Uncharacterized protein Rv2232 => putative protein
[23:50:17] Modify product: Uncharacterized metal-dependent hydrolase YcfH => putative metal-dependent hydrolase YcfH
[23:50:17] Modify product: Uncharacterized protein HI_1008 => putative protein
[23:50:17] Modify product: Uncharacterized ABC transporter ATP-binding protein YknY => putative ABC transporter ATP-binding protein YknY
[23:50:18] Modify product: UPF0176 protein lpg2838 => hypothetical protein
[23:50:18] Modify product: RutC family protein HI_0719 => RutC family protein
[23:50:18] Modify product: Probable enoyl-CoA hydratase echA12 => putative enoyl-CoA hydratase echA12
[23:50:18] Modify product: UPF0178 protein YaiI => hypothetical protein
[23:50:18] Modify product: Uncharacterized FAD-linked oxidoreductase Rv2280 => putative FAD-linked oxidoreductase
[23:50:18] Modify product: Uncharacterized protein Rv1480 => putative protein
[23:50:18] Modify product: UPF0353 protein Rv1481 => hypothetical protein
[23:50:18] Modify product: Probable metabolite transport protein CsbC => putative metabolite transport protein CsbC
[23:50:18] Modify product: Probable peptidoglycan glycosyltransferase FtsW => putative peptidoglycan glycosyltransferase FtsW
[23:50:18] Modify product: UPF0716 protein FxsA => hypothetical protein
[23:50:18] Modify product: Probable ATP-dependent helicase DinG => putative ATP-dependent helicase DinG
[23:50:18] Modify product: Uncharacterized protein YqcC => putative protein YqcC
[23:50:18] Modify product: Cyclic nucleotide-gated potassium channel mll3241 => Cyclic nucleotide-gated potassium channel
[23:50:18] Modify product: Probable lipoprotein YiaD => putative lipoprotein YiaD
[23:50:18] Modify product: UPF0246 protein YaaA => hypothetical protein
[23:50:18] Modify product: Uncharacterized signaling protein PA1727 => putative signaling protein
[23:50:18] Modify product: Butyryl-CoA dehydrogenase Swol_1933 => Butyryl-CoA dehydrogenase
[23:50:18] Modify product: Uncharacterized protein Rv2913c => putative protein
[23:50:18] Modify product: Putative acyltransferase Rv0859 => Putative acyltransferase
[23:50:18] Modify product: Uncharacterized symporter YidK => putative symporter YidK
[23:50:18] Modify product: Probable phosphoadenosine phosphosulfate reductase => putative phosphoadenosine phosphosulfate reductase
[23:50:18] Modify product: Uncharacterized protein YfgD => putative protein YfgD
[23:50:18] Modify product: UPF0701 protein YicC => hypothetical protein
[23:50:18] Modify product: UPF0111 protein HI_1603 => hypothetical protein
[23:50:18] Modify product: Probable transcriptional regulatory protein pdtaR => putative transcriptional regulatory protein pdtaR
[23:50:18] Modify product: Glutathione peroxidase homolog BsaA => Glutathione peroxidase BsaA
[23:50:18] Modify product: Uncharacterized protein Rv1288 => putative protein
[23:50:18] Modify product: Riboflavin biosynthesis protein VVA0006 => Riboflavin biosynthesis protein
[23:50:18] Modify product: Cytochrome b561 homolog 2 => Cytochrome b561 
[23:50:18] Modify product: Uncharacterized inner membrane transporter YedA => putative inner membrane transporter YedA
[23:50:18] Modify product: Putative multidrug export ATP-binding/permease protein SA1683 => Putative multidrug export ATP-binding/permease protein
[23:50:18] Modify product: UPF0758 protein CT0611 => hypothetical protein
[23:50:18] Modify product: Probable oxidoreductase EphD => putative oxidoreductase EphD
[23:50:18] Modify product: UPF0102 protein RPA0323 => hypothetical protein
[23:50:18] Cleaned 166 /product names
[23:50:18] Deleting unwanted file: /home/cho_mb18/prokka_output/270//sprot.faa
[23:50:18] Deleting unwanted file: /home/cho_mb18/prokka_output/270//sprot.blast
[23:50:19] There are still 761 unannotated CDS left (started with 2417)
[23:50:19] Will use hmmer3 to search against /home/linuxbrew/.linuxbrew/Cellar/prokka/1.13/bin/../db/hmm/HAMAP.hmm with 8 CPUs
[23:50:19] Running: cat \/home\/cho_mb18\/prokka_output\/270\/\/HAMAP\.hmm\.faa | parallel --gnu --plain -j 8 --block 12005 --recstart '>' --pipe hmmscan --noali --notextw --acc -E 1e-06 --cpu 1 /home/linuxbrew/.linuxbrew/Cellar/prokka/1.13/bin/../db/hmm/HAMAP.hmm /dev/stdin > \/home\/cho_mb18\/prokka_output\/270\/\/HAMAP\.hmm\.hmmer3 2> /dev/null
[23:50:39] Modify product: Uncharacterized Nudix hydrolase NudL => putative Nudix hydrolase NudL
[23:50:40] Cleaned 1 /product names
[23:50:40] Deleting unwanted file: /home/cho_mb18/prokka_output/270//HAMAP.hmm.faa
[23:50:40] Deleting unwanted file: /home/cho_mb18/prokka_output/270//HAMAP.hmm.hmmer3
[23:50:40] Labelling remaining 699 proteins as 'hypothetical protein'
[23:50:40] Possible /pseudo 'Twitching mobility protein' at SaanichInlet_120m_270_7 position 2995
[23:50:40] Possible /pseudo 'HTH-type transcriptional regulator CdhR' at SaanichInlet_120m_270_10 position 20365
[23:50:40] Possible /pseudo 'Flavin-dependent tryptophan halogenase RebH' at SaanichInlet_120m_270_13 position 37175
[23:50:40] Possible /pseudo 'Haloalkane dehalogenase' at SaanichInlet_120m_270_89 position 8031
[23:50:40] Found 1351 unique /gene codes.
[23:50:40] Fixed 2 duplicate /gene - spuC_1 spuC_2
[23:50:40] Fixed 2 duplicate /gene - pdeB_1 pdeB_2
[23:50:40] Fixed 3 duplicate /gene - bcp_1 bcp_2 bcp_3
[23:50:40] Fixed 2 duplicate /gene - crt_1 crt_2
[23:50:40] Fixed 2 duplicate /gene - trmJ_1 trmJ_2
[23:50:40] Fixed 2 duplicate /gene - btsS_1 btsS_2
[23:50:40] Fixed 2 duplicate /gene - maeB_1 maeB_2
[23:50:40] Fixed 3 duplicate /gene - ftsA_1 ftsA_2 ftsA_3
[23:50:40] Fixed 2 duplicate /gene - lapA_1 lapA_2
[23:50:40] Fixed 2 duplicate /gene - betI_1 betI_2
[23:50:40] Fixed 3 duplicate /gene - fadA_1 fadA_2 fadA_3
[23:50:40] Fixed 2 duplicate /gene - soxB_1 soxB_2
[23:50:40] Fixed 2 duplicate /gene - pyrE_1 pyrE_2
[23:50:40] Fixed 2 duplicate /gene - gloB_1 gloB_2
[23:50:40] Fixed 2 duplicate /gene - flhB_1 flhB_2
[23:50:40] Fixed 2 duplicate /gene - dmdC_1 dmdC_2
[23:50:40] Fixed 3 duplicate /gene - yfdE_1 yfdE_2 yfdE_3
[23:50:40] Fixed 2 duplicate /gene - tatA_1 tatA_2
[23:50:40] Fixed 2 duplicate /gene - fecR_1 fecR_2
[23:50:40] Fixed 3 duplicate /gene - aroK_1 aroK_2 aroK_3
[23:50:40] Fixed 2 duplicate /gene - lcfB_1 lcfB_2
[23:50:40] Fixed 2 duplicate /gene - bacC_1 bacC_2
[23:50:40] Fixed 2 duplicate /gene - sdcS_1 sdcS_2
[23:50:40] Fixed 2 duplicate /gene - acpP_1 acpP_2
[23:50:40] Fixed 2 duplicate /gene - plsC_1 plsC_2
[23:50:40] Fixed 2 duplicate /gene - yidK_1 yidK_2
[23:50:40] Fixed 2 duplicate /gene - amtB_1 amtB_2
[23:50:40] Fixed 2 duplicate /gene - ubiI_1 ubiI_2
[23:50:40] Fixed 2 duplicate /gene - nlpD_1 nlpD_2
[23:50:40] Fixed 2 duplicate /gene - dnaK_1 dnaK_2
[23:50:40] Fixed 2 duplicate /gene - rimK_1 rimK_2
[23:50:40] Fixed 2 duplicate /gene - nudC_1 nudC_2
[23:50:40] Fixed 7 duplicate /gene - fabG_1 fabG_2 fabG_3 fabG_4 fabG_5 fabG_6 fabG_7
[23:50:40] Fixed 3 duplicate /gene - pomA_1 pomA_2 pomA_3
[23:50:40] Fixed 2 duplicate /gene - C1-hpah_1 C1-hpah_2
[23:50:40] Fixed 2 duplicate /gene - fixL_1 fixL_2
[23:50:40] Fixed 2 duplicate /gene - tolQ_1 tolQ_2
[23:50:40] Fixed 3 duplicate /gene - bglA_1 bglA_2 bglA_3
[23:50:40] Fixed 3 duplicate /gene - opuD_1 opuD_2 opuD_3
[23:50:40] Fixed 2 duplicate /gene - puuA_1 puuA_2
[23:50:40] Fixed 2 duplicate /gene - tdh_1 tdh_2
[23:50:40] Fixed 3 duplicate /gene - echA8_1 echA8_2 echA8_3
[23:50:40] Fixed 2 duplicate /gene - purU_1 purU_2
[23:50:40] Fixed 2 duplicate /gene - soxD_1 soxD_2
[23:50:40] Fixed 3 duplicate /gene - nfuA_1 nfuA_2 nfuA_3
[23:50:40] Fixed 2 duplicate /gene - cysE_1 cysE_2
[23:50:40] Fixed 2 duplicate /gene - erpA_1 erpA_2
[23:50:40] Fixed 3 duplicate /gene - btsR_1 btsR_2 btsR_3
[23:50:40] Fixed 3 duplicate /gene - uspE_1 uspE_2 uspE_3
[23:50:40] Fixed 2 duplicate /gene - fadH_1 fadH_2
[23:50:40] Fixed 4 duplicate /gene - acrC_1 acrC_2 acrC_3 acrC_4
[23:50:40] Fixed 2 duplicate /gene - kduD_1 kduD_2
[23:50:40] Fixed 2 duplicate /gene - lptB_1 lptB_2
[23:50:40] Fixed 2 duplicate /gene - fucP_1 fucP_2
[23:50:40] Fixed 2 duplicate /gene - wbpA_1 wbpA_2
[23:50:40] Fixed 2 duplicate /gene - kynB_1 kynB_2
[23:50:40] Fixed 2 duplicate /gene - yrdA_1 yrdA_2
[23:50:40] Fixed 2 duplicate /gene - glpD_1 glpD_2
[23:50:40] Fixed 2 duplicate /gene - lgoT_1 lgoT_2
[23:50:40] Fixed 3 duplicate /gene - ggt_1 ggt_2 ggt_3
[23:50:40] Fixed 2 duplicate /gene - msrA_1 msrA_2
[23:50:40] Fixed 2 duplicate /gene - btuF_1 btuF_2
[23:50:40] Fixed 2 duplicate /gene - polA_1 polA_2
[23:50:40] Fixed 2 duplicate /gene - bepF_1 bepF_2
[23:50:40] Fixed 3 duplicate /gene - accA1_1 accA1_2 accA1_3
[23:50:40] Fixed 8 duplicate /gene - bepA_1 bepA_2 bepA_3 bepA_4 bepA_5 bepA_6 bepA_7 bepA_8
[23:50:40] Fixed 2 duplicate /gene - cmpC_1 cmpC_2
[23:50:40] Fixed 2 duplicate /gene - yeaW_1 yeaW_2
[23:50:40] Fixed 2 duplicate /gene - nfdA_1 nfdA_2
[23:50:40] Fixed 3 duplicate /gene - paaF_1 paaF_2 paaF_3
[23:50:40] Fixed 2 duplicate /gene - yeeO_1 yeeO_2
[23:50:40] Fixed 2 duplicate /gene - xerC_1 xerC_2
[23:50:40] Fixed 2 duplicate /gene - algC_1 algC_2
[23:50:40] Fixed 4 duplicate /gene - ethA_1 ethA_2 ethA_3 ethA_4
[23:50:40] Fixed 11 duplicate /gene - fyuA_1 fyuA_2 fyuA_3 fyuA_4 fyuA_5 fyuA_6 fyuA_7 fyuA_8 fyuA_9 fyuA_10 fyuA_11
[23:50:40] Fixed 2 duplicate /gene - slyD_1 slyD_2
[23:50:40] Fixed 2 duplicate /gene - ligF_1 ligF_2
[23:50:40] Fixed 3 duplicate /gene - metH_1 metH_2 metH_3
[23:50:40] Fixed 2 duplicate /gene - rpoE_1 rpoE_2
[23:50:40] Fixed 3 duplicate /gene - fadD_1 fadD_2 fadD_3
[23:50:40] Fixed 2 duplicate /gene - ylxH_1 ylxH_2
[23:50:40] Fixed 2 duplicate /gene - yceI_1 yceI_2
[23:50:40] Fixed 2 duplicate /gene - anmK_1 anmK_2
[23:50:40] Fixed 2 duplicate /gene - pilT_1 pilT_2
[23:50:40] Fixed 2 duplicate /gene - rsxG_1 rsxG_2
[23:50:40] Fixed 2 duplicate /gene - cysG_1 cysG_2
[23:50:40] Fixed 2 duplicate /gene - oxyR_1 oxyR_2
[23:50:40] Fixed 3 duplicate /gene - xylP_1 xylP_2 xylP_3
[23:50:40] Fixed 2 duplicate /gene - blh_1 blh_2
[23:50:40] Fixed 5 duplicate /gene - cirA_1 cirA_2 cirA_3 cirA_4 cirA_5
[23:50:40] Fixed 2 duplicate /gene - ilvI_1 ilvI_2
[23:50:40] Fixed 2 duplicate /gene - acnB_1 acnB_2
[23:50:40] Fixed 2 duplicate /gene - yiaD_1 yiaD_2
[23:50:40] Fixed 2 duplicate /gene - blc_1 blc_2
[23:50:40] Fixed 2 duplicate /gene - epsF_1 epsF_2
[23:50:40] Fixed 6 duplicate /gene - btuB_1 btuB_2 btuB_3 btuB_4 btuB_5 btuB_6
[23:50:40] Fixed 2 duplicate /gene - dapb3_1 dapb3_2
[23:50:40] Fixed 2 duplicate /gene - atpC_1 atpC_2
[23:50:40] Fixed 4 duplicate /gene - mmgC_1 mmgC_2 mmgC_3 mmgC_4
[23:50:40] Fixed 3 duplicate /gene - mepM_1 mepM_2 mepM_3
[23:50:40] Fixed 2 duplicate /gene - qbdA_1 qbdA_2
[23:50:40] Fixed 2 duplicate /gene - pamO_1 pamO_2
[23:50:40] Fixed 2 duplicate /gene - hexR_1 hexR_2
[23:50:40] Fixed 3 duplicate /gene - cdhR_1 cdhR_2 cdhR_3
[23:50:40] Fixed 2 duplicate /gene - msbA_1 msbA_2
[23:50:40] Fixed 2 duplicate /gene - qorA_1 qorA_2
[23:50:40] Fixed 2 duplicate /gene - hcf136_1 hcf136_2
[23:50:40] Fixed 2 duplicate /gene - alsT_1 alsT_2
[23:50:40] Fixed 2 duplicate /gene - cpnA_1 cpnA_2
[23:50:40] Fixed 2 duplicate /gene - yofA_1 yofA_2
[23:50:40] Fixed 3 duplicate /gene - fadB_1 fadB_2 fadB_3
[23:50:40] Fixed 2 duplicate /gene - yvoA_1 yvoA_2
[23:50:40] Fixed 3 duplicate /gene - rebH_1 rebH_2 rebH_3
[23:50:40] Fixed 3 duplicate /gene - ald_1 ald_2 ald_3
[23:50:40] Fixed 2 duplicate /gene - soxA_1 soxA_2
[23:50:40] Fixed 2 duplicate /gene - camA_1 camA_2
[23:50:40] Fixed 2 duplicate /gene - rdmC_1 rdmC_2
[23:50:40] Fixed 2 duplicate /gene - radA_1 radA_2
[23:50:40] Fixed 5 duplicate /gene - lrp_1 lrp_2 lrp_3 lrp_4 lrp_5
[23:50:40] Fixed 2 duplicate /gene - yfmJ_1 yfmJ_2
[23:50:40] Fixed 2 duplicate /gene - scpA_1 scpA_2
[23:50:40] Fixed 2 duplicate /gene - nylB_1 nylB_2
[23:50:40] Fixed 2 duplicate /gene - fliA_1 fliA_2
[23:50:40] Fixed 3 duplicate /gene - atsA_1 atsA_2 atsA_3
[23:50:40] Fixed 2 duplicate /gene - flhA_1 flhA_2
[23:50:40] Fixed 2 duplicate /gene - nylB'_1 nylB'_2
[23:50:40] Fixed 3 duplicate /gene - curA_1 curA_2 curA_3
[23:50:40] Fixed 2 duplicate /gene - lafU_1 lafU_2
[23:50:40] Fixed 2 duplicate /gene - ada_1 ada_2
[23:50:40] Fixed 2 duplicate /gene - amiC_1 amiC_2
[23:50:40] Fixed 2 duplicate /gene - caiD_1 caiD_2
[23:50:40] Fixed 2 duplicate /gene - pilQ_1 pilQ_2
[23:50:40] Fixed 2 duplicate /gene - slmA_1 slmA_2
[23:50:40] Fixed 2 duplicate /gene - liuE_1 liuE_2
[23:50:40] Fixed 2 duplicate /gene - hemN_1 hemN_2
[23:50:40] Fixed 2 duplicate /gene - guaB_1 guaB_2
[23:50:40] Fixed 2 duplicate /gene - csbC_1 csbC_2
[23:50:40] Fixed 3 duplicate /gene - smc_1 smc_2 smc_3
[23:50:40] Fixed 2 duplicate /gene - swrC_1 swrC_2
[23:50:40] Fixed 2 duplicate /gene - menH_1 menH_2
[23:50:40] Fixed 2 duplicate /gene - yjcS_1 yjcS_2
[23:50:40] Fixed 2 duplicate /gene - bamB_1 bamB_2
[23:50:40] Fixed 2 duplicate /gene - metXA_1 metXA_2
[23:50:40] Fixed 2 duplicate /gene - mmpL3_1 mmpL3_2
[23:50:40] Fixed 3 duplicate /gene - epsE_1 epsE_2 epsE_3
[23:50:40] Fixed 2 duplicate /gene - mdeA_1 mdeA_2
[23:50:40] Fixed 2 duplicate /gene - nlhH_1 nlhH_2
[23:50:40] Fixed 2 duplicate /gene - djlA_1 djlA_2
[23:50:40] Fixed 148 colliding /gene names.
[23:50:40] Adding /locus_tag identifiers
[23:50:40] Assigned 2453 locus_tags to CDS and RNA features.
[23:50:40] Writing outputs to /home/cho_mb18/prokka_output/270//
[23:50:42] Generating annotation statistics file
[23:50:42] Generating Genbank and Sequin files
[23:50:42] Running: tbl2asn -V b -a r10k -l paired-ends -M n -N 1 -y 'Annotated using prokka 1.13 from https://github.com/tseemann/prokka' -Z \/home\/cho_mb18\/prokka_output\/270\/\/PROKKA_11162018\.err -i \/home\/cho_mb18\/prokka_output\/270\/\/PROKKA_11162018\.fsa 2> /dev/null
[23:50:51] Deleting unwanted file: /home/cho_mb18/prokka_output/270//errorsummary.val
[23:50:51] Deleting unwanted file: /home/cho_mb18/prokka_output/270//PROKKA_11162018.dr
[23:50:51] Deleting unwanted file: /home/cho_mb18/prokka_output/270//PROKKA_11162018.fixedproducts
[23:50:51] Deleting unwanted file: /home/cho_mb18/prokka_output/270//PROKKA_11162018.ecn
[23:50:51] Deleting unwanted file: /home/cho_mb18/prokka_output/270//PROKKA_11162018.val
[23:50:51] Repairing broken .GBK output that tbl2asn produces...
[23:50:51] Running: sed 's/COORDINATES: profile/COORDINATES:profile/' < \/home\/cho_mb18\/prokka_output\/270\/\/PROKKA_11162018\.gbf > \/home\/cho_mb18\/prokka_output\/270\/\/PROKKA_11162018\.gbk
[23:50:51] Deleting unwanted file: /home/cho_mb18/prokka_output/270//PROKKA_11162018.gbf
[23:50:51] Output files:
[23:50:51] /home/cho_mb18/prokka_output/270/PROKKA_11162018.log
[23:50:51] /home/cho_mb18/prokka_output/270/PROKKA_11162018.fna
[23:50:51] /home/cho_mb18/prokka_output/270/PROKKA_11162018.gff
[23:50:51] /home/cho_mb18/prokka_output/270/PROKKA_11162018.faa
[23:50:51] /home/cho_mb18/prokka_output/270/PROKKA_11162018.ffn
[23:50:51] /home/cho_mb18/prokka_output/270/PROKKA_11162018.tbl
[23:50:51] /home/cho_mb18/prokka_output/270/PROKKA_11162018.fsa
[23:50:51] /home/cho_mb18/prokka_output/270/PROKKA_11162018.tsv
[23:50:51] /home/cho_mb18/prokka_output/270/PROKKA_11162018.txt
[23:50:51] /home/cho_mb18/prokka_output/270/PROKKA_11162018.gbk
[23:50:51] /home/cho_mb18/prokka_output/270/PROKKA_11162018.sqn
[23:50:51] /home/cho_mb18/prokka_output/270/PROKKA_11162018.err
[23:50:51] Annotation finished successfully.
[23:50:51] Walltime used: 1.92 minutes
[23:50:51] If you use this result please cite the Prokka paper:
[23:50:51] Seemann T (2014) Prokka: rapid prokaryotic genome annotation. Bioinformatics. 30(14):2068-9.
[23:50:51] Type 'prokka --citation' for more details.
[23:50:51] Share and enjoy!
