[23:47:05] This is prokka 1.13
[23:47:05] Written by Torsten Seemann <torsten.seemann@gmail.com>
[23:47:05] Homepage is https://github.com/tseemann/prokka
[23:47:05] Local time is Fri Nov 16 23:47:05 2018
[23:47:05] You are linuxbrew
[23:47:05] Operating system is linux
[23:47:05] You have BioPerl 1.007002
[23:47:05] System has 40 cores.
[23:47:05] Will use maximum of 8 cores.
[23:47:05] Annotating as >>> Bacteria <<<
[23:47:05] Generating locus_tag from '/projects/micb405/resources/project_2/2018/SaanichInlet_120m/MetaBAT2_SaanichInlet_120m//MedQPlus_MAGs/SaanichInlet_120m.261.fa' contents.
[23:47:05] Setting --locustag LLEJNKGF from MD5 55e3740f8c0d7ea5adcfb970b16b0a17
[23:47:05] Creating new output folder: /home/cho_mb18/prokka_output/261/
[23:47:05] Running: mkdir -p \/home\/cho_mb18\/prokka_output\/261\/
[23:47:05] Using filename prefix: PROKKA_11162018.XXX
[23:47:05] Setting HMMER_NCPU=1
[23:47:05] Writing log to: /home/cho_mb18/prokka_output/261//PROKKA_11162018.log
[23:47:05] Command: /home/linuxbrew/.linuxbrew/bin/prokka --kingdom Bacteria --outdir /home/cho_mb18/prokka_output/261/ --force /projects/micb405/resources/project_2/2018/SaanichInlet_120m/MetaBAT2_SaanichInlet_120m//MedQPlus_MAGs/SaanichInlet_120m.261.fa
[23:47:05] Appending to PATH: /home/linuxbrew/.linuxbrew/Cellar/prokka/1.13/bin
[23:47:05] Looking for 'aragorn' - found /home/linuxbrew/.linuxbrew/bin/aragorn
[23:47:05] Determined aragorn version is 1.2
[23:47:05] Looking for 'barrnap' - found /home/linuxbrew/.linuxbrew/bin/barrnap
[23:47:05] Determined barrnap version is 0.9
[23:47:05] Looking for 'blastp' - found /home/linuxbrew/.linuxbrew/bin/blastp
[23:47:05] Determined blastp version is 2.7
[23:47:05] Looking for 'cmpress' - found /home/linuxbrew/.linuxbrew/bin/cmpress
[23:47:05] Determined cmpress version is 1.1
[23:47:05] Looking for 'cmscan' - found /home/linuxbrew/.linuxbrew/bin/cmscan
[23:47:05] Determined cmscan version is 1.1
[23:47:05] Looking for 'egrep' - found /bin/egrep
[23:47:05] Looking for 'find' - found /usr/bin/find
[23:47:05] Looking for 'grep' - found /bin/grep
[23:47:05] Looking for 'hmmpress' - found /home/linuxbrew/.linuxbrew/bin/hmmpress
[23:47:05] Determined hmmpress version is 3.1
[23:47:05] Looking for 'hmmscan' - found /home/linuxbrew/.linuxbrew/bin/hmmscan
[23:47:05] Determined hmmscan version is 3.1
[23:47:05] Looking for 'java' - found /home/linuxbrew/.linuxbrew/bin/java
[23:47:05] Looking for 'less' - found /home/linuxbrew/.linuxbrew/bin/less
[23:47:05] Looking for 'makeblastdb' - found /home/linuxbrew/.linuxbrew/bin/makeblastdb
[23:47:05] Determined makeblastdb version is 2.7
[23:47:05] Looking for 'minced' - found /home/linuxbrew/.linuxbrew/bin/minced
[23:47:05] Determined minced version is 3.0
[23:47:05] Looking for 'parallel' - found /home/linuxbrew/.linuxbrew/bin/parallel
[23:47:05] Determined parallel version is 20180822
[23:47:05] Looking for 'prodigal' - found /home/linuxbrew/.linuxbrew/bin/prodigal
[23:47:05] Determined prodigal version is 2.6
[23:47:05] Looking for 'prokka-genbank_to_fasta_db' - found /home/linuxbrew/.linuxbrew/bin/prokka-genbank_to_fasta_db
[23:47:05] Looking for 'rnammer' - found /home/linuxbrew/.linuxbrew/bin/rnammer
[23:47:05] Determined rnammer version is 1.2
[23:47:05] Looking for 'sed' - found /bin/sed
[23:47:05] Looking for 'tbl2asn' - found /home/linuxbrew/.linuxbrew/bin/tbl2asn
[23:47:05] Determined tbl2asn version is 25.6
[23:47:05] Using genetic code table 11.
[23:47:05] Loading and checking input file: /projects/micb405/resources/project_2/2018/SaanichInlet_120m/MetaBAT2_SaanichInlet_120m//MedQPlus_MAGs/SaanichInlet_120m.261.fa
[23:47:06] Wrote 69 contigs totalling 1269358 bp.
[23:47:06] Predicting tRNAs and tmRNAs
[23:47:06] Running: aragorn -l -gc11  -w \/home\/cho_mb18\/prokka_output\/261\/\/PROKKA_11162018\.fna
[23:47:07] 1 tRNA-Phe c[62091,62166] 34 (gaa)
[23:47:07] 1 tRNA-Val [6630,6706] 35 (gac)
[23:47:07] 2 tRNA-Val [29603,29679] 35 (tac)
[23:47:07] 3 tRNA-Asp [29728,29802] 34 (gtc)
[23:47:07] 4 tRNA-Pro [34413,34489] 35 (tgg)
[23:47:07] 5 tRNA-Arg [34493,34569] 35 (tct)
[23:47:07] 6 tRNA-His [37615,37691] 35 (gtg)
[23:47:07] 1 tRNA-Gly c[6611,6686] 34 (gcc)
[23:47:07] 1 tRNA-Ile [13547,13624] 36 (gat)
[23:47:07] 1 tmRNA [6,354] 94,126 ANNDNYALAA*
[23:47:07] 2 tRNA-Trp c[38720,38795] 34 (cca)
[23:47:07] 3 tRNA-Thr c[40096,40170] 33 (ggt)
[23:47:07] 4 tRNA-Tyr c[40289,40372] 35 (gta)
[23:47:07] 5 tRNA-Thr [41750,41826] 35 (tgt)
[23:47:07] 1 tRNA-Ser c[1472,1561] 35 (gct)
[23:47:07] 1 tRNA-Arg [9524,9598] 34 (cct)
[23:47:07] 1 tRNA-Leu [924,1008] 35 (tag)
[23:47:07] 1 tRNA-Thr c[1390,1465] 34 (tgt)
[23:47:07] 1 tRNA-Arg c[10749,10825] 35 (acg)
[23:47:07] 1 tRNA-Ser [24069,24158] 35 (gga)
[23:47:07] 1 tRNA-Glu [907,982] 35 (ttc)
[23:47:07] 1 tRNA-Ala c[9222,9297] 34 (ggc)
[23:47:07] 1 tRNA-Lys c[31142,31217] 34 (ttt)
[23:47:07] 2 tRNA-Gln [100965,101039] 33 (ttg)
[23:47:07] 3 tRNA-Met [104427,104503] 35 (cat)
[23:47:07] 1 tRNA-Leu c[56496,56582] 35 (gag)
[23:47:07] 2 tRNA-Met [56678,56754] 35 (cat)
[23:47:07] 3 tRNA-Met c[65460,65536] 35 (cat)
[23:47:07] 1 tRNA-Leu [14,98] 35 (caa)
[23:47:07] 1 tRNA-Met [11429,11505] 35 (cat)
[23:47:07] 2 tRNA-Ala [23413,23488] 34 (tgc)
[23:47:07] 1 tRNA-Gly c[3728,3802] 34 (tcc)
[23:47:07] 1 tRNA-Arg c[4863,4939] 35 (tcg)
[23:47:07] Found 33 tRNAs
[23:47:07] Predicting Ribosomal RNAs
[23:47:07] Running Barrnap with 8 threads
[23:47:09] 1 SaanichInlet_120m_261_15 58338 5S ribosomal RNA
[23:47:09] 2 SaanichInlet_120m_261_15 58526 23S ribosomal RNA (partial)
[23:47:09] Found 2 rRNAs
[23:47:09] Skipping ncRNA search, enable with --rfam if desired.
[23:47:09] Total of 34 tRNA + rRNA features
[23:47:09] Searching for CRISPR repeats
[23:47:09] Found 0 CRISPRs
[23:47:09] Predicting coding sequences
[23:47:09] Contigs total 1269358 bp, so using single mode
[23:47:09] Running: prodigal -i \/home\/cho_mb18\/prokka_output\/261\/\/PROKKA_11162018\.fna -c -m -g 11 -p single -f sco -q
[23:47:11] Excluding CDS which overlaps existing RNA (tRNA) at SaanichInlet_120m_261_24:967..2217 on + strand
[23:47:12] Found 1309 CDS
[23:47:12] Connecting features back to sequences
[23:47:12] Not using genus-specific database. Try --usegenus to enable it.
[23:47:12] Annotating CDS, please be patient.
[23:47:12] Will use 8 CPUs for similarity searching.
[23:47:12] There are still 1309 unannotated CDS left (started with 1309)
[23:47:12] Will use blast to search against /home/linuxbrew/.linuxbrew/Cellar/prokka/1.13/bin/../db/kingdom/Bacteria/sprot with 8 CPUs
[23:47:12] Running: cat \/home\/cho_mb18\/prokka_output\/261\/\/sprot\.faa | parallel --gnu --plain -j 8 --block 25140 --recstart '>' --pipe blastp -query - -db /home/linuxbrew/.linuxbrew/Cellar/prokka/1.13/bin/../db/kingdom/Bacteria/sprot -evalue 1e-06 -num_threads 1 -num_descriptions 1 -num_alignments 1 -seg no > \/home\/cho_mb18\/prokka_output\/261\/\/sprot\.blast 2> /dev/null
[23:47:41] Modify product: Probable enoyl-CoA hydratase => putative enoyl-CoA hydratase
[23:47:41] Modify product: Uncharacterized hydrolase YxeP => putative hydrolase YxeP
[23:47:41] Modify product: Uncharacterized oxidoreductase YgfF => putative oxidoreductase YgfF
[23:47:41] Modify product: Monocarboxylate 2-oxoacid-binding periplasmic protein all3028 => Monocarboxylate 2-oxoacid-binding periplasmic protein
[23:47:41] Modify product: UPF0246 protein YaaA => hypothetical protein
[23:47:41] Modify product: Oxygen-independent coproporphyrinogen-III oxidase-like protein LL1139 => Oxygen-independent coproporphyrinogen-III oxidase-like protein
[23:47:41] Modify product: Putative aminotransferase MSMEG_6286/MSMEI_6121 => Putative aminotransferase/MSMEI_6121
[23:47:41] Modify product: UPF0145 protein BC_1012 => hypothetical protein
[23:47:41] Modify product: Probable enoyl-CoA hydratase => putative enoyl-CoA hydratase
[23:47:42] Modify product: Probable TonB-dependent receptor NMB0964 => putative TonB-dependent receptor
[23:47:42] Modify product: UPF0053 inner membrane protein YfjD => hypothetical protein
[23:47:42] Modify product: Putative monooxygenase Rv1533 => Putative monooxygenase
[23:47:42] Modify product: Probable Fe(2+)-trafficking protein => putative Fe(2+)-trafficking protein
[23:47:42] Modify product: Uncharacterized protein YibN => putative protein YibN
[23:47:42] Modify product: UPF0227 protein YcfP => hypothetical protein
[23:47:42] Modify product: UPF0701 protein HI_0467 => hypothetical protein
[23:47:42] Modify product: Uncharacterized protein YqeY => putative protein YqeY
[23:47:42] Modify product: Probable GTP-binding protein EngB => putative GTP-binding protein EngB
[23:47:42] Modify product: Probable protein kinase UbiB => putative protein kinase UbiB
[23:47:42] Modify product: Uncharacterized protein Rv1276c => putative protein
[23:47:42] Modify product: Uncharacterized HTH-type transcriptional regulator YybR => putative HTH-type transcriptional regulator YybR
[23:47:42] Modify product: Probable L-galactonate transporter => putative L-galactonate transporter
[23:47:42] Modify product: Uncharacterized peptidase Lmo0363 => putative peptidase
[23:47:42] Modify product: Probable acrylyl-CoA reductase AcuI => putative acrylyl-CoA reductase AcuI
[23:47:42] Modify product: Uncharacterized oxidoreductase Rv1144 => putative oxidoreductase
[23:47:42] Modify product: Uncharacterized ABC transporter ATP-binding protein YejF => putative ABC transporter ATP-binding protein YejF
[23:47:42] Modify product: Uncharacterized transporter Rv2685 => putative transporter
[23:47:42] Modify product: Bifunctional protein FolD => Bifunctional protein FolD protein
[23:47:42] Modify product: UPF0176 protein lpg2838 => hypothetical protein
[23:47:42] Modify product: Probable 2,4-dienoyl-CoA reductase => putative 2,4-dienoyl-CoA reductase
[23:47:42] Modify product: Uncharacterized sugar kinase YdjH => putative sugar kinase YdjH
[23:47:42] Modify product: Probable lipid II flippase MurJ => putative lipid II flippase MurJ
[23:47:42] Modify product: Probable acyltransferase YihG => putative acyltransferase YihG
[23:47:42] Modify product: Probable acyl-CoA dehydrogenase fadE25 => putative acyl-CoA dehydrogenase fadE25
[23:47:43] Modify product: Probable sulfoacetate transporter SauU => putative sulfoacetate transporter SauU
[23:47:43] Modify product: Probable phospholipid-binding lipoprotein MlaA => putative phospholipid-binding lipoprotein MlaA
[23:47:43] Modify product: Uncharacterized oxidoreductase YciK => putative oxidoreductase YciK
[23:47:43] Modify product: Segregation and condensation protein B homolog => Segregation and condensation protein B 
[23:47:43] Modify product: Uncharacterized methyltransferase YcgJ => putative methyltransferase YcgJ
[23:47:43] Modify product: DNA-binding protein VF_0530 => DNA-binding protein
[23:47:43] Modify product: UPF0324 inner membrane protein YeiH => hypothetical protein
[23:47:43] Modify product: Uncharacterized protein HI_0933 => putative protein
[23:47:43] Modify product: Uncharacterized ABC transporter ATP-binding protein YheS => putative ABC transporter ATP-binding protein YheS
[23:47:43] Modify product: Probable multidrug ABC transporter ATP-binding protein YbhF => putative multidrug ABC transporter ATP-binding protein YbhF
[23:47:43] Modify product: Probable multidrug ABC transporter permease YbhR => putative multidrug ABC transporter permease YbhR
[23:47:43] Modify product: UPF0434 protein NMA0874 => hypothetical protein
[23:47:43] Modify product: Putative trans-acting enoyl reductase Rv2449c => Putative trans-acting enoyl reductase
[23:47:43] Modify product: Uncharacterized protein YfgD => putative protein YfgD
[23:47:43] Modify product: Acetyltransferase SACOL1063 => Acetyltransferase
[23:47:43] Modify product: Probable enoyl-CoA hydratase echA8 => putative enoyl-CoA hydratase echA8
[23:47:43] Modify product: Glucuronide carrier protein homolog => Glucuronide carrier protein 
[23:47:43] Modify product: UPF0056 inner membrane protein YhgN => hypothetical protein
[23:47:43] Modify product: Uncharacterized ABC transporter ATP-binding protein YknY => putative ABC transporter ATP-binding protein YknY
[23:47:43] Modify product: Uncharacterized ABC transporter ATP-binding protein YadG => putative ABC transporter ATP-binding protein YadG
[23:47:43] Modify product: Uncharacterized isomerase YddE => putative isomerase YddE
[23:47:43] Modify product: Uncharacterized protein Rv0906 => putative protein
[23:47:43] Modify product: Uncharacterized methyltransferase YcgJ => putative methyltransferase YcgJ
[23:47:43] Modify product: Uncharacterized protein YbbA => putative protein YbbA
[23:47:43] Modify product: UPF0039 protein Rv2851c => hypothetical protein
[23:47:43] Modify product: Putative transport protein Rv0205 => Putative transport protein
[23:47:44] Modify product: Putative acyltransferase Rv0859 => Putative acyltransferase
[23:47:44] Modify product: Probable peptidoglycan glycosyltransferase FtsW => putative peptidoglycan glycosyltransferase FtsW
[23:47:44] Modify product: Probable peptidoglycan D,D-transpeptidase PbpC => putative peptidoglycan D,D-transpeptidase PbpC
[23:47:44] Modify product: Probable enoyl-CoA hydratase 1 => putative enoyl-CoA hydratase 1
[23:47:44] Modify product: DNA-binding protein VF_0530 => DNA-binding protein
[23:47:44] Modify product: UPF0073 inner membrane protein YqfA => hypothetical protein
[23:47:44] Modify product: Putative short-chain type dehydrogenase/reductase Rv0148 => Putative short-chain type dehydrogenase/reductase
[23:47:44] Modify product: Uncharacterized protein YrbL => putative protein YrbL
[23:47:44] Cleaned 68 /product names
[23:47:44] Deleting unwanted file: /home/cho_mb18/prokka_output/261//sprot.faa
[23:47:44] Deleting unwanted file: /home/cho_mb18/prokka_output/261//sprot.blast
[23:47:44] There are still 398 unannotated CDS left (started with 1309)
[23:47:44] Will use hmmer3 to search against /home/linuxbrew/.linuxbrew/Cellar/prokka/1.13/bin/../db/hmm/HAMAP.hmm with 8 CPUs
[23:47:44] Running: cat \/home\/cho_mb18\/prokka_output\/261\/\/HAMAP\.hmm\.faa | parallel --gnu --plain -j 8 --block 5534 --recstart '>' --pipe hmmscan --noali --notextw --acc -E 1e-06 --cpu 1 /home/linuxbrew/.linuxbrew/Cellar/prokka/1.13/bin/../db/hmm/HAMAP.hmm /dev/stdin > \/home\/cho_mb18\/prokka_output\/261\/\/HAMAP\.hmm\.hmmer3 2> /dev/null
[23:47:54] Modify product: Uncharacterized Nudix hydrolase NudL => putative Nudix hydrolase NudL
[23:47:54] Cleaned 1 /product names
[23:47:54] Deleting unwanted file: /home/cho_mb18/prokka_output/261//HAMAP.hmm.faa
[23:47:54] Deleting unwanted file: /home/cho_mb18/prokka_output/261//HAMAP.hmm.hmmer3
[23:47:54] Labelling remaining 364 proteins as 'hypothetical protein'
[23:47:54] Possible /pseudo 'Hydroperoxy fatty acid reductase gpx1' at SaanichInlet_120m_261_52 position 31656
[23:47:54] Found 821 unique /gene codes.
[23:47:54] Fixed 2 duplicate /gene - ilvE_1 ilvE_2
[23:47:54] Fixed 2 duplicate /gene - ycgJ_1 ycgJ_2
[23:47:54] Fixed 2 duplicate /gene - msrA_1 msrA_2
[23:47:54] Fixed 2 duplicate /gene - glnK_1 glnK_2
[23:47:54] Fixed 2 duplicate /gene - acrC_1 acrC_2
[23:47:54] Fixed 2 duplicate /gene - mepA_1 mepA_2
[23:47:54] Fixed 2 duplicate /gene - rhlE_1 rhlE_2
[23:47:54] Fixed 2 duplicate /gene - pntA_1 pntA_2
[23:47:54] Fixed 2 duplicate /gene - xylP_1 xylP_2
[23:47:54] Fixed 2 duplicate /gene - dnaX_1 dnaX_2
[23:47:54] Fixed 2 duplicate /gene - pstC1_1 pstC1_2
[23:47:54] Fixed 3 duplicate /gene - fadB_1 fadB_2 fadB_3
[23:47:54] Fixed 2 duplicate /gene - fadA_1 fadA_2
[23:47:54] Fixed 2 duplicate /gene - ampG_1 ampG_2
[23:47:54] Fixed 2 duplicate /gene - lpxH_1 lpxH_2
[23:47:54] Fixed 2 duplicate /gene - nudC_1 nudC_2
[23:47:54] Fixed 2 duplicate /gene - rluD_1 rluD_2
[23:47:54] Fixed 2 duplicate /gene - mepM_1 mepM_2
[23:47:54] Fixed 2 duplicate /gene - mmgC_1 mmgC_2
[23:47:54] Fixed 2 duplicate /gene - dsbD_1 dsbD_2
[23:47:54] Fixed 2 duplicate /gene - pntAA_1 pntAA_2
[23:47:54] Fixed 2 duplicate /gene - ampD_1 ampD_2
[23:47:54] Fixed 3 duplicate /gene - cirA_1 cirA_2 cirA_3
[23:47:54] Fixed 2 duplicate /gene - aroK_1 aroK_2
[23:47:54] Fixed 2 duplicate /gene - ald_1 ald_2
[23:47:54] Fixed 2 duplicate /gene - lon_1 lon_2
[23:47:54] Fixed 2 duplicate /gene - sphX_1 sphX_2
[23:47:54] Fixed 2 duplicate /gene - hexR_1 hexR_2
[23:47:54] Fixed 2 duplicate /gene - garR_1 garR_2
[23:47:54] Fixed 2 duplicate /gene - phrB_1 phrB_2
[23:47:54] Fixed 2 duplicate /gene - rdmC_1 rdmC_2
[23:47:54] Fixed 3 duplicate /gene - gpx1_1 gpx1_2 gpx1_3
[23:47:54] Fixed 2 duplicate /gene - lspA_1 lspA_2
[23:47:54] Fixed 2 duplicate /gene - xerC_1 xerC_2
[23:47:54] Fixed 2 duplicate /gene - pstA_1 pstA_2
[23:47:54] Fixed 2 duplicate /gene - ispH_1 ispH_2
[23:47:54] Fixed 2 duplicate /gene - uctC_1 uctC_2
[23:47:54] Fixed 2 duplicate /gene - gyrA_1 gyrA_2
[23:47:54] Fixed 2 duplicate /gene - pstB_1 pstB_2
[23:47:54] Fixed 2 duplicate /gene - gloC_1 gloC_2
[23:47:54] Fixed 2 duplicate /gene - exbB_1 exbB_2
[23:47:54] Fixed 2 duplicate /gene - gstB_1 gstB_2
[23:47:54] Fixed 2 duplicate /gene - tolQ_1 tolQ_2
[23:47:54] Fixed 5 duplicate /gene - btuB_1 btuB_2 btuB_3 btuB_4 btuB_5
[23:47:54] Fixed 2 duplicate /gene - sdcS_1 sdcS_2
[23:47:54] Fixed 2 duplicate /gene - ubiG_1 ubiG_2
[23:47:54] Fixed 2 duplicate /gene - fabG_1 fabG_2
[23:47:54] Fixed 47 colliding /gene names.
[23:47:54] Adding /locus_tag identifiers
[23:47:54] Assigned 1344 locus_tags to CDS and RNA features.
[23:47:54] Writing outputs to /home/cho_mb18/prokka_output/261//
[23:47:55] Generating annotation statistics file
[23:47:55] Generating Genbank and Sequin files
[23:47:55] Running: tbl2asn -V b -a r10k -l paired-ends -M n -N 1 -y 'Annotated using prokka 1.13 from https://github.com/tseemann/prokka' -Z \/home\/cho_mb18\/prokka_output\/261\/\/PROKKA_11162018\.err -i \/home\/cho_mb18\/prokka_output\/261\/\/PROKKA_11162018\.fsa 2> /dev/null
[23:48:01] Deleting unwanted file: /home/cho_mb18/prokka_output/261//errorsummary.val
[23:48:01] Deleting unwanted file: /home/cho_mb18/prokka_output/261//PROKKA_11162018.dr
[23:48:01] Deleting unwanted file: /home/cho_mb18/prokka_output/261//PROKKA_11162018.fixedproducts
[23:48:01] Deleting unwanted file: /home/cho_mb18/prokka_output/261//PROKKA_11162018.ecn
[23:48:01] Deleting unwanted file: /home/cho_mb18/prokka_output/261//PROKKA_11162018.val
[23:48:01] Repairing broken .GBK output that tbl2asn produces...
[23:48:01] Running: sed 's/COORDINATES: profile/COORDINATES:profile/' < \/home\/cho_mb18\/prokka_output\/261\/\/PROKKA_11162018\.gbf > \/home\/cho_mb18\/prokka_output\/261\/\/PROKKA_11162018\.gbk
[23:48:01] Deleting unwanted file: /home/cho_mb18/prokka_output/261//PROKKA_11162018.gbf
[23:48:01] Output files:
[23:48:01] /home/cho_mb18/prokka_output/261/PROKKA_11162018.log
[23:48:01] /home/cho_mb18/prokka_output/261/PROKKA_11162018.fna
[23:48:01] /home/cho_mb18/prokka_output/261/PROKKA_11162018.gff
[23:48:01] /home/cho_mb18/prokka_output/261/PROKKA_11162018.faa
[23:48:01] /home/cho_mb18/prokka_output/261/PROKKA_11162018.ffn
[23:48:01] /home/cho_mb18/prokka_output/261/PROKKA_11162018.tbl
[23:48:01] /home/cho_mb18/prokka_output/261/PROKKA_11162018.fsa
[23:48:01] /home/cho_mb18/prokka_output/261/PROKKA_11162018.tsv
[23:48:01] /home/cho_mb18/prokka_output/261/PROKKA_11162018.txt
[23:48:01] /home/cho_mb18/prokka_output/261/PROKKA_11162018.gbk
[23:48:01] /home/cho_mb18/prokka_output/261/PROKKA_11162018.sqn
[23:48:01] /home/cho_mb18/prokka_output/261/PROKKA_11162018.err
[23:48:01] Annotation finished successfully.
[23:48:01] Walltime used: 0.93 minutes
[23:48:01] If you use this result please cite the Prokka paper:
[23:48:01] Seemann T (2014) Prokka: rapid prokaryotic genome annotation. Bioinformatics. 30(14):2068-9.
[23:48:01] Type 'prokka --citation' for more details.
[23:48:01] Thank you, come again.
