[23:18:34] This is prokka 1.13
[23:18:34] Written by Torsten Seemann <torsten.seemann@gmail.com>
[23:18:34] Homepage is https://github.com/tseemann/prokka
[23:18:34] Local time is Fri Nov 16 23:18:34 2018
[23:18:34] You are linuxbrew
[23:18:34] Operating system is linux
[23:18:34] You have BioPerl 1.007002
[23:18:34] System has 40 cores.
[23:18:34] Will use maximum of 8 cores.
[23:18:34] Annotating as >>> Bacteria <<<
[23:18:34] Generating locus_tag from '/projects/micb405/resources/project_2/2018/SaanichInlet_120m/MetaBAT2_SaanichInlet_120m//MedQPlus_MAGs/SaanichInlet_120m.216.fa' contents.
[23:18:34] Setting --locustag MINMJIBM from MD5 627632b6c052d1f1632171bc0fe2f814
[23:18:34] Creating new output folder: /home/cho_mb18/prokka_output/216/
[23:18:34] Running: mkdir -p \/home\/cho_mb18\/prokka_output\/216\/
[23:18:35] Using filename prefix: PROKKA_11162018.XXX
[23:18:35] Setting HMMER_NCPU=1
[23:18:35] Writing log to: /home/cho_mb18/prokka_output/216//PROKKA_11162018.log
[23:18:35] Command: /home/linuxbrew/.linuxbrew/bin/prokka --kingdom Bacteria --outdir /home/cho_mb18/prokka_output/216/ --force /projects/micb405/resources/project_2/2018/SaanichInlet_120m/MetaBAT2_SaanichInlet_120m//MedQPlus_MAGs/SaanichInlet_120m.216.fa
[23:18:35] Appending to PATH: /home/linuxbrew/.linuxbrew/Cellar/prokka/1.13/bin
[23:18:35] Looking for 'aragorn' - found /home/linuxbrew/.linuxbrew/bin/aragorn
[23:18:35] Determined aragorn version is 1.2
[23:18:35] Looking for 'barrnap' - found /home/linuxbrew/.linuxbrew/bin/barrnap
[23:18:35] Determined barrnap version is 0.9
[23:18:35] Looking for 'blastp' - found /home/linuxbrew/.linuxbrew/bin/blastp
[23:18:35] Determined blastp version is 2.7
[23:18:35] Looking for 'cmpress' - found /home/linuxbrew/.linuxbrew/bin/cmpress
[23:18:35] Determined cmpress version is 1.1
[23:18:35] Looking for 'cmscan' - found /home/linuxbrew/.linuxbrew/bin/cmscan
[23:18:35] Determined cmscan version is 1.1
[23:18:35] Looking for 'egrep' - found /bin/egrep
[23:18:35] Looking for 'find' - found /usr/bin/find
[23:18:35] Looking for 'grep' - found /bin/grep
[23:18:35] Looking for 'hmmpress' - found /home/linuxbrew/.linuxbrew/bin/hmmpress
[23:18:35] Determined hmmpress version is 3.1
[23:18:35] Looking for 'hmmscan' - found /home/linuxbrew/.linuxbrew/bin/hmmscan
[23:18:35] Determined hmmscan version is 3.1
[23:18:35] Looking for 'java' - found /home/linuxbrew/.linuxbrew/bin/java
[23:18:35] Looking for 'less' - found /home/linuxbrew/.linuxbrew/bin/less
[23:18:35] Looking for 'makeblastdb' - found /home/linuxbrew/.linuxbrew/bin/makeblastdb
[23:18:35] Determined makeblastdb version is 2.7
[23:18:35] Looking for 'minced' - found /home/linuxbrew/.linuxbrew/bin/minced
[23:18:35] Determined minced version is 3.0
[23:18:35] Looking for 'parallel' - found /home/linuxbrew/.linuxbrew/bin/parallel
[23:18:35] Determined parallel version is 20180822
[23:18:35] Looking for 'prodigal' - found /home/linuxbrew/.linuxbrew/bin/prodigal
[23:18:35] Determined prodigal version is 2.6
[23:18:35] Looking for 'prokka-genbank_to_fasta_db' - found /home/linuxbrew/.linuxbrew/bin/prokka-genbank_to_fasta_db
[23:18:35] Looking for 'rnammer' - found /home/linuxbrew/.linuxbrew/bin/rnammer
[23:18:35] Determined rnammer version is 1.2
[23:18:35] Looking for 'sed' - found /bin/sed
[23:18:35] Looking for 'tbl2asn' - found /home/linuxbrew/.linuxbrew/bin/tbl2asn
[23:18:35] Determined tbl2asn version is 25.6
[23:18:35] Using genetic code table 11.
[23:18:35] Loading and checking input file: /projects/micb405/resources/project_2/2018/SaanichInlet_120m/MetaBAT2_SaanichInlet_120m//MedQPlus_MAGs/SaanichInlet_120m.216.fa
[23:18:36] Wrote 347 contigs totalling 1573455 bp.
[23:18:36] Predicting tRNAs and tmRNAs
[23:18:36] Running: aragorn -l -gc11  -w \/home\/cho_mb18\/prokka_output\/216\/\/PROKKA_11162018\.fna
[23:18:36] 1 tRNA-Gln c[1714,1785] 33 (ttg)
[23:18:36] 1 tRNA-Lys [1477,1549] 33 (ttt)
[23:18:37] 1 tmRNA [1954,2357] 89,130 ANRTQYAALPLAA*
[23:18:37] 1 tRNA-Gly [2760,2831] 33 (tcc)
[23:18:37] 2 tRNA-Met [2919,2993] 33 (cat)
[23:18:37] 1 tRNA-Val [1392,1466] 35 (gac)
[23:18:37] 1 tRNA-Leu [1292,1375] 35 (caa)
[23:18:37] 1 tRNA-Ser c[-3,84] 38 (gga)
[23:18:37] 1 tRNA-His [2453,2525] 33 (gtg)
[23:18:37] 1 tRNA-Ile c[4600,4686] 35 (gat)
[23:18:37] 1 tRNA-SeC [6049,6144] 35 (tca)
[23:18:37] 1 tRNA-Thr [1472,1544] 34 (tgt)
[23:18:37] 2 tRNA-Tyr [1635,1717] 35 (gta)
[23:18:37] 3 tRNA-Thr [1826,1900] 35 (ggt)
[23:18:37] 1 tRNA-Leu c[2508,2590] 35 (gag)
[23:18:37] 1 tRNA-Gln c[279,351] 33 (ctg)
[23:18:37] 1 tRNA-Arg c[244,317] 34 (tcg)
[23:18:37] 1 tRNA-Ser [956,1043] 35 (cga)
[23:18:37] 2 tRNA-Pro c[2876,2950] 35 (tgg)
[23:18:37] Found 19 tRNAs
[23:18:37] Predicting Ribosomal RNAs
[23:18:37] Running Barrnap with 8 threads
[23:18:38] 1 SaanichInlet_120m_216_7 3542 16S ribosomal RNA (partial)
[23:18:38] Found 1 rRNAs
[23:18:38] Skipping ncRNA search, enable with --rfam if desired.
[23:18:38] Total of 19 tRNA + rRNA features
[23:18:38] Searching for CRISPR repeats
[23:18:39] Found 0 CRISPRs
[23:18:39] Predicting coding sequences
[23:18:39] Contigs total 1573455 bp, so using single mode
[23:18:39] Running: prodigal -i \/home\/cho_mb18\/prokka_output\/216\/\/PROKKA_11162018\.fna -c -m -g 11 -p single -f sco -q
[23:18:42] Found 1433 CDS
[23:18:42] Connecting features back to sequences
[23:18:42] Not using genus-specific database. Try --usegenus to enable it.
[23:18:42] Annotating CDS, please be patient.
[23:18:42] Will use 8 CPUs for similarity searching.
[23:18:42] There are still 1433 unannotated CDS left (started with 1433)
[23:18:42] Will use blast to search against /home/linuxbrew/.linuxbrew/Cellar/prokka/1.13/bin/../db/kingdom/Bacteria/sprot with 8 CPUs
[23:18:42] Running: cat \/home\/cho_mb18\/prokka_output\/216\/\/sprot\.faa | parallel --gnu --plain -j 8 --block 25385 --recstart '>' --pipe blastp -query - -db /home/linuxbrew/.linuxbrew/Cellar/prokka/1.13/bin/../db/kingdom/Bacteria/sprot -evalue 1e-06 -num_threads 1 -num_descriptions 1 -num_alignments 1 -seg no > \/home\/cho_mb18\/prokka_output\/216\/\/sprot\.blast 2> /dev/null
[23:19:06] Modify product: Putative HTH-type transcriptional regulator Rv0890c => Putative HTH-type transcriptional regulator
[23:19:06] Modify product: Uncharacterized ABC transporter ATP-binding protein Rv0986 => putative ABC transporter ATP-binding protein
[23:19:06] Modify product: Putative ligase Rv1013 => Putative ligase
[23:19:06] Modify product: Uncharacterized lipoprotein YfhM => putative lipoprotein YfhM
[23:19:06] Modify product: Probable fused nickel transport protein LarMN => putative fused nickel transport protein LarMN
[23:19:06] Modify product: Uncharacterized glycosyltransferase sll0501 => putative glycosyltransferase
[23:19:06] Modify product: Uncharacterized protein Rv1520 => putative protein
[23:19:06] Modify product: Nucleoid-associated protein Cthe_2143 => Nucleoid-associated protein
[23:19:06] Modify product: Uncharacterized glycosyltransferase EpsJ => putative glycosyltransferase EpsJ
[23:19:06] Modify product: Putative HTH-type transcriptional regulator Rv1287 => Putative HTH-type transcriptional regulator
[23:19:06] Modify product: Probable glutamine ABC transporter permease protein GlnM => putative glutamine ABC transporter permease protein GlnM
[23:19:06] Modify product: Uncharacterized protein YccU => putative protein YccU
[23:19:06] Modify product: Probable 3-hydroxybutyryl-CoA dehydrogenase => putative 3-hydroxybutyryl-CoA dehydrogenase
[23:19:06] Modify product: Uncharacterized protein YjbR => putative protein YjbR
[23:19:06] Modify product: Uncharacterized aminopeptidase Rv1333 => putative aminopeptidase
[23:19:06] Modify product: Putative esterase HI_1161 => Putative esterase
[23:19:06] Modify product: UPF0047 protein Rv2556c => hypothetical protein
[23:19:06] Modify product: Uncharacterized protein Rv0560c => putative protein
[23:19:06] Modify product: Uncharacterized protein Rv2927c => putative protein
[23:19:06] Modify product: Probable enoyl-CoA hydratase echA8 => putative enoyl-CoA hydratase echA8
[23:19:06] Modify product: Uncharacterized glycosyltransferase Rv1514c => putative glycosyltransferase
[23:19:06] Modify product: Uncharacterized glycosyltransferase Rv1514c => putative glycosyltransferase
[23:19:06] Modify product: UPF0051 protein SA0778 => hypothetical protein
[23:19:06] Modify product: DegV domain-containing protein MW1315 => DegV domain-containing protein
[23:19:06] Modify product: DegV domain-containing protein MW1315 => DegV domain-containing protein
[23:19:06] Modify product: Probable dipeptidase PepE => putative dipeptidase PepE
[23:19:06] Modify product: Uncharacterized NTE family protein Rv2565 => putative NTE family protein
[23:19:06] Modify product: Probable cysteine desulfurase => putative cysteine desulfurase
[23:19:06] Modify product: Probable peptidyl-prolyl cis-trans isomerase => putative peptidyl-prolyl cis-trans isomerase
[23:19:07] Modify product: Uncharacterized acyl-CoA thioester hydrolase HI_0827 => putative acyl-CoA thioester hydrolase
[23:19:07] Modify product: ABC transporter ATP-binding/permease protein Rv1747 => ABC transporter ATP-binding/permease protein
[23:19:07] Modify product: UPF0173 metal-dependent hydrolase TM_1162 => hypothetical protein
[23:19:07] Modify product: UPF0194 membrane protein YbhG => hypothetical protein
[23:19:07] Modify product: Uncharacterized ABC transporter ATP-binding protein YknY => putative ABC transporter ATP-binding protein YknY
[23:19:07] Modify product: Uncharacterized protein Rv1488 => putative protein
[23:19:07] Modify product: Transcriptional repressor SmtB homolog => Transcriptional repressor SmtB 
[23:19:07] Modify product: Phosphorylated carbohydrates phosphatase TM_1254 => Phosphorylated carbohydrates phosphatase
[23:19:07] Modify product: Probable N-acetyl-alpha-D-glucosaminyl L-malate deacetylase 2 => putative N-acetyl-alpha-D-glucosaminyl L-malate deacetylase 2
[23:19:07] Modify product: Leu/Ile/Val-binding protein homolog 3 => Leu/Ile/Val-binding protein 
[23:19:07] Modify product: Uncharacterized protein YaaQ => putative protein YaaQ
[23:19:07] Modify product: Probable glycine dehydrogenase (decarboxylating) subunit 1 => putative glycine dehydrogenase (decarboxylating) subunit 1
[23:19:07] Modify product: UPF0761 membrane protein YihY => hypothetical protein
[23:19:07] Modify product: Uncharacterized protein Rv2715 => putative protein
[23:19:07] Modify product: Uncharacterized protein YyaP => putative protein YyaP
[23:19:07] Modify product: Uncharacterized protein YisK => putative protein YisK
[23:19:07] Modify product: Uncharacterized sugar kinase YdjH => putative sugar kinase YdjH
[23:19:07] Modify product: Probable nitrate transporter NarT => putative nitrate transporter NarT
[23:19:07] Modify product: Uncharacterized protein Rv2047c => putative protein
[23:19:07] Modify product: UPF0758 protein YsxA => hypothetical protein
[23:19:07] Modify product: Probable protein kinase UbiB => putative protein kinase UbiB
[23:19:07] Modify product: Uncharacterized hydrolase YxeP => putative hydrolase YxeP
[23:19:07] Modify product: Probable xanthine dehydrogenase subunit D => putative xanthine dehydrogenase subunit D
[23:19:07] Modify product: Probable quorum-quenching lactonase YtnP => putative quorum-quenching lactonase YtnP
[23:19:07] Modify product: Uncharacterized protein SA1069 => putative protein
[23:19:07] Modify product: Uncharacterized protein Spy1614 => putative protein
[23:19:07] Modify product: Probable tRNA-dihydrouridine synthase => putative tRNA-dihydrouridine synthase
[23:19:07] Modify product: Putative cystathionine beta-synthase Rv1077 => Putative cystathionine beta-synthase
[23:19:07] Modify product: UPF0102 protein RPA0323 => hypothetical protein
[23:19:07] Modify product: Probable chromosome-partitioning protein ParB => putative chromosome-partitioning protein ParB
[23:19:07] Modify product: Putative multidrug export ATP-binding/permease protein SA1683 => Putative multidrug export ATP-binding/permease protein
[23:19:07] Modify product: Uncharacterized protein Spy1535 => putative protein
[23:19:07] Modify product: Uncharacterized protein YqeY => putative protein YqeY
[23:19:07] Modify product: Probable endonuclease 4 => putative endonuclease 4
[23:19:07] Modify product: Uncharacterized protein YbbN => putative protein YbbN
[23:19:07] Modify product: Universal stress protein MT2698 => Universal stress protein
[23:19:07] Modify product: Probable xanthine dehydrogenase subunit A => putative xanthine dehydrogenase subunit A
[23:19:07] Modify product: Putative anti-sigma factor antagonist TM_1442 => Putative anti-sigma factor antagonist
[23:19:07] Modify product: Vitamin K epoxide reductase homolog => Vitamin K epoxide reductase 
[23:19:08] Modify product: Probable iron-sulfur-binding oxidoreductase FadF => putative iron-sulfur-binding oxidoreductase FadF
[23:19:08] Modify product: Uncharacterized methyltransferase Rv0224c => putative methyltransferase
[23:19:08] Modify product: Uncharacterized protein YisK => putative protein YisK
[23:19:08] Modify product: Uncharacterized zinc-type alcohol dehydrogenase-like protein YdjJ => putative zinc-type alcohol dehydrogenase-like protein YdjJ
[23:19:08] Modify product: HTH-type transcriptional regulator Rv2034 => HTH-type transcriptional regulator
[23:19:08] Modify product: Probable Fe(2+)-trafficking protein => putative Fe(2+)-trafficking protein
[23:19:08] Modify product: DNA-binding protein VF_0530 => DNA-binding protein
[23:19:08] Modify product: Uncharacterized sugar transferase EpsL => putative sugar transferase EpsL
[23:19:08] Modify product: Probable peptidyl-prolyl cis-trans isomerase => putative peptidyl-prolyl cis-trans isomerase
[23:19:08] Modify product: Uncharacterized protein Rv2850c => putative protein
[23:19:08] Modify product: Uncharacterized ABC transporter permease YknZ => putative ABC transporter permease YknZ
[23:19:08] Modify product: Uncharacterized inner membrane transporter YedA => putative inner membrane transporter YedA
[23:19:08] Modify product: Uncharacterized oxidoreductase YdhV => putative oxidoreductase YdhV
[23:19:08] Modify product: Uncharacterized protein Rv2232 => putative protein
[23:19:08] Modify product: Uncharacterized protein YhaP => putative protein YhaP
[23:19:08] Modify product: Purine-binding protein BAB2_0673 => Purine-binding protein
[23:19:08] Modify product: Ribonuclease TTHA0252 => Ribonuclease
[23:19:08] Modify product: Uncharacterized methyltransferase YcgJ => putative methyltransferase YcgJ
[23:19:08] Modify product: Putative coenzyme F420-dependent oxidoreductase Rv3520c => Putative coenzyme F420-dependent oxidoreductase
[23:19:08] Modify product: Probable multidrug ABC transporter ATP-binding protein YbhF => putative multidrug ABC transporter ATP-binding protein YbhF
[23:19:08] Modify product: Probable multidrug ABC transporter permease YbhR => putative multidrug ABC transporter permease YbhR
[23:19:08] Modify product: UPF0053 inner membrane protein YoaE => hypothetical protein
[23:19:08] Modify product: Probable membrane transporter protein YfcA => putative membrane transporter protein YfcA
[23:19:08] Modify product: Uncharacterized membrane protein Rv1401 => putative membrane protein
[23:19:08] Modify product: Bifunctional protein FolD => Bifunctional protein FolD protein
[23:19:08] Modify product: Uncharacterized epimerase/dehydratase SA0511 => putative epimerase/dehydratase
[23:19:08] Modify product: Uncharacterized ABC transporter ATP-binding protein YadG => putative ABC transporter ATP-binding protein YadG
[23:19:08] Modify product: Uncharacterized transporter Rv2685 => putative transporter
[23:19:08] Modify product: Uncharacterized methyltransferase Rv3342 => putative methyltransferase
[23:19:08] Modify product: Probable glutamine ABC transporter permease protein GlnM => putative glutamine ABC transporter permease protein GlnM
[23:19:08] Modify product: Probable cation efflux system protein Rv2025c => putative cation efflux system protein
[23:19:08] Modify product: Probable ABC transporter ATP-binding protein NosF => putative ABC transporter ATP-binding protein NosF
[23:19:08] Modify product: 30S ribosomal protein S1 homolog => 30S ribosomal protein S1 
[23:19:08] Modify product: Probable protein-export membrane protein SecG => putative protein-export membrane protein SecG
[23:19:08] Modify product: Uncharacterized ABC transporter ATP-binding protein YxlF => putative ABC transporter ATP-binding protein YxlF
[23:19:08] Modify product: Uncharacterized protein YhaP => putative protein YhaP
[23:19:08] Cleaned 104 /product names
[23:19:08] Deleting unwanted file: /home/cho_mb18/prokka_output/216//sprot.faa
[23:19:08] Deleting unwanted file: /home/cho_mb18/prokka_output/216//sprot.blast
[23:19:09] There are still 630 unannotated CDS left (started with 1433)
[23:19:09] Will use hmmer3 to search against /home/linuxbrew/.linuxbrew/Cellar/prokka/1.13/bin/../db/hmm/HAMAP.hmm with 8 CPUs
[23:19:09] Running: cat \/home\/cho_mb18\/prokka_output\/216\/\/HAMAP\.hmm\.faa | parallel --gnu --plain -j 8 --block 9398 --recstart '>' --pipe hmmscan --noali --notextw --acc -E 1e-06 --cpu 1 /home/linuxbrew/.linuxbrew/Cellar/prokka/1.13/bin/../db/hmm/HAMAP.hmm /dev/stdin > \/home\/cho_mb18\/prokka_output\/216\/\/HAMAP\.hmm\.hmmer3 2> /dev/null
[23:19:23] Deleting unwanted file: /home/cho_mb18/prokka_output/216//HAMAP.hmm.faa
[23:19:23] Deleting unwanted file: /home/cho_mb18/prokka_output/216//HAMAP.hmm.hmmer3
[23:19:23] Labelling remaining 592 proteins as 'hypothetical protein'
[23:19:23] Possible /pseudo 'putative glycosyltransferase' at SaanichInlet_120m_216_19 position 18960
[23:19:23] Possible /pseudo 'DegV domain-containing protein' at SaanichInlet_120m_216_24 position 4040
[23:19:23] Possible /pseudo 'Mycothiol acetyltransferase' at SaanichInlet_120m_216_53 position 4408
[23:19:23] Possible /pseudo '1,4-dihydroxy-2-naphthoate octaprenyltransferase' at SaanichInlet_120m_216_95 position 3238
[23:19:23] Possible /pseudo 'Fe(2+) transporter FeoB' at SaanichInlet_120m_216_134 position 1487
[23:19:23] Possible /pseudo 'Energy-coupling factor transporter ATP-binding protein EcfA2' at SaanichInlet_120m_216_179 position 1279
[23:19:23] Possible /pseudo 'Cobyric acid synthase' at SaanichInlet_120m_216_201 position 3049
[23:19:23] Possible /pseudo 'Lipopolysaccharide export system ATP-binding protein LptB' at SaanichInlet_120m_216_241 position 4378
[23:19:23] Possible /pseudo 'putative protein' at SaanichInlet_120m_216_269 position 2392
[23:19:23] Possible /pseudo 'Uridine phosphorylase' at SaanichInlet_120m_216_294 position 471
[23:19:23] Possible /pseudo 'Uridine phosphorylase' at SaanichInlet_120m_216_294 position 1223
[23:19:23] Possible /pseudo 'putative protein YhaP' at SaanichInlet_120m_216_324 position 2593
[23:19:23] Possible /pseudo 'Acetyl-/propionyl-coenzyme A carboxylase alpha chain' at SaanichInlet_120m_216_330 position 10406
[23:19:23] Found 657 unique /gene codes.
[23:19:23] Fixed 2 duplicate /gene - tkrA_1 tkrA_2
[23:19:23] Fixed 2 duplicate /gene - yvoA_1 yvoA_2
[23:19:23] Fixed 2 duplicate /gene - trxA_1 trxA_2
[23:19:23] Fixed 2 duplicate /gene - cobQ_1 cobQ_2
[23:19:23] Fixed 2 duplicate /gene - accA1_1 accA1_2
[23:19:23] Fixed 3 duplicate /gene - udp_1 udp_2 udp_3
[23:19:23] Fixed 2 duplicate /gene - appA_1 appA_2
[23:19:23] Fixed 2 duplicate /gene - soxB_1 soxB_2
[23:19:23] Fixed 2 duplicate /gene - ppaX_1 ppaX_2
[23:19:23] Fixed 2 duplicate /gene - nreC_1 nreC_2
[23:19:23] Fixed 2 duplicate /gene - oppD_1 oppD_2
[23:19:23] Fixed 2 duplicate /gene - yitJ_1 yitJ_2
[23:19:23] Fixed 2 duplicate /gene - liaS_1 liaS_2
[23:19:23] Fixed 2 duplicate /gene - phoP_1 phoP_2
[23:19:23] Fixed 2 duplicate /gene - ftsZ_1 ftsZ_2
[23:19:23] Fixed 3 duplicate /gene - sigW_1 sigW_2 sigW_3
[23:19:23] Fixed 2 duplicate /gene - hpt_1 hpt_2
[23:19:23] Fixed 2 duplicate /gene - sdpR_1 sdpR_2
[23:19:23] Fixed 2 duplicate /gene - resA_1 resA_2
[23:19:23] Fixed 2 duplicate /gene - rpfG_1 rpfG_2
[23:19:23] Fixed 3 duplicate /gene - xerC_1 xerC_2 xerC_3
[23:19:23] Fixed 3 duplicate /gene - menG_1 menG_2 menG_3
[23:19:23] Fixed 2 duplicate /gene - gpmI_1 gpmI_2
[23:19:23] Fixed 2 duplicate /gene - legF_1 legF_2
[23:19:23] Fixed 2 duplicate /gene - zraS_1 zraS_2
[23:19:23] Fixed 2 duplicate /gene - guaB_1 guaB_2
[23:19:23] Fixed 3 duplicate /gene - sigA_1 sigA_2 sigA_3
[23:19:23] Fixed 2 duplicate /gene - hndC_1 hndC_2
[23:19:23] Fixed 2 duplicate /gene - livF_1 livF_2
[23:19:23] Fixed 2 duplicate /gene - odhI_1 odhI_2
[23:19:23] Fixed 4 duplicate /gene - fabG_1 fabG_2 fabG_3 fabG_4
[23:19:23] Fixed 2 duplicate /gene - nnr_1 nnr_2
[23:19:23] Fixed 2 duplicate /gene - cprA_1 cprA_2
[23:19:23] Fixed 2 duplicate /gene - legI_1 legI_2
[23:19:23] Fixed 2 duplicate /gene - ideR_1 ideR_2
[23:19:23] Fixed 2 duplicate /gene - glnM_1 glnM_2
[23:19:23] Fixed 2 duplicate /gene - feoB_1 feoB_2
[23:19:23] Fixed 2 duplicate /gene - pleD_1 pleD_2
[23:19:23] Fixed 2 duplicate /gene - ravA_1 ravA_2
[23:19:23] Fixed 2 duplicate /gene - pdhC_1 pdhC_2
[23:19:23] Fixed 2 duplicate /gene - scpA_1 scpA_2
[23:19:23] Fixed 2 duplicate /gene - yhaP_1 yhaP_2
[23:19:23] Fixed 2 duplicate /gene - dnaJ_1 dnaJ_2
[23:19:23] Fixed 2 duplicate /gene - yisK_1 yisK_2
[23:19:23] Fixed 2 duplicate /gene - glmS_1 glmS_2
[23:19:23] Fixed 2 duplicate /gene - liaR_1 liaR_2
[23:19:23] Fixed 2 duplicate /gene - nfuA_1 nfuA_2
[23:19:23] Fixed 3 duplicate /gene - stkP_1 stkP_2 stkP_3
[23:19:23] Fixed 2 duplicate /gene - smtB_1 smtB_2
[23:19:23] Fixed 2 duplicate /gene - mdtH_1 mdtH_2
[23:19:23] Fixed 2 duplicate /gene - livH_1 livH_2
[23:19:23] Fixed 3 duplicate /gene - ubiG_1 ubiG_2 ubiG_3
[23:19:23] Fixed 2 duplicate /gene - bepA_1 bepA_2
[23:19:23] Fixed 2 duplicate /gene - oppF_1 oppF_2
[23:19:23] Fixed 2 duplicate /gene - walK_1 walK_2
[23:19:23] Fixed 3 duplicate /gene - tatA_1 tatA_2 tatA_3
[23:19:23] Fixed 2 duplicate /gene - natA_1 natA_2
[23:19:23] Fixed 2 duplicate /gene - nlpD_1 nlpD_2
[23:19:23] Fixed 2 duplicate /gene - ppiB_1 ppiB_2
[23:19:23] Fixed 2 duplicate /gene - dck_1 dck_2
[23:19:23] Fixed 2 duplicate /gene - gmd_1 gmd_2
[23:19:23] Fixed 2 duplicate /gene - ccmE_1 ccmE_2
[23:19:23] Fixed 2 duplicate /gene - tolB_1 tolB_2
[23:19:23] Fixed 2 duplicate /gene - tpiA_1 tpiA_2
[23:19:23] Fixed 3 duplicate /gene - dagK_1 dagK_2 dagK_3
[23:19:23] Fixed 2 duplicate /gene - prpC_1 prpC_2
[23:19:23] Fixed 2 duplicate /gene - fmt_1 fmt_2
[23:19:23] Fixed 2 duplicate /gene - bshA_1 bshA_2
[23:19:23] Fixed 2 duplicate /gene - araQ_1 araQ_2
[23:19:23] Fixed 2 duplicate /gene - clpC_1 clpC_2
[23:19:23] Fixed 2 duplicate /gene - moeA_1 moeA_2
[23:19:23] Fixed 2 duplicate /gene - tgt_1 tgt_2
[23:19:23] Fixed 2 duplicate /gene - menA_1 menA_2
[23:19:23] Fixed 2 duplicate /gene - aroF_1 aroF_2
[23:19:23] Fixed 3 duplicate /gene - mshD_1 mshD_2 mshD_3
[23:19:23] Fixed 2 duplicate /gene - soj_1 soj_2
[23:19:23] Fixed 2 duplicate /gene - rimI_1 rimI_2
[23:19:23] Fixed 3 duplicate /gene - mepM_1 mepM_2 mepM_3
[23:19:23] Fixed 2 duplicate /gene - plsC_1 plsC_2
[23:19:23] Fixed 3 duplicate /gene - lptB_1 lptB_2 lptB_3
[23:19:23] Fixed 2 duplicate /gene - ctpB_1 ctpB_2
[23:19:23] Fixed 2 duplicate /gene - ecfA2_1 ecfA2_2
[23:19:23] Fixed 2 duplicate /gene - ysdC_1 ysdC_2
[23:19:23] Fixed 83 colliding /gene names.
[23:19:23] Adding /locus_tag identifiers
[23:19:23] Assigned 1453 locus_tags to CDS and RNA features.
[23:19:23] Writing outputs to /home/cho_mb18/prokka_output/216//
[23:19:24] Generating annotation statistics file
[23:19:24] Generating Genbank and Sequin files
[23:19:24] Running: tbl2asn -V b -a r10k -l paired-ends -M n -N 1 -y 'Annotated using prokka 1.13 from https://github.com/tseemann/prokka' -Z \/home\/cho_mb18\/prokka_output\/216\/\/PROKKA_11162018\.err -i \/home\/cho_mb18\/prokka_output\/216\/\/PROKKA_11162018\.fsa 2> /dev/null
[23:19:30] Deleting unwanted file: /home/cho_mb18/prokka_output/216//errorsummary.val
[23:19:30] Deleting unwanted file: /home/cho_mb18/prokka_output/216//PROKKA_11162018.dr
[23:19:30] Deleting unwanted file: /home/cho_mb18/prokka_output/216//PROKKA_11162018.fixedproducts
[23:19:31] Deleting unwanted file: /home/cho_mb18/prokka_output/216//PROKKA_11162018.ecn
[23:19:31] Deleting unwanted file: /home/cho_mb18/prokka_output/216//PROKKA_11162018.val
[23:19:31] Repairing broken .GBK output that tbl2asn produces...
[23:19:31] Running: sed 's/COORDINATES: profile/COORDINATES:profile/' < \/home\/cho_mb18\/prokka_output\/216\/\/PROKKA_11162018\.gbf > \/home\/cho_mb18\/prokka_output\/216\/\/PROKKA_11162018\.gbk
[23:19:31] Deleting unwanted file: /home/cho_mb18/prokka_output/216//PROKKA_11162018.gbf
[23:19:31] Output files:
[23:19:31] /home/cho_mb18/prokka_output/216/PROKKA_11162018.log
[23:19:31] /home/cho_mb18/prokka_output/216/PROKKA_11162018.fna
[23:19:31] /home/cho_mb18/prokka_output/216/PROKKA_11162018.gff
[23:19:31] /home/cho_mb18/prokka_output/216/PROKKA_11162018.faa
[23:19:31] /home/cho_mb18/prokka_output/216/PROKKA_11162018.ffn
[23:19:31] /home/cho_mb18/prokka_output/216/PROKKA_11162018.tbl
[23:19:31] /home/cho_mb18/prokka_output/216/PROKKA_11162018.fsa
[23:19:31] /home/cho_mb18/prokka_output/216/PROKKA_11162018.tsv
[23:19:31] /home/cho_mb18/prokka_output/216/PROKKA_11162018.txt
[23:19:31] /home/cho_mb18/prokka_output/216/PROKKA_11162018.gbk
[23:19:31] /home/cho_mb18/prokka_output/216/PROKKA_11162018.sqn
[23:19:31] /home/cho_mb18/prokka_output/216/PROKKA_11162018.err
[23:19:31] Annotation finished successfully.
[23:19:31] Walltime used: 0.95 minutes
[23:19:31] If you use this result please cite the Prokka paper:
[23:19:31] Seemann T (2014) Prokka: rapid prokaryotic genome annotation. Bioinformatics. 30(14):2068-9.
[23:19:31] Type 'prokka --citation' for more details.
[23:19:31] Share and enjoy!
