[23:16:22] This is prokka 1.13
[23:16:22] Written by Torsten Seemann <torsten.seemann@gmail.com>
[23:16:22] Homepage is https://github.com/tseemann/prokka
[23:16:22] Local time is Fri Nov 16 23:16:22 2018
[23:16:22] You are linuxbrew
[23:16:22] Operating system is linux
[23:16:22] You have BioPerl 1.007002
[23:16:22] System has 40 cores.
[23:16:22] Will use maximum of 8 cores.
[23:16:22] Annotating as >>> Bacteria <<<
[23:16:22] Generating locus_tag from '/projects/micb405/resources/project_2/2018/SaanichInlet_120m/MetaBAT2_SaanichInlet_120m//MedQPlus_MAGs/SaanichInlet_120m.212.fa' contents.
[23:16:22] Setting --locustag OFPGINBK from MD5 8f9027b40cfa7af211e1afd9a96b6c53
[23:16:22] Creating new output folder: /home/cho_mb18/prokka_output/212/
[23:16:22] Running: mkdir -p \/home\/cho_mb18\/prokka_output\/212\/
[23:16:22] Using filename prefix: PROKKA_11162018.XXX
[23:16:22] Setting HMMER_NCPU=1
[23:16:22] Writing log to: /home/cho_mb18/prokka_output/212//PROKKA_11162018.log
[23:16:22] Command: /home/linuxbrew/.linuxbrew/bin/prokka --kingdom Bacteria --outdir /home/cho_mb18/prokka_output/212/ --force /projects/micb405/resources/project_2/2018/SaanichInlet_120m/MetaBAT2_SaanichInlet_120m//MedQPlus_MAGs/SaanichInlet_120m.212.fa
[23:16:22] Appending to PATH: /home/linuxbrew/.linuxbrew/Cellar/prokka/1.13/bin
[23:16:22] Looking for 'aragorn' - found /home/linuxbrew/.linuxbrew/bin/aragorn
[23:16:22] Determined aragorn version is 1.2
[23:16:22] Looking for 'barrnap' - found /home/linuxbrew/.linuxbrew/bin/barrnap
[23:16:22] Determined barrnap version is 0.9
[23:16:22] Looking for 'blastp' - found /home/linuxbrew/.linuxbrew/bin/blastp
[23:16:22] Determined blastp version is 2.7
[23:16:22] Looking for 'cmpress' - found /home/linuxbrew/.linuxbrew/bin/cmpress
[23:16:22] Determined cmpress version is 1.1
[23:16:22] Looking for 'cmscan' - found /home/linuxbrew/.linuxbrew/bin/cmscan
[23:16:22] Determined cmscan version is 1.1
[23:16:22] Looking for 'egrep' - found /bin/egrep
[23:16:22] Looking for 'find' - found /usr/bin/find
[23:16:22] Looking for 'grep' - found /bin/grep
[23:16:22] Looking for 'hmmpress' - found /home/linuxbrew/.linuxbrew/bin/hmmpress
[23:16:22] Determined hmmpress version is 3.1
[23:16:22] Looking for 'hmmscan' - found /home/linuxbrew/.linuxbrew/bin/hmmscan
[23:16:22] Determined hmmscan version is 3.1
[23:16:22] Looking for 'java' - found /home/linuxbrew/.linuxbrew/bin/java
[23:16:22] Looking for 'less' - found /home/linuxbrew/.linuxbrew/bin/less
[23:16:22] Looking for 'makeblastdb' - found /home/linuxbrew/.linuxbrew/bin/makeblastdb
[23:16:22] Determined makeblastdb version is 2.7
[23:16:22] Looking for 'minced' - found /home/linuxbrew/.linuxbrew/bin/minced
[23:16:23] Determined minced version is 3.0
[23:16:23] Looking for 'parallel' - found /home/linuxbrew/.linuxbrew/bin/parallel
[23:16:23] Determined parallel version is 20180822
[23:16:23] Looking for 'prodigal' - found /home/linuxbrew/.linuxbrew/bin/prodigal
[23:16:23] Determined prodigal version is 2.6
[23:16:23] Looking for 'prokka-genbank_to_fasta_db' - found /home/linuxbrew/.linuxbrew/bin/prokka-genbank_to_fasta_db
[23:16:23] Looking for 'rnammer' - found /home/linuxbrew/.linuxbrew/bin/rnammer
[23:16:23] Determined rnammer version is 1.2
[23:16:23] Looking for 'sed' - found /bin/sed
[23:16:23] Looking for 'tbl2asn' - found /home/linuxbrew/.linuxbrew/bin/tbl2asn
[23:16:23] Determined tbl2asn version is 25.6
[23:16:23] Using genetic code table 11.
[23:16:23] Loading and checking input file: /projects/micb405/resources/project_2/2018/SaanichInlet_120m/MetaBAT2_SaanichInlet_120m//MedQPlus_MAGs/SaanichInlet_120m.212.fa
[23:16:23] Wrote 77 contigs totalling 2598761 bp.
[23:16:23] Predicting tRNAs and tmRNAs
[23:16:23] Running: aragorn -l -gc11  -w \/home\/cho_mb18\/prokka_output\/212\/\/PROKKA_11162018\.fna
[23:16:25] 1 tRNA-Gln c[54578,54649] 33 (ttg)
[23:16:25] 1 tRNA-Val c[51876,51950] 35 (tac)
[23:16:25] 1 tRNA-Asn c[508,581] 34 (gtt)
[23:16:25] 2 tRNA-Met [66617,66690] 34 (cat)
[23:16:25] 1 tRNA-Trp c[36123,36196] 34 (cca)
[23:16:25] 2 tRNA-Thr c[37653,37726] 34 (ggt)
[23:16:25] 3 tRNA-Gly c[37732,37803] 33 (tcc)
[23:16:25] 1 tmRNA c[5804,6155] 94,123 ADYGYMAAA*
[23:16:25] 2 tRNA-Lys [32410,32483] 34 (ttt)
[23:16:25] 1 tRNA-Leu c[224,307] 35 (tag)
[23:16:25] 2 tRNA-Arg [85848,85922] 35 (tct)
[23:16:25] 3 tRNA-His [143819,143893] 35 (gtg)
[23:16:25] 4 tRNA-Pro [143904,143979] 36 (tgg)
[23:16:25] 1 tRNA-Ser c[80,170] 35 (gct)
[23:16:25] 2 tRNA-Ala [55833,55906] 34 (ggc)
[23:16:25] 1 tRNA-Arg [2409,2481] 34 (cct)
[23:16:25] 2 tRNA-Pro [13859,13933] 35 (ggg)
[23:16:25] 3 tRNA-Pro [16324,16398] 36 (cgg)
[23:16:25] 4 tRNA-Val [24730,24804] 35 (gac)
[23:16:25] 1 tRNA-SeC c[16962,17057] 36 (tca)
[23:16:25] 1 tRNA-Thr c[60771,60844] 34 (cgt)
[23:16:25] 1 tRNA-Leu [1975,2059] 35 (caa)
[23:16:25] 2 tRNA-Met [27791,27865] 35 (cat)
[23:16:25] 1 tRNA-Ser c[9006,9093] 37 (tga)
[23:16:25] 2 tRNA-Ser c[9112,9199] 35 (gga)
[23:16:25] 1 tRNA-Gly [39161,39234] 34 (gcc)
[23:16:25] 2 tRNA-Cys [57726,57800] 35 (gca)
[23:16:25] 3 tRNA-Leu [57879,57965] 35 (taa)
[23:16:25] 4 tRNA-Arg [67812,67888] 35 (ccg)
[23:16:25] 5 tRNA-His [72772,72850] 37 (atg)
[23:16:25] 1 tRNA-Glu [3616,3688] 34 (ttc)
[23:16:25] 1 tRNA-Arg [829,905] 35 (acg)
[23:16:25] 2 tRNA-Ser c[20363,20452] 37 (cga)
[23:16:25] 1 tRNA-Phe c[88,161] 34 (gaa)
[23:16:26] 1 tRNA-Gly [11730,11802] 34 (ccc)
[23:16:26] 1 tRNA-Leu c[84199,84283] 35 (gag)
[23:16:26] 2 tRNA-Met [91969,92043] 35 (cat)
[23:16:26] 1 tRNA-Asp [97644,97718] 35 (gtc)
[23:16:26] 1 tRNA-Met c[9201,9274] 34 (cat)
[23:16:26] 1 tRNA-Ser [448,535] 35 (gga)
[23:16:26] 2 tRNA-Ser [554,641] 37 (tga)
[23:16:26] Found 41 tRNAs
[23:16:26] Predicting Ribosomal RNAs
[23:16:26] Running Barrnap with 8 threads
[23:16:27] 1 SaanichInlet_120m_212_45 11340 16S ribosomal RNA (partial)
[23:16:27] Found 1 rRNAs
[23:16:27] Skipping ncRNA search, enable with --rfam if desired.
[23:16:27] Total of 41 tRNA + rRNA features
[23:16:27] Searching for CRISPR repeats
[23:16:28] Found 0 CRISPRs
[23:16:28] Predicting coding sequences
[23:16:28] Contigs total 2598761 bp, so using single mode
[23:16:28] Running: prodigal -i \/home\/cho_mb18\/prokka_output\/212\/\/PROKKA_11162018\.fna -c -m -g 11 -p single -f sco -q
[23:16:30] Excluding CDS which overlaps existing RNA (tRNA) at SaanichInlet_120m_212_5:71..547 on + strand
[23:16:30] Excluding CDS which overlaps existing RNA (tRNA) at SaanichInlet_120m_212_11:55864..56157 on + strand
[23:16:31] Excluding CDS which overlaps existing RNA (tRNA) at SaanichInlet_120m_212_29:72411..73292 on + strand
[23:16:31] Excluding CDS which overlaps existing RNA (tRNA) at SaanichInlet_120m_212_64:97387..97653 on + strand
[23:16:31] Found 2244 CDS
[23:16:31] Connecting features back to sequences
[23:16:31] Not using genus-specific database. Try --usegenus to enable it.
[23:16:31] Annotating CDS, please be patient.
[23:16:31] Will use 8 CPUs for similarity searching.
[23:16:32] There are still 2244 unannotated CDS left (started with 2244)
[23:16:32] Will use blast to search against /home/linuxbrew/.linuxbrew/Cellar/prokka/1.13/bin/../db/kingdom/Bacteria/sprot with 8 CPUs
[23:16:32] Running: cat \/home\/cho_mb18\/prokka_output\/212\/\/sprot\.faa | parallel --gnu --plain -j 8 --block 51110 --recstart '>' --pipe blastp -query - -db /home/linuxbrew/.linuxbrew/Cellar/prokka/1.13/bin/../db/kingdom/Bacteria/sprot -evalue 1e-06 -num_threads 1 -num_descriptions 1 -num_alignments 1 -seg no > \/home\/cho_mb18\/prokka_output\/212\/\/sprot\.blast 2> /dev/null
[23:17:27] Modify product: Uncharacterized ABC transporter ATP-binding protein YbiT => putative ABC transporter ATP-binding protein YbiT
[23:17:27] Modify product: Uncharacterized oxidoreductase YjhC => putative oxidoreductase YjhC
[23:17:27] Modify product: Probable adenylyltransferase/sulfurtransferase MoeZ => putative adenylyltransferase/sulfurtransferase MoeZ
[23:17:27] Modify product: Putative HTH-type transcriptional regulator Rv1287 => Putative HTH-type transcriptional regulator
[23:17:27] Modify product: Putative HTH-type transcriptional regulator Rv1287 => Putative HTH-type transcriptional regulator
[23:17:27] Modify product: Probable L-lysine-epsilon aminotransferase => putative L-lysine-epsilon aminotransferase
[23:17:27] Modify product: Probable CtpA-like serine protease => putative CtpA-like serine protease
[23:17:27] Modify product: Uncharacterized protein YfgD => putative protein YfgD
[23:17:27] Modify product: Uncharacterized tRNA/rRNA methyltransferase Rv3579c => putative tRNA/rRNA methyltransferase
[23:17:27] Modify product: Uncharacterized MFS-type transporter Rv0037c => putative MFS-type transporter
[23:17:27] Modify product: UPF0365 protein SA1402 => hypothetical protein
[23:17:27] Modify product: Uncharacterized protein YqeY => putative protein YqeY
[23:17:27] Modify product: Uncharacterized protein BHWA1_00569 => putative protein
[23:17:27] Modify product: Probable oxidoreductase EphD => putative oxidoreductase EphD
[23:17:27] Modify product: Sulfurtransferase Alvin_2599 => Sulfurtransferase
[23:17:27] Modify product: Cyclic di-GMP phosphodiesterase PA4108 => Cyclic di-GMP phosphodiesterase
[23:17:27] Modify product: SCO1 protein homolog => SCO1 protein 
[23:17:27] Modify product: SCO1 protein homolog => SCO1 protein 
[23:17:27] Modify product: Probable bifunctional SAT/APS kinase => putative bifunctional SAT/APS kinase
[23:17:27] Modify product: Probable peptidoglycan glycosyltransferase FtsW => putative peptidoglycan glycosyltransferase FtsW
[23:17:27] Modify product: Uncharacterized NTE family protein Rv1063c => putative NTE family protein
[23:17:27] Modify product: Uncharacterized protein YqeN => putative protein YqeN
[23:17:27] Modify product: Probable diguanylate cyclase DgcE => putative diguanylate cyclase DgcE
[23:17:27] Modify product: Uncharacterized protein HI_1028 => putative protein
[23:17:27] Modify product: Uncharacterized protein TP_0956 => putative protein
[23:17:27] Modify product: Bifunctional protein Rv2228c => Bifunctional protein
[23:17:28] Modify product: Probable enoyl-CoA hydratase echA8 => putative enoyl-CoA hydratase echA8
[23:17:28] Modify product: Uncharacterized protease YdcP => putative protease YdcP
[23:17:28] Modify product: Probable murein peptide carboxypeptidase => putative murein peptide carboxypeptidase
[23:17:28] Modify product: Probable murein peptide carboxypeptidase => putative murein peptide carboxypeptidase
[23:17:28] Modify product: UPF0073 inner membrane protein YqfA => hypothetical protein
[23:17:28] Modify product: Putative esterase HI_1161 => Putative esterase
[23:17:28] Modify product: Probable parvulin-type peptidyl-prolyl cis-trans isomerase => putative parvulin-type peptidyl-prolyl cis-trans isomerase
[23:17:28] Modify product: Uncharacterized protein Rv2926c => putative protein
[23:17:28] Modify product: Uncharacterized protein Rv1829 => putative protein
[23:17:28] Modify product: UPF0176 protein YceA => hypothetical protein
[23:17:28] Modify product: Uncharacterized symporter YidK => putative symporter YidK
[23:17:28] Modify product: Probable polyketide biosynthesis zinc-dependent hydrolase BaeB => putative polyketide biosynthesis zinc-dependent hydrolase BaeB
[23:17:28] Modify product: Probable ATP-dependent transporter SufC => putative ATP-dependent transporter SufC
[23:17:28] Modify product: Protein aq_1857 => Protein
[23:17:28] Modify product: Uncharacterized protein NMB0459 => putative protein
[23:17:28] Modify product: Probable iron-sulfur-binding oxidoreductase FadF => putative iron-sulfur-binding oxidoreductase FadF
[23:17:28] Modify product: Uncharacterized MFS-type transporter YhjX => putative MFS-type transporter YhjX
[23:17:28] Modify product: Uncharacterized ABC transporter ATP-binding protein YknY => putative ABC transporter ATP-binding protein YknY
[23:17:28] Modify product: PGL/p-HBAD biosynthesis glycosyltransferase Rv2957 => PGL/p-HBAD biosynthesis glycosyltransferase
[23:17:28] Modify product: Cyclic nucleotide-gated potassium channel mll3241 => Cyclic nucleotide-gated potassium channel
[23:17:28] Modify product: Uncharacterized sugar transferase EpsL => putative sugar transferase EpsL
[23:17:28] Modify product: Probable iron export permease protein FetB => putative iron export permease protein FetB
[23:17:28] Modify product: Probable tRNA-dihydrouridine synthase => putative tRNA-dihydrouridine synthase
[23:17:28] Modify product: Urea transporter DVU1160 => Urea transporter
[23:17:28] Modify product: Probable cold shock protein A => putative cold shock protein A
[23:17:28] Modify product: Probable quorum-quenching lactonase YtnP => putative quorum-quenching lactonase YtnP
[23:17:28] Modify product: Acetyltransferase SACOL1063 => Acetyltransferase
[23:17:28] Modify product: Oxygen-independent coproporphyrinogen-III oxidase-like protein LL1139 => Oxygen-independent coproporphyrinogen-III oxidase-like protein
[23:17:28] Modify product: Uncharacterized protein YisK => putative protein YisK
[23:17:28] Modify product: Probable ABC transporter ATP-binding protein NosF => putative ABC transporter ATP-binding protein NosF
[23:17:28] Modify product: Uncharacterized ABC transporter ATP-binding protein YadG => putative ABC transporter ATP-binding protein YadG
[23:17:28] Modify product: UPF0301 protein VC_0467 => hypothetical protein
[23:17:28] Modify product: Probable butyrate kinase 2 => putative butyrate kinase 2
[23:17:28] Modify product: UPF0145 protein YbjQ => hypothetical protein
[23:17:28] Modify product: Uncharacterized metal-dependent hydrolase YcfH => putative metal-dependent hydrolase YcfH
[23:17:28] Modify product: Uncharacterized protein HI_0933 => putative protein
[23:17:28] Modify product: UPF0053 protein HI_0107 => hypothetical protein
[23:17:28] Modify product: Uncharacterized protein YhaP => putative protein YhaP
[23:17:28] Modify product: Uncharacterized acyl-CoA thioester hydrolase HI_0827 => putative acyl-CoA thioester hydrolase
[23:17:28] Modify product: UPF0065 protein in clcB-clcD intergenic region => hypothetical protein
[23:17:28] Modify product: Uncharacterized protein YjiK => putative protein YjiK
[23:17:28] Modify product: Sulfurtransferase Alvin_2599 => Sulfurtransferase
[23:17:28] Modify product: Probable FMN/FAD exporter YeeO => putative FMN/FAD exporter YeeO
[23:17:28] Modify product: Probable Ni/Fe-hydrogenase 2 b-type cytochrome subunit => putative Ni/Fe-hydrogenase 2 b-type cytochrome subunit
[23:17:28] Modify product: Uncharacterized MFS-type transporter YhjX => putative MFS-type transporter YhjX
[23:17:28] Modify product: Uncharacterized protein YciH => putative protein YciH
[23:17:28] Modify product: Uncharacterized protein HI_1048 => putative protein
[23:17:28] Modify product: Bifunctional protein FolD => Bifunctional protein FolD protein
[23:17:28] Modify product: Uncharacterized ABC transporter ATP-binding protein YxlF => putative ABC transporter ATP-binding protein YxlF
[23:17:28] Modify product: Probable adenylyltransferase/sulfurtransferase MoeZ => putative adenylyltransferase/sulfurtransferase MoeZ
[23:17:29] Modify product: Uncharacterized oxidoreductase Rv2900c => putative oxidoreductase
[23:17:29] Modify product: Putative peroxiredoxin Rv2521 => Putative peroxiredoxin
[23:17:29] Modify product: UPF0056 inner membrane protein MarC => hypothetical protein
[23:17:29] Modify product: Uncharacterized protein Rv1480 => putative protein
[23:17:29] Modify product: Probable dual-specificity RNA methyltransferase RlmN => putative dual-specificity RNA methyltransferase RlmN
[23:17:29] Modify product: Uncharacterized hydrolase YxeP => putative hydrolase YxeP
[23:17:29] Modify product: Probable 2,4-dienoyl-CoA reductase => putative 2,4-dienoyl-CoA reductase
[23:17:29] Modify product: Uncharacterized protein Atu1656 => putative protein
[23:17:29] Modify product: Uncharacterized protein HI_1163 => putative protein
[23:17:29] Modify product: Uncharacterized protein HI_1162 => putative protein
[23:17:29] Modify product: Probable type I restriction enzyme BthVORF4518P M protein => putative type I restriction enzymeP M protein
[23:17:29] Modify product: Probable 2-dehydro-3-deoxy-D-pentonate aldolase YjhH => putative 2-dehydro-3-deoxy-D-pentonate aldolase YjhH
[23:17:29] Modify product: Uncharacterized protein Rv1480 => putative protein
[23:17:29] Modify product: pH-sensitive adenylate cyclase Rv1264 => pH-sensitive adenylate cyclase
[23:17:29] Modify product: Uncharacterized protein NMB0459 => putative protein
[23:17:29] Modify product: UPF0109 protein Rv2908c => hypothetical protein
[23:17:29] Modify product: UPF0382 membrane protein YwdK => hypothetical protein
[23:17:29] Modify product: Uncharacterized protein HI_0755 => putative protein
[23:17:29] Modify product: Probable molybdenum cofactor guanylyltransferase => putative molybdenum cofactor guanylyltransferase
[23:17:29] Modify product: Probable cysteine desulfurase => putative cysteine desulfurase
[23:17:29] Modify product: Probable nicotinate-nucleotide pyrophosphorylase [carboxylating] => putative nicotinate-nucleotide pyrophosphorylase [carboxylating]
[23:17:29] Modify product: Putative HTH-type transcriptional regulator Rv1287 => Putative HTH-type transcriptional regulator
[23:17:29] Modify product: Uncharacterized HTH-type transcriptional regulator YfiR => putative HTH-type transcriptional regulator YfiR
[23:17:29] Modify product: Probable acyl-CoA dehydrogenase => putative acyl-CoA dehydrogenase
[23:17:29] Modify product: Probable 3-hydroxyacyl-CoA dehydrogenase => putative 3-hydroxyacyl-CoA dehydrogenase
[23:17:29] Modify product: Uncharacterized peptidase Lmo0363 => putative peptidase
[23:17:29] Modify product: Uncharacterized protein Rv0560c => putative protein
[23:17:29] Modify product: Putative O-methyltransferase Rv1220c => Putative O-methyltransferase
[23:17:29] Modify product: UPF0758 protein => hypothetical protein
[23:17:29] Modify product: Uncharacterized protein YhaZ => putative protein YhaZ
[23:17:29] Modify product: UPF0701 protein HI_0467 => hypothetical protein
[23:17:29] Modify product: Transcriptional repressor SmtB homolog => Transcriptional repressor SmtB 
[23:17:29] Modify product: Uncharacterized ABC transporter ATP-binding protein YxlF => putative ABC transporter ATP-binding protein YxlF
[23:17:29] Modify product: Probable methylmalonyl-CoA mutase large subunit => putative methylmalonyl-CoA mutase large subunit
[23:17:29] Modify product: Uncharacterized protein YccU => putative protein YccU
[23:17:29] Modify product: Segregation and condensation protein B homolog => Segregation and condensation protein B 
[23:17:29] Modify product: Transcriptional repressor SmtB homolog => Transcriptional repressor SmtB 
[23:17:30] Modify product: Uncharacterized ABC transporter ATP-binding protein YheS => putative ABC transporter ATP-binding protein YheS
[23:17:30] Modify product: UPF0246 protein YaaA => hypothetical protein
[23:17:30] Modify product: Uncharacterized ABC transporter ATP-binding protein YknY => putative ABC transporter ATP-binding protein YknY
[23:17:30] Modify product: Probable copper-importing P-type ATPase A => putative copper-importing P-type ATPase A
[23:17:30] Modify product: Uncharacterized oxidoreductase Rv1350 => putative oxidoreductase
[23:17:30] Modify product: Putative cystathionine beta-synthase Rv1077 => Putative cystathionine beta-synthase
[23:17:30] Modify product: Putative esterase aq_1494 => Putative esterase
[23:17:30] Modify product: Probable undecaprenyl-phosphate N-acetylglucosaminyl 1-phosphate transferase => putative undecaprenyl-phosphate N-acetylglucosaminyl 1-phosphate transferase
[23:17:30] Modify product: Probable GTPase Rv1496 => putative GTPase
[23:17:30] Modify product: Probable ATP-dependent helicase DinG homolog => putative ATP-dependent helicase DinG 
[23:17:30] Modify product: Probable transcriptional regulatory protein DVU_2259 => putative transcriptional regulatory protein
[23:17:30] Modify product: UPF0353 protein Rv1481 => hypothetical protein
[23:17:30] Cleaned 125 /product names
[23:17:30] Deleting unwanted file: /home/cho_mb18/prokka_output/212//sprot.faa
[23:17:30] Deleting unwanted file: /home/cho_mb18/prokka_output/212//sprot.blast
[23:17:30] There are still 1011 unannotated CDS left (started with 2244)
[23:17:30] Will use hmmer3 to search against /home/linuxbrew/.linuxbrew/Cellar/prokka/1.13/bin/../db/hmm/HAMAP.hmm with 8 CPUs
[23:17:30] Running: cat \/home\/cho_mb18\/prokka_output\/212\/\/HAMAP\.hmm\.faa | parallel --gnu --plain -j 8 --block 21303 --recstart '>' --pipe hmmscan --noali --notextw --acc -E 1e-06 --cpu 1 /home/linuxbrew/.linuxbrew/Cellar/prokka/1.13/bin/../db/hmm/HAMAP.hmm /dev/stdin > \/home\/cho_mb18\/prokka_output\/212\/\/HAMAP\.hmm\.hmmer3 2> /dev/null
[23:17:49] Modify product: Uncharacterized Nudix hydrolase NudL => putative Nudix hydrolase NudL
[23:17:49] Cleaned 1 /product names
[23:17:49] Deleting unwanted file: /home/cho_mb18/prokka_output/212//HAMAP.hmm.faa
[23:17:49] Deleting unwanted file: /home/cho_mb18/prokka_output/212//HAMAP.hmm.hmmer3
[23:17:49] Labelling remaining 942 proteins as 'hypothetical protein'
[23:17:49] Possible /pseudo 'Peroxiredoxin Bcp' at SaanichInlet_120m_212_5 position 19759
[23:17:49] Possible /pseudo 'Macrolide export ATP-binding/permease protein MacB' at SaanichInlet_120m_212_5 position 53160
[23:17:49] Possible /pseudo '3-oxoacyl-[acyl-carrier-protein] reductase FabG' at SaanichInlet_120m_212_9 position 51544
[23:17:49] Possible /pseudo 'putative protein' at SaanichInlet_120m_212_11 position 24486
[23:17:49] Possible /pseudo 'Putative peroxiredoxin bcp' at SaanichInlet_120m_212_12 position 50582
[23:17:49] Possible /pseudo 'Putative HTH-type transcriptional regulator' at SaanichInlet_120m_212_14 position 15994
[23:17:49] Possible /pseudo 'Pyruvate synthase' at SaanichInlet_120m_212_29 position 18281
[23:17:49] Possible /pseudo 'Chitodextrinase' at SaanichInlet_120m_212_29 position 42902
[23:17:49] Possible /pseudo 'Imidazolonepropionase' at SaanichInlet_120m_212_44 position 21610
[23:17:49] Possible /pseudo 'Acetolactate synthase small subunit' at SaanichInlet_120m_212_55 position 33274
[23:17:49] Possible /pseudo 'Bifunctional PGK/TIM' at SaanichInlet_120m_212_61 position 85395
[23:17:49] Possible /pseudo 'Phosphoenolpyruvate carboxylase' at SaanichInlet_120m_212_73 position 11298
[23:17:49] Found 995 unique /gene codes.
[23:17:49] Fixed 3 duplicate /gene - mepM_1 mepM_2 mepM_3
[23:17:49] Fixed 2 duplicate /gene - pilQ_1 pilQ_2
[23:17:49] Fixed 2 duplicate /gene - apbE_1 apbE_2
[23:17:49] Fixed 2 duplicate /gene - ykfA_1 ykfA_2
[23:17:49] Fixed 2 duplicate /gene - mgl_1 mgl_2
[23:17:49] Fixed 2 duplicate /gene - spo0J_1 spo0J_2
[23:17:49] Fixed 2 duplicate /gene - sigW_1 sigW_2
[23:17:49] Fixed 2 duplicate /gene - tam_1 tam_2
[23:17:49] Fixed 2 duplicate /gene - plsX_1 plsX_2
[23:17:49] Fixed 2 duplicate /gene - yknY_1 yknY_2
[23:17:49] Fixed 2 duplicate /gene - galK_1 galK_2
[23:17:49] Fixed 2 duplicate /gene - hisC_1 hisC_2
[23:17:49] Fixed 2 duplicate /gene - fusA_1 fusA_2
[23:17:49] Fixed 2 duplicate /gene - natA_1 natA_2
[23:17:49] Fixed 3 duplicate /gene - plsC_1 plsC_2 plsC_3
[23:17:49] Fixed 2 duplicate /gene - phoA_1 phoA_2
[23:17:49] Fixed 2 duplicate /gene - dut_1 dut_2
[23:17:49] Fixed 3 duplicate /gene - hutI_1 hutI_2 hutI_3
[23:17:49] Fixed 2 duplicate /gene - dnaX_1 dnaX_2
[23:17:49] Fixed 2 duplicate /gene - ftsA_1 ftsA_2
[23:17:49] Fixed 2 duplicate /gene - slmA_1 slmA_2
[23:17:49] Fixed 3 duplicate /gene - gph_1 gph_2 gph_3
[23:17:49] Fixed 2 duplicate /gene - copA_1 copA_2
[23:17:49] Fixed 2 duplicate /gene - susC_1 susC_2
[23:17:49] Fixed 3 duplicate /gene - bamA_1 bamA_2 bamA_3
[23:17:49] Fixed 2 duplicate /gene - hldE_1 hldE_2
[23:17:49] Fixed 5 duplicate /gene - iolG_1 iolG_2 iolG_3 iolG_4 iolG_5
[23:17:49] Fixed 2 duplicate /gene - DmdB_1 DmdB_2
[23:17:49] Fixed 5 duplicate /gene - resA_1 resA_2 resA_3 resA_4 resA_5
[23:17:49] Fixed 2 duplicate /gene - pyrG_1 pyrG_2
[23:17:49] Fixed 3 duplicate /gene - scpA_1 scpA_2 scpA_3
[23:17:49] Fixed 2 duplicate /gene - leuA_1 leuA_2
[23:17:49] Fixed 2 duplicate /gene - yteT_1 yteT_2
[23:17:49] Fixed 2 duplicate /gene - soj_1 soj_2
[23:17:49] Fixed 2 duplicate /gene - zraR_1 zraR_2
[23:17:49] Fixed 3 duplicate /gene - epsE_1 epsE_2 epsE_3
[23:17:49] Fixed 2 duplicate /gene - acsA_1 acsA_2
[23:17:49] Fixed 8 duplicate /gene - sglT_1 sglT_2 sglT_3 sglT_4 sglT_5 sglT_6 sglT_7 sglT_8
[23:17:49] Fixed 2 duplicate /gene - thrB_1 thrB_2
[23:17:49] Fixed 2 duplicate /gene - gltX_1 gltX_2
[23:17:49] Fixed 2 duplicate /gene - nnr_1 nnr_2
[23:17:49] Fixed 2 duplicate /gene - bshA_1 bshA_2
[23:17:49] Fixed 3 duplicate /gene - ubiG_1 ubiG_2 ubiG_3
[23:17:49] Fixed 2 duplicate /gene - por_1 por_2
[23:17:49] Fixed 3 duplicate /gene - ywaD_1 ywaD_2 ywaD_3
[23:17:49] Fixed 2 duplicate /gene - groS3_1 groS3_2
[23:17:49] Fixed 2 duplicate /gene - galE_1 galE_2
[23:17:49] Fixed 2 duplicate /gene - secA_1 secA_2
[23:17:49] Fixed 2 duplicate /gene - mngB_1 mngB_2
[23:17:49] Fixed 2 duplicate /gene - kch_1 kch_2
[23:17:49] Fixed 2 duplicate /gene - dnaE_1 dnaE_2
[23:17:49] Fixed 2 duplicate /gene - dsbD_1 dsbD_2
[23:17:49] Fixed 3 duplicate /gene - tadA_1 tadA_2 tadA_3
[23:17:49] Fixed 2 duplicate /gene - yhjX_1 yhjX_2
[23:17:49] Fixed 2 duplicate /gene - rsmD_1 rsmD_2
[23:17:49] Fixed 3 duplicate /gene - ppc_1 ppc_2 ppc_3
[23:17:49] Fixed 2 duplicate /gene - lgt_1 lgt_2
[23:17:49] Fixed 2 duplicate /gene - endo I_1 endo I_2
[23:17:49] Fixed 2 duplicate /gene - lapB_1 lapB_2
[23:17:49] Fixed 6 duplicate /gene - btuB_1 btuB_2 btuB_3 btuB_4 btuB_5 btuB_6
[23:17:49] Fixed 5 duplicate /gene - tolB_1 tolB_2 tolB_3 tolB_4 tolB_5
[23:17:49] Fixed 2 duplicate /gene - rsxB_1 rsxB_2
[23:17:49] Fixed 2 duplicate /gene - apaG_1 apaG_2
[23:17:49] Fixed 2 duplicate /gene - mscS_1 mscS_2
[23:17:49] Fixed 3 duplicate /gene - bepA_1 bepA_2 bepA_3
[23:17:49] Fixed 3 duplicate /gene - ycf3_1 ycf3_2 ycf3_3
[23:17:49] Fixed 2 duplicate /gene - qrcA_1 qrcA_2
[23:17:49] Fixed 3 duplicate /gene - macB_1 macB_2 macB_3
[23:17:49] Fixed 2 duplicate /gene - cphA_1 cphA_2
[23:17:49] Fixed 2 duplicate /gene - lysA_1 lysA_2
[23:17:49] Fixed 2 duplicate /gene - greA_1 greA_2
[23:17:49] Fixed 2 duplicate /gene - cefD_1 cefD_2
[23:17:49] Fixed 3 duplicate /gene - rpoE_1 rpoE_2 rpoE_3
[23:17:49] Fixed 2 duplicate /gene - suhB_1 suhB_2
[23:17:49] Fixed 13 duplicate /gene - oar_1 oar_2 oar_3 oar_4 oar_5 oar_6 oar_7 oar_8 oar_9 oar_10 oar_11 oar_12 oar_13
[23:17:49] Fixed 2 duplicate /gene - gpsA_1 gpsA_2
[23:17:49] Fixed 2 duplicate /gene - xghA_1 xghA_2
[23:17:49] Fixed 3 duplicate /gene - pepN_1 pepN_2 pepN_3
[23:17:49] Fixed 2 duplicate /gene - korA_1 korA_2
[23:17:49] Fixed 2 duplicate /gene - petB_1 petB_2
[23:17:49] Fixed 2 duplicate /gene - lysDH_1 lysDH_2
[23:17:49] Fixed 2 duplicate /gene - hupA_1 hupA_2
[23:17:49] Fixed 2 duplicate /gene - nagB_1 nagB_2
[23:17:49] Fixed 4 duplicate /gene - bamD_1 bamD_2 bamD_3 bamD_4
[23:17:49] Fixed 2 duplicate /gene - guaB_1 guaB_2
[23:17:49] Fixed 2 duplicate /gene - trxB_1 trxB_2
[23:17:49] Fixed 2 duplicate /gene - pgk/tpi_1 pgk/tpi_2
[23:17:49] Fixed 2 duplicate /gene - uhpC_1 uhpC_2
[23:17:49] Fixed 2 duplicate /gene - putP_1 putP_2
[23:17:49] Fixed 2 duplicate /gene - alsT_1 alsT_2
[23:17:49] Fixed 2 duplicate /gene - tufA_1 tufA_2
[23:17:49] Fixed 2 duplicate /gene - algC_1 algC_2
[23:17:49] Fixed 2 duplicate /gene - cysA_1 cysA_2
[23:17:49] Fixed 3 duplicate /gene - fabG_1 fabG_2 fabG_3
[23:17:49] Fixed 5 duplicate /gene - bcp_1 bcp_2 bcp_3 bcp_4 bcp_5
[23:17:49] Fixed 3 duplicate /gene - pgsA_1 pgsA_2 pgsA_3
[23:17:49] Fixed 3 duplicate /gene - opuE_1 opuE_2 opuE_3
[23:17:49] Fixed 2 duplicate /gene - steT_1 steT_2
[23:17:49] Fixed 3 duplicate /gene - yabJ_1 yabJ_2 yabJ_3
[23:17:49] Fixed 2 duplicate /gene - glpE_1 glpE_2
[23:17:49] Fixed 2 duplicate /gene - trpB_1 trpB_2
[23:17:49] Fixed 2 duplicate /gene - mmuM_1 mmuM_2
[23:17:49] Fixed 2 duplicate /gene - pglF_1 pglF_2
[23:17:49] Fixed 3 duplicate /gene - cphB_1 cphB_2 cphB_3
[23:17:49] Fixed 2 duplicate /gene - sdcS_1 sdcS_2
[23:17:49] Fixed 2 duplicate /gene - ziaR_1 ziaR_2
[23:17:49] Fixed 2 duplicate /gene - atpH_1 atpH_2
[23:17:49] Fixed 2 duplicate /gene - mltB_1 mltB_2
[23:17:49] Fixed 2 duplicate /gene - coaD_1 coaD_2
[23:17:49] Fixed 2 duplicate /gene - kdsB_1 kdsB_2
[23:17:49] Fixed 2 duplicate /gene - sufT_1 sufT_2
[23:17:49] Fixed 2 duplicate /gene - trxA_1 trxA_2
[23:17:49] Fixed 2 duplicate /gene - allB_1 allB_2
[23:17:49] Fixed 2 duplicate /gene - cotH_1 cotH_2
[23:17:49] Fixed 2 duplicate /gene - moeZ_1 moeZ_2
[23:17:49] Fixed 2 duplicate /gene - motB_1 motB_2
[23:17:49] Fixed 2 duplicate /gene - xerC_1 xerC_2
[23:17:49] Fixed 2 duplicate /gene - rgpB_1 rgpB_2
[23:17:49] Fixed 2 duplicate /gene - glpQ_1 glpQ_2
[23:17:49] Fixed 2 duplicate /gene - icd_1 icd_2
[23:17:49] Fixed 2 duplicate /gene - korB_1 korB_2
[23:17:49] Fixed 2 duplicate /gene - dnaJ_1 dnaJ_2
[23:17:49] Fixed 2 duplicate /gene - ilvH_1 ilvH_2
[23:17:49] Fixed 2 duplicate /gene - gabD_1 gabD_2
[23:17:49] Fixed 3 duplicate /gene - fabH_1 fabH_2 fabH_3
[23:17:49] Fixed 2 duplicate /gene - gltA_1 gltA_2
[23:17:49] Fixed 2 duplicate /gene - arnC_1 arnC_2
[23:17:49] Fixed 2 duplicate /gene - ypmQ_1 ypmQ_2
[23:17:49] Fixed 2 duplicate /gene - pomA_1 pomA_2
[23:17:49] Fixed 3 duplicate /gene - smc_1 smc_2 smc_3
[23:17:49] Fixed 2 duplicate /gene - clcA_1 clcA_2
[23:17:49] Fixed 2 duplicate /gene - pyk_1 pyk_2
[23:17:49] Fixed 2 duplicate /gene - ravA_1 ravA_2
[23:17:49] Fixed 4 duplicate /gene - cirA_1 cirA_2 cirA_3 cirA_4
[23:17:49] Fixed 2 duplicate /gene - aldA_1 aldA_2
[23:17:49] Fixed 2 duplicate /gene - yngG_1 yngG_2
[23:17:49] Fixed 2 duplicate /gene - yxlF_1 yxlF_2
[23:17:49] Fixed 137 colliding /gene names.
[23:17:49] Adding /locus_tag identifiers
[23:17:49] Assigned 2286 locus_tags to CDS and RNA features.
[23:17:49] Writing outputs to /home/cho_mb18/prokka_output/212//
[23:17:52] Generating annotation statistics file
[23:17:52] Generating Genbank and Sequin files
[23:17:52] Running: tbl2asn -V b -a r10k -l paired-ends -M n -N 1 -y 'Annotated using prokka 1.13 from https://github.com/tseemann/prokka' -Z \/home\/cho_mb18\/prokka_output\/212\/\/PROKKA_11162018\.err -i \/home\/cho_mb18\/prokka_output\/212\/\/PROKKA_11162018\.fsa 2> /dev/null
[23:17:59] Deleting unwanted file: /home/cho_mb18/prokka_output/212//errorsummary.val
[23:17:59] Deleting unwanted file: /home/cho_mb18/prokka_output/212//PROKKA_11162018.dr
[23:17:59] Deleting unwanted file: /home/cho_mb18/prokka_output/212//PROKKA_11162018.fixedproducts
[23:17:59] Deleting unwanted file: /home/cho_mb18/prokka_output/212//PROKKA_11162018.ecn
[23:17:59] Deleting unwanted file: /home/cho_mb18/prokka_output/212//PROKKA_11162018.val
[23:17:59] Repairing broken .GBK output that tbl2asn produces...
[23:17:59] Running: sed 's/COORDINATES: profile/COORDINATES:profile/' < \/home\/cho_mb18\/prokka_output\/212\/\/PROKKA_11162018\.gbf > \/home\/cho_mb18\/prokka_output\/212\/\/PROKKA_11162018\.gbk
[23:18:00] Deleting unwanted file: /home/cho_mb18/prokka_output/212//PROKKA_11162018.gbf
[23:18:00] Output files:
[23:18:00] /home/cho_mb18/prokka_output/212/PROKKA_11162018.log
[23:18:00] /home/cho_mb18/prokka_output/212/PROKKA_11162018.fna
[23:18:00] /home/cho_mb18/prokka_output/212/PROKKA_11162018.gff
[23:18:00] /home/cho_mb18/prokka_output/212/PROKKA_11162018.faa
[23:18:00] /home/cho_mb18/prokka_output/212/PROKKA_11162018.ffn
[23:18:00] /home/cho_mb18/prokka_output/212/PROKKA_11162018.tbl
[23:18:00] /home/cho_mb18/prokka_output/212/PROKKA_11162018.fsa
[23:18:00] /home/cho_mb18/prokka_output/212/PROKKA_11162018.tsv
[23:18:00] /home/cho_mb18/prokka_output/212/PROKKA_11162018.txt
[23:18:00] /home/cho_mb18/prokka_output/212/PROKKA_11162018.gbk
[23:18:00] /home/cho_mb18/prokka_output/212/PROKKA_11162018.sqn
[23:18:00] /home/cho_mb18/prokka_output/212/PROKKA_11162018.err
[23:18:00] Annotation finished successfully.
[23:18:00] Walltime used: 1.63 minutes
[23:18:00] If you use this result please cite the Prokka paper:
[23:18:00] Seemann T (2014) Prokka: rapid prokaryotic genome annotation. Bioinformatics. 30(14):2068-9.
[23:18:00] Type 'prokka --citation' for more details.
[23:18:00] Thank you, come again.
